[2021-07-09 11:09:29,080][Thread-1:32152][task_id:lts.views][views.py:2107][ERROR][修改产品列表失败,tuple indices must be integers or slices, not str]
[2021-07-09 11:23:41,942][Thread-2:30264][task_id:lts.views][views.py:1869][ERROR][新增产品列表成功]
[2021-07-09 11:24:10,488][Thread-2:30264][task_id:lts.views][views.py:1869][ERROR][新增产品列表成功]
[2021-07-09 11:25:26,107][Thread-1:18560][task_id:lts.views][views.py:1869][ERROR][新增产品列表成功]
[2021-07-09 11:26:10,547][Thread-1:18560][task_id:lts.views][views.py:1869][ERROR][新增产品列表成功]
[2021-07-09 11:26:13,163][Thread-1:18560][task_id:lts.views][views.py:1869][ERROR][新增产品列表成功]
[2021-07-09 11:26:15,006][Thread-1:18560][task_id:lts.views][views.py:1869][ERROR][新增产品列表成功]
[2021-07-09 11:26:33,333][Thread-1:18560][task_id:lts.views][views.py:1869][ERROR][新增产品列表成功]
[2021-07-09 11:29:15,835][Thread-1:1284][task_id:lts.views][views.py:1871][ERROR][新增产品列表成功]
[2021-07-09 11:31:27,102][Thread-1:9628][task_id:lts.views][views.py:1871][ERROR][查询产品列表失败]
[2021-07-09 11:32:42,334][Thread-1:32356][task_id:lts.views][views.py:1873][ERROR][查询产品列表失败]
[2021-07-09 11:33:17,141][Thread-1:29536][task_id:lts.views][views.py:1873][ERROR][查询产品列表失败]
[2021-07-09 11:55:25,223][Thread-1:30688][task_id:django.request][log.py:230][ERROR][Internal Server Error: /logistic/LogisticShowDatabase]
Traceback (most recent call last):
  File "C:\Users\zhi.zhou\Anaconda3\envs\lts\lib\site-packages\django\core\handlers\exception.py", line 47, in inner
    response = get_response(request)
  File "C:\Users\zhi.zhou\Anaconda3\envs\lts\lib\site-packages\django\core\handlers\base.py", line 188, in _get_response
    self.check_response(response, callback)
  File "C:\Users\zhi.zhou\Anaconda3\envs\lts\lib\site-packages\django\core\handlers\base.py", line 311, in check_response
    "instead." % name
ValueError: The view lts.views.ShowDatabase didn't return an HttpResponse object. It returned None instead.
[2021-07-09 11:58:29,508][Thread-2:20532][task_id:lts.views][views.py:1989][ERROR][创建产品详情表失败]
[2021-07-09 12:39:27,989][Thread-2:7032][task_id:lts.views][views.py:1993][ERROR][创建产品详情表失败]
[2021-07-09 12:39:59,511][Thread-2:7032][task_id:lts.views][views.py:1993][ERROR][创建产品详情表失败]
[2021-07-09 12:40:20,107][Thread-2:7032][task_id:lts.views][views.py:1993][ERROR][创建产品详情表失败]
[2021-07-09 12:43:52,546][Thread-1:24304][task_id:lts.views][views.py:1993][ERROR][创建产品详情表失败]
[2021-07-09 12:45:10,685][Thread-1:24304][task_id:lts.views][views.py:1993][ERROR][创建产品详情表失败]
[2021-07-09 12:48:55,929][Thread-1:24304][task_id:lts.views][views.py:1993][ERROR][创建产品详情表失败]
[2021-07-09 12:53:13,555][Thread-1:24736][task_id:lts.views][views.py:1999][ERROR][创建产品详情表失败]
[2021-07-09 12:53:29,815][Thread-1:24736][task_id:lts.views][views.py:1999][ERROR][创建产品详情表失败]
[2021-07-09 12:54:30,898][Thread-1:24736][task_id:lts.views][views.py:1999][ERROR][创建产品详情表失败]
[2021-07-09 12:55:10,114][Thread-1:24736][task_id:lts.views][views.py:1999][ERROR][创建产品详情表失败]
[2021-07-09 12:55:16,634][Thread-1:24736][task_id:lts.views][views.py:1999][ERROR][创建产品详情表失败]
[2021-07-09 12:58:25,983][Thread-1:21872][task_id:lts.views][views.py:1998][ERROR][创建产品详情表失败]
[2021-07-09 12:58:40,597][Thread-2:32676][task_id:lts.views][views.py:1998][ERROR][创建产品详情表失败]
[2021-07-09 13:00:29,827][Thread-1:21872][task_id:lts.views][views.py:1998][ERROR][创建产品详情表失败]
[2021-07-09 13:01:29,492][Thread-2:32676][task_id:lts.views][views.py:1998][ERROR][创建产品详情表失败]
[2021-07-09 13:02:31,785][Thread-3:5992][task_id:lts.views][views.py:1998][ERROR][创建产品详情表失败]
[2021-07-09 13:03:31,342][Thread-1:21872][task_id:lts.views][views.py:1998][ERROR][创建产品详情表失败]
[2021-07-09 13:04:09,349][Thread-1:21872][task_id:lts.views][views.py:1998][ERROR][创建产品详情表失败]
[2021-07-09 13:04:14,046][Thread-2:32676][task_id:lts.views][views.py:1998][ERROR][创建产品详情表失败]
[2021-07-09 13:04:40,574][Thread-2:32676][task_id:lts.views][views.py:1998][ERROR][创建产品详情表失败]
[2021-07-09 13:04:45,339][Thread-2:32676][task_id:lts.views][views.py:1998][ERROR][创建产品详情表失败]
[2021-07-09 13:07:50,706][Thread-4:32044][task_id:lts.views][views.py:2082][ERROR][修改失败---->'NoneType' object is not iterable]
[2021-07-09 13:08:05,828][Thread-2:32676][task_id:lts.views][views.py:1998][ERROR][创建产品详情表失败]
[2021-07-09 13:10:56,498][Thread-2:32676][task_id:lts.views][views.py:1998][ERROR][创建产品详情表失败]
[2021-07-09 13:11:25,885][Thread-2:32676][task_id:lts.views][views.py:1998][ERROR][创建产品详情表失败]
[2021-07-09 13:15:32,210][Thread-1:33436][task_id:lts.views][views.py:1999][ERROR][创建产品详情表失败]
[2021-07-09 13:19:34,268][Thread-1:33436][task_id:lts.views][views.py:1999][ERROR][创建产品详情表失败]
[2021-07-09 13:21:47,015][Thread-1:33436][task_id:lts.views][views.py:1999][ERROR][创建产品详情表失败]
[2021-07-09 13:23:24,619][Thread-1:33436][task_id:lts.views][views.py:1999][ERROR][创建产品详情表失败]
[2021-07-09 13:23:54,427][Thread-1:33436][task_id:lts.views][views.py:1999][ERROR][创建产品详情表失败]
[2021-07-09 13:25:36,438][Thread-1:30572][task_id:lts.views][views.py:2001][ERROR][创建产品详情表失败]
[2021-07-09 13:26:14,769][Thread-1:32912][task_id:lts.views][views.py:2002][ERROR][创建产品详情表失败]
[2021-07-09 13:28:21,630][Thread-1:21652][task_id:lts.views][views.py:2002][ERROR][创建产品详情表失败]
[2021-07-09 13:28:48,183][Thread-1:29968][task_id:lts.views][views.py:2002][ERROR][创建产品详情表失败]
[2021-07-09 13:29:13,408][Thread-1:11124][task_id:lts.views][views.py:2002][ERROR][创建产品详情表失败]
[2021-07-09 13:29:48,327][Thread-1:13340][task_id:lts.views][views.py:2003][ERROR][创建产品详情表失败]
[2021-07-09 13:30:04,905][Thread-1:9848][task_id:lts.views][views.py:2003][ERROR][创建产品详情表失败]
[2021-07-09 13:41:22,354][Thread-1:9848][task_id:lts.views][views.py:2003][ERROR][创建产品详情表失败]
[2021-07-09 13:41:56,328][Thread-1:27768][task_id:lts.views][views.py:2003][ERROR][创建产品详情表失败]
[2021-07-09 13:42:18,965][Thread-1:27768][task_id:lts.views][views.py:2003][ERROR][创建产品详情表失败]
[2021-07-09 13:42:49,455][Thread-1:25088][task_id:lts.views][views.py:2003][ERROR][创建产品详情表失败]
[2021-07-09 13:44:03,733][Thread-1:25088][task_id:lts.views][views.py:2003][ERROR][创建产品详情表失败]
[2021-07-09 13:48:32,985][Thread-1:25088][task_id:lts.views][views.py:2003][ERROR][创建产品详情表失败]
[2021-07-09 13:55:33,295][Thread-1:25088][task_id:lts.views][views.py:2003][ERROR][创建产品详情表失败]
[2021-07-09 13:56:42,977][Thread-1:30456][task_id:lts.views][views.py:2004][ERROR][创建产品详情表失败]
[2021-07-09 13:57:02,477][Thread-1:28440][task_id:lts.views][views.py:2004][ERROR][创建产品详情表失败]
[2021-07-09 13:59:46,943][Thread-1:27624][task_id:lts.views][views.py:2004][ERROR][创建产品详情表失败]
[2021-07-09 14:00:28,364][Thread-1:11552][task_id:lts.views][views.py:2004][ERROR][创建产品详情表失败]
[2021-07-09 14:01:39,892][Thread-1:6436][task_id:lts.views][views.py:2009][ERROR][创建产品详情表失败]
[2021-07-09 14:02:01,968][Thread-1:17136][task_id:lts.views][views.py:2010][ERROR][创建产品详情表失败]
[2021-07-09 14:03:19,877][Thread-1:19384][task_id:lts.views][views.py:2011][ERROR][创建产品详情表失败]
[2021-07-09 14:03:58,644][Thread-1:29584][task_id:lts.views][views.py:2014][ERROR][创建产品详情表失败]
[2021-07-09 14:04:20,367][Thread-1:13704][task_id:lts.views][views.py:2015][ERROR][创建产品详情表失败]
[2021-07-09 14:06:00,465][Thread-1:32056][task_id:lts.views][views.py:2016][ERROR][创建产品详情表失败]
[2021-07-09 14:06:27,307][Thread-1:32888][task_id:lts.views][views.py:2016][ERROR][创建产品详情表失败]
[2021-07-09 14:08:34,159][Thread-1:32888][task_id:lts.views][views.py:2016][ERROR][创建产品详情表失败]
[2021-07-09 14:47:27,395][Thread-2:9276][task_id:lts.views][views.py:2001][ERROR][创建产品详情表失败]
[2021-07-09 14:52:09,220][Thread-1:15608][task_id:lts.views][views.py:2001][ERROR][创建产品详情表失败]
[2021-07-09 14:53:21,662][Thread-1:15608][task_id:lts.views][views.py:2073][ERROR][修改失败---->eval() arg 1 must be a string, bytes or code object]
[2021-07-09 14:54:41,239][Thread-1:12324][task_id:lts.views][views.py:2001][ERROR][创建产品详情表失败]
[2021-07-09 14:59:14,637][Thread-1:14060][task_id:lts.views][views.py:2004][ERROR][创建产品详情表失败]
[2021-07-09 15:00:58,781][Thread-1:11124][task_id:lts.views][views.py:2004][ERROR][创建产品详情表失败]
[2021-07-09 15:22:34,051][Thread-1:22060][task_id:lts.views][views.py:2018][ERROR][创建产品详情表失败]
[2021-07-09 15:23:02,982][Thread-1:17196][task_id:lts.views][views.py:2020][ERROR][创建产品详情表失败]
[2021-07-09 15:23:31,416][Thread-1:21672][task_id:lts.views][views.py:2020][ERROR][创建产品详情表失败]
[2021-07-09 15:23:46,311][Thread-1:16132][task_id:lts.views][views.py:2020][ERROR][创建产品详情表失败]
[2021-07-09 15:24:09,811][Thread-1:30120][task_id:lts.views][views.py:2020][ERROR][创建产品详情表失败]
[2021-07-09 15:30:44,199][Thread-1:17268][task_id:lts.views][views.py:2151][ERROR][修改产品列表失败,eval() arg 1 must be a string, bytes or code object]
[2021-07-09 15:30:51,596][Thread-1:17268][task_id:lts.views][views.py:2151][ERROR][修改产品列表失败,eval() arg 1 must be a string, bytes or code object]
[2021-07-09 15:31:53,324][Thread-1:17268][task_id:lts.views][views.py:2151][ERROR][修改产品列表失败,eval() arg 1 must be a string, bytes or code object]
[2021-07-09 15:32:15,917][Thread-1:17268][task_id:lts.views][views.py:2151][ERROR][修改产品列表失败,eval() arg 1 must be a string, bytes or code object]
[2021-07-09 15:33:39,474][Thread-1:17268][task_id:lts.views][views.py:2151][ERROR][修改产品列表失败,eval() arg 1 must be a string, bytes or code object]
[2021-07-09 15:35:33,551][Thread-1:31968][task_id:lts.views][views.py:2021][ERROR][创建产品详情表失败]
[2021-07-09 15:42:09,192][Thread-2:13228][task_id:lts.views][views.py:1904][ERROR][查询产品列表失败]
[2021-07-09 15:43:43,200][Thread-2:13228][task_id:lts.views][views.py:1904][ERROR][查询产品列表失败]
[2021-07-09 15:44:23,754][Thread-2:13228][task_id:lts.views][views.py:1904][ERROR][查询产品列表失败]
[2021-07-09 15:45:22,864][Thread-1:18780][task_id:lts.views][views.py:1904][ERROR][查询产品列表失败]
[2021-07-09 15:47:53,242][Thread-1:18780][task_id:lts.views][views.py:1904][ERROR][查询产品列表失败]
[2021-07-09 15:48:30,557][Thread-1:18780][task_id:lts.views][views.py:2021][ERROR][创建产品详情表失败]
[2021-07-09 15:48:51,066][Thread-1:18780][task_id:lts.views][views.py:2021][ERROR][创建产品详情表失败]
[2021-07-09 15:49:58,507][Thread-1:18780][task_id:lts.views][views.py:2021][ERROR][创建产品详情表失败]
[2021-07-09 15:50:19,474][Thread-1:18780][task_id:lts.views][views.py:2021][ERROR][创建产品详情表失败]
[2021-07-09 15:50:37,152][Thread-1:18780][task_id:lts.views][views.py:2021][ERROR][创建产品详情表失败]
[2021-07-09 15:53:03,322][Thread-1:33796][task_id:lts.views][views.py:2021][ERROR][创建产品详情表失败]
[2021-07-09 15:53:06,635][Thread-1:33796][task_id:lts.views][views.py:2021][ERROR][创建产品详情表失败]
[2021-07-09 15:54:41,883][Thread-1:9640][task_id:lts.views][views.py:2025][ERROR][创建产品详情表失败]
[2021-07-09 15:55:16,802][Thread-1:23800][task_id:lts.views][views.py:2027][ERROR][创建产品详情表失败]
[2021-07-09 16:02:15,327][Thread-1:32664][task_id:lts.views][views.py:2006][ERROR][创建产品详情表失败]
[2021-07-09 16:05:50,633][Thread-1:34784][task_id:lts.views][views.py:2006][ERROR][创建产品详情表失败]
[2021-07-09 16:07:50,654][Thread-1:34784][task_id:lts.views][views.py:2006][ERROR][创建产品详情表失败]
[2021-07-09 16:29:22,583][Thread-1:18780][task_id:lts.views][views.py:2150][ERROR][修改产品列表失败,eval() arg 1 must be a string, bytes or code object]
[2021-07-09 16:29:57,268][Thread-1:18780][task_id:lts.views][views.py:1917][ERROR][查询产品列表失败]
[2021-07-09 16:29:57,344][Thread-1:18780][task_id:lts.views][views.py:1917][ERROR][查询产品列表失败]
[2021-07-09 16:29:59,011][Thread-1:18780][task_id:lts.views][views.py:1917][ERROR][查询产品列表失败]
[2021-07-09 16:31:46,094][Thread-1:21580][task_id:lts.views][views.py:1915][ERROR][查询产品列表失败]
[2021-07-09 16:31:46,141][Thread-1:21580][task_id:lts.views][views.py:1915][ERROR][查询产品列表失败]
[2021-07-09 16:31:46,966][Thread-1:21580][task_id:lts.views][views.py:1915][ERROR][查询产品列表失败]
[2021-07-09 16:32:08,890][Thread-1:21580][task_id:lts.views][views.py:2148][ERROR][修改产品列表失败,eval() arg 1 must be a string, bytes or code object]
[2021-07-09 16:33:58,653][Thread-1:21580][task_id:lts.views][views.py:2148][ERROR][修改产品列表失败,eval() arg 1 must be a string, bytes or code object]
[2021-07-09 16:38:02,204][Thread-1:34284][task_id:lts.views][views.py:2149][ERROR][修改产品列表失败,eval() arg 1 must be a string, bytes or code object]
[2021-07-09 16:38:41,081][Thread-1:34284][task_id:lts.views][views.py:2149][ERROR][修改产品列表失败,eval() arg 1 must be a string, bytes or code object]
[2021-07-09 16:39:16,399][Thread-1:34284][task_id:lts.views][views.py:2149][ERROR][修改产品列表失败,eval() arg 1 must be a string, bytes or code object]
[2021-07-09 16:41:39,194][Thread-1:21580][task_id:lts.views][views.py:1915][ERROR][查询产品列表失败]
[2021-07-09 16:41:39,271][Thread-1:21580][task_id:lts.views][views.py:1915][ERROR][查询产品列表失败]
[2021-07-09 16:42:01,640][Thread-1:288][task_id:lts.views][views.py:1915][ERROR][查询产品列表失败]
[2021-07-09 16:42:01,716][Thread-1:288][task_id:lts.views][views.py:1915][ERROR][查询产品列表失败]
[2021-07-09 16:44:29,083][Thread-1:34688][task_id:lts.views][views.py:1915][ERROR][查询产品列表失败]
[2021-07-09 16:44:37,796][Thread-1:34688][task_id:lts.views][views.py:2149][ERROR][修改产品列表失败,eval() arg 1 must be a string, bytes or code object]
[2021-07-09 16:45:24,023][Thread-1:34688][task_id:lts.views][views.py:2149][ERROR][修改产品列表失败,unexpected EOF while parsing (<string>, line 0)]
[2021-07-09 16:45:37,627][Thread-1:34688][task_id:lts.views][views.py:2149][ERROR][修改产品列表失败,unexpected EOF while parsing (<string>, line 0)]
[2021-07-09 16:48:33,726][Thread-1:21524][task_id:lts.views][views.py:2154][ERROR][修改产品列表失败,unexpected EOF while parsing (<string>, line 0)]
[2021-07-09 16:52:20,687][Thread-1:35148][task_id:lts.views][views.py:2089][ERROR][修改失败---->eval() arg 1 must be a string, bytes or code object]
[2021-07-09 16:54:26,591][Thread-1:35244][task_id:lts.views][views.py:2092][ERROR][修改失败---->'NoneType' object is not iterable]
