[2021-07-01 15:22:52,250][MainThread:32980][task_id:django.utils.autoreload][autoreload.py:637][INFO][Watching for file changes with StatReloader]
[2021-07-01 15:27:32,273][MainThread:32980][task_id:django.utils.autoreload][autoreload.py:251][INFO][D:\zhouzhi\gitlit_code\LogisticsTrackingSystem\logistic_tracking_system\lts\views.py changed, reloading.]
[2021-07-01 15:27:33,345][MainThread:37576][task_id:django.utils.autoreload][autoreload.py:637][INFO][Watching for file changes with StatReloader]
[2021-07-01 15:30:13,444][MainThread:37576][task_id:django.utils.autoreload][autoreload.py:251][INFO][D:\zhouzhi\gitlit_code\LogisticsTrackingSystem\logistic_tracking_system\lts\views.py changed, reloading.]
[2021-07-01 15:30:14,499][MainThread:36024][task_id:django.utils.autoreload][autoreload.py:637][INFO][Watching for file changes with StatReloader]
[2021-07-01 15:30:50,426][MainThread:36024][task_id:django.utils.autoreload][autoreload.py:251][INFO][D:\zhouzhi\gitlit_code\LogisticsTrackingSystem\logistic_tracking_system\lts\views.py changed, reloading.]
[2021-07-01 15:30:51,470][MainThread:33504][task_id:django.utils.autoreload][autoreload.py:637][INFO][Watching for file changes with StatReloader]
[2021-07-01 15:30:53,905][Thread-1:39044][task_id:lts.views][views.py:40][INFO][登录成功]
[2021-07-01 15:31:45,571][MainThread:33504][task_id:django.utils.autoreload][autoreload.py:251][INFO][D:\zhouzhi\gitlit_code\LogisticsTrackingSystem\logistic_tracking_system\logistic_tracking_system\settings.py changed, reloading.]
[2021-07-01 15:31:46,634][MainThread:37552][task_id:django.utils.autoreload][autoreload.py:637][INFO][Watching for file changes with StatReloader]
[2021-07-01 15:31:48,702][Thread-1:20884][task_id:lts.views][views.py:40][INFO][登录成功]
[2021-07-01 15:32:24,681][MainThread:37552][task_id:django.utils.autoreload][autoreload.py:251][INFO][D:\zhouzhi\gitlit_code\LogisticsTrackingSystem\logistic_tracking_system\logistic_tracking_system\settings.py changed, reloading.]
[2021-07-01 15:32:25,721][MainThread:38000][task_id:django.utils.autoreload][autoreload.py:637][INFO][Watching for file changes with StatReloader]
[2021-07-01 15:32:31,457][Thread-1:35692][task_id:lts.views][views.py:40][INFO][登录成功]
[2021-07-01 15:32:49,875][MainThread:38000][task_id:django.utils.autoreload][autoreload.py:251][INFO][D:\zhouzhi\gitlit_code\LogisticsTrackingSystem\logistic_tracking_system\logistic_tracking_system\settings.py changed, reloading.]
[2021-07-01 15:32:50,934][MainThread:39216][task_id:django.utils.autoreload][autoreload.py:637][INFO][Watching for file changes with StatReloader]
[2021-07-01 15:32:52,964][Thread-1:15908][task_id:lts.views][views.py:40][INFO][登录成功]
[2021-07-01 15:41:45,158][MainThread:39216][task_id:django.utils.autoreload][autoreload.py:251][INFO][D:\zhouzhi\gitlit_code\LogisticsTrackingSystem\logistic_tracking_system\logistic_tracking_system\settings.py changed, reloading.]
[2021-07-01 15:42:14,674][MainThread:29864][task_id:django.utils.autoreload][autoreload.py:637][INFO][Watching for file changes with StatReloader]
[2021-07-01 15:55:26,453][MainThread:29864][task_id:django.utils.autoreload][autoreload.py:251][INFO][D:\zhouzhi\gitlit_code\LogisticsTrackingSystem\logistic_tracking_system\lts\views.py changed, reloading.]
[2021-07-01 15:55:27,531][MainThread:39924][task_id:django.utils.autoreload][autoreload.py:637][INFO][Watching for file changes with StatReloader]
[2021-07-01 15:55:48,054][Thread-1:37660][task_id:lts.views][views.py:41][INFO][登录成功]
[2021-07-01 15:56:17,446][MainThread:39924][task_id:django.utils.autoreload][autoreload.py:251][INFO][D:\zhouzhi\gitlit_code\LogisticsTrackingSystem\logistic_tracking_system\lts\views.py changed, reloading.]
[2021-07-01 15:56:18,512][MainThread:34884][task_id:django.utils.autoreload][autoreload.py:637][INFO][Watching for file changes with StatReloader]
[2021-07-01 15:57:11,373][MainThread:34884][task_id:django.utils.autoreload][autoreload.py:251][INFO][D:\zhouzhi\gitlit_code\LogisticsTrackingSystem\logistic_tracking_system\lts\views.py changed, reloading.]
[2021-07-01 15:57:12,431][MainThread:36928][task_id:django.utils.autoreload][autoreload.py:637][INFO][Watching for file changes with StatReloader]
[2021-07-01 15:57:14,064][Thread-1:4740][task_id:lts.views][views.py:43][INFO][登录成功]
[2021-07-01 15:58:36,635][MainThread:36928][task_id:django.utils.autoreload][autoreload.py:251][INFO][D:\zhouzhi\gitlit_code\LogisticsTrackingSystem\logistic_tracking_system\logistic_tracking_system\settings.py changed, reloading.]
[2021-07-01 15:58:37,697][MainThread:14552][task_id:django.utils.autoreload][autoreload.py:637][INFO][Watching for file changes with StatReloader]
[2021-07-01 15:58:39,401][Thread-1:31836][task_id:lts.views][views.py:43][INFO][登录成功]
[2021-07-01 15:59:52,272][MainThread:14552][task_id:django.utils.autoreload][autoreload.py:251][INFO][D:\zhouzhi\gitlit_code\LogisticsTrackingSystem\logistic_tracking_system\logistic_tracking_system\settings.py changed, reloading.]
[2021-07-01 15:59:53,330][MainThread:35384][task_id:django.utils.autoreload][autoreload.py:637][INFO][Watching for file changes with StatReloader]
[2021-07-01 16:03:44,176][MainThread:35384][task_id:django.utils.autoreload][autoreload.py:251][INFO][D:\zhouzhi\gitlit_code\LogisticsTrackingSystem\logistic_tracking_system\logistic_tracking_system\settings.py changed, reloading.]
[2021-07-01 16:03:45,209][MainThread:37696][task_id:django.utils.autoreload][autoreload.py:637][INFO][Watching for file changes with StatReloader]
[2021-07-01 16:03:52,070][MainThread:37696][task_id:django.utils.autoreload][autoreload.py:251][INFO][D:\zhouzhi\gitlit_code\LogisticsTrackingSystem\logistic_tracking_system\logistic_tracking_system\settings.py changed, reloading.]
[2021-07-01 16:03:53,099][MainThread:35116][task_id:django.utils.autoreload][autoreload.py:637][INFO][Watching for file changes with StatReloader]
[2021-07-01 16:04:55,720][MainThread:35116][task_id:django.utils.autoreload][autoreload.py:251][INFO][D:\zhouzhi\gitlit_code\LogisticsTrackingSystem\logistic_tracking_system\logistic_tracking_system\settings.py changed, reloading.]
[2021-07-01 16:09:02,240][MainThread:40760][task_id:django.utils.autoreload][autoreload.py:637][INFO][Watching for file changes with StatReloader]
[2021-07-01 16:09:09,543][Thread-1:37996][task_id:lts.views][views.py:43][INFO][登录成功]
[2021-07-01 16:09:54,320][MainThread:40760][task_id:django.utils.autoreload][autoreload.py:251][INFO][D:\zhouzhi\gitlit_code\LogisticsTrackingSystem\logistic_tracking_system\lts\views.py changed, reloading.]
[2021-07-01 16:09:55,403][MainThread:37004][task_id:django.utils.autoreload][autoreload.py:637][INFO][Watching for file changes with StatReloader]
[2021-07-01 16:25:19,999][MainThread:42052][task_id:django.utils.autoreload][autoreload.py:637][INFO][Watching for file changes with StatReloader]
[2021-07-01 16:26:04,272][MainThread:42052][task_id:django.utils.autoreload][autoreload.py:251][INFO][D:\zhouzhi\gitlit_code\logistic_tracking_system\logistic_tracking_system\logistic_tracking_system\settings.py changed, reloading.]
[2021-07-01 16:26:05,332][MainThread:40076][task_id:django.utils.autoreload][autoreload.py:637][INFO][Watching for file changes with StatReloader]
[2021-07-01 16:26:13,393][Thread-1:41828][task_id:lts.views][views.py:43][INFO][登录成功]
[2021-07-02 09:01:42,418][MainThread:40076][task_id:django.utils.autoreload][autoreload.py:251][INFO][D:\zhouzhi\gitlit_code\logistic_tracking_system\logistic_tracking_system\lts\views.py changed, reloading.]
