[2021-07-09 08:37:18,527][MainThread:20448][task_id:django.utils.autoreload][autoreload.py:637][INFO][Watching for file changes with StatReloader]
[2021-07-09 08:37:34,312][MainThread:20448][task_id:django.utils.autoreload][autoreload.py:251][INFO][D:\zhouzhi\gitlit_code\logistic_tracking_system\logistic_tracking_system\lts\views.py changed, reloading.]
[2021-07-09 08:37:35,340][MainThread:31000][task_id:django.utils.autoreload][autoreload.py:637][INFO][Watching for file changes with StatReloader]
[2021-07-09 08:38:48,050][MainThread:31000][task_id:django.utils.autoreload][autoreload.py:251][INFO][D:\zhouzhi\gitlit_code\logistic_tracking_system\logistic_tracking_system\lts\views.py changed, reloading.]
[2021-07-09 08:38:49,082][MainThread:6508][task_id:django.utils.autoreload][autoreload.py:637][INFO][Watching for file changes with StatReloader]
[2021-07-09 08:45:11,054][MainThread:6508][task_id:django.utils.autoreload][autoreload.py:251][INFO][D:\zhouzhi\gitlit_code\logistic_tracking_system\logistic_tracking_system\lts\views.py changed, reloading.]
[2021-07-09 08:45:12,182][MainThread:6268][task_id:django.utils.autoreload][autoreload.py:637][INFO][Watching for file changes with StatReloader]
[2021-07-09 08:46:06,682][MainThread:6268][task_id:django.utils.autoreload][autoreload.py:251][INFO][D:\zhouzhi\gitlit_code\logistic_tracking_system\logistic_tracking_system\lts\views.py changed, reloading.]
[2021-07-09 08:46:07,743][MainThread:31892][task_id:django.utils.autoreload][autoreload.py:637][INFO][Watching for file changes with StatReloader]
[2021-07-09 08:46:13,590][MainThread:31892][task_id:django.utils.autoreload][autoreload.py:251][INFO][D:\zhouzhi\gitlit_code\logistic_tracking_system\logistic_tracking_system\lts\views.py changed, reloading.]
[2021-07-09 08:46:14,618][MainThread:1696][task_id:django.utils.autoreload][autoreload.py:637][INFO][Watching for file changes with StatReloader]
[2021-07-09 08:46:22,883][MainThread:1696][task_id:django.utils.autoreload][autoreload.py:251][INFO][D:\zhouzhi\gitlit_code\logistic_tracking_system\logistic_tracking_system\lts\views.py changed, reloading.]
[2021-07-09 08:46:23,915][MainThread:30776][task_id:django.utils.autoreload][autoreload.py:637][INFO][Watching for file changes with StatReloader]
[2021-07-09 08:46:31,960][MainThread:30776][task_id:django.utils.autoreload][autoreload.py:251][INFO][D:\zhouzhi\gitlit_code\logistic_tracking_system\logistic_tracking_system\lts\views.py changed, reloading.]
[2021-07-09 08:46:33,007][MainThread:28812][task_id:django.utils.autoreload][autoreload.py:637][INFO][Watching for file changes with StatReloader]
[2021-07-09 08:47:06,844][MainThread:28812][task_id:django.utils.autoreload][autoreload.py:251][INFO][D:\zhouzhi\gitlit_code\logistic_tracking_system\logistic_tracking_system\lts\views.py changed, reloading.]
[2021-07-09 08:47:07,871][MainThread:31900][task_id:django.utils.autoreload][autoreload.py:637][INFO][Watching for file changes with StatReloader]
[2021-07-09 08:53:28,164][MainThread:31900][task_id:django.utils.autoreload][autoreload.py:251][INFO][D:\zhouzhi\gitlit_code\logistic_tracking_system\logistic_tracking_system\lts\views.py changed, reloading.]
[2021-07-09 08:53:29,432][MainThread:27228][task_id:django.utils.autoreload][autoreload.py:637][INFO][Watching for file changes with StatReloader]
[2021-07-09 08:57:55,892][MainThread:27228][task_id:django.utils.autoreload][autoreload.py:251][INFO][D:\zhouzhi\gitlit_code\logistic_tracking_system\logistic_tracking_system\lts\views.py changed, reloading.]
[2021-07-09 08:57:57,009][MainThread:5288][task_id:django.utils.autoreload][autoreload.py:637][INFO][Watching for file changes with StatReloader]
[2021-07-09 08:59:00,815][MainThread:5288][task_id:django.utils.autoreload][autoreload.py:251][INFO][D:\zhouzhi\gitlit_code\logistic_tracking_system\logistic_tracking_system\lts\urls.py changed, reloading.]
[2021-07-09 08:59:01,902][MainThread:12632][task_id:django.utils.autoreload][autoreload.py:637][INFO][Watching for file changes with StatReloader]
[2021-07-09 09:00:57,415][MainThread:12632][task_id:django.utils.autoreload][autoreload.py:251][INFO][D:\zhouzhi\gitlit_code\logistic_tracking_system\logistic_tracking_system\lts\views.py changed, reloading.]
[2021-07-09 09:00:58,464][MainThread:32256][task_id:django.utils.autoreload][autoreload.py:637][INFO][Watching for file changes with StatReloader]
[2021-07-09 09:12:31,289][MainThread:32256][task_id:django.utils.autoreload][autoreload.py:251][INFO][D:\zhouzhi\gitlit_code\logistic_tracking_system\logistic_tracking_system\lts\views.py changed, reloading.]
[2021-07-09 09:12:32,343][MainThread:31944][task_id:django.utils.autoreload][autoreload.py:637][INFO][Watching for file changes with StatReloader]
[2021-07-09 09:12:48,189][Thread-1:33400][task_id:lts.views][views.py:1763][INFO][创建产品详情表成功]
[2021-07-09 09:14:09,686][MainThread:31944][task_id:django.utils.autoreload][autoreload.py:251][INFO][D:\zhouzhi\gitlit_code\logistic_tracking_system\logistic_tracking_system\lts\views.py changed, reloading.]
[2021-07-09 09:14:10,742][MainThread:33320][task_id:django.utils.autoreload][autoreload.py:637][INFO][Watching for file changes with StatReloader]
[2021-07-09 09:18:50,786][MainThread:33320][task_id:django.utils.autoreload][autoreload.py:251][INFO][D:\zhouzhi\gitlit_code\logistic_tracking_system\logistic_tracking_system\lts\views.py changed, reloading.]
[2021-07-09 09:18:51,858][MainThread:32104][task_id:django.utils.autoreload][autoreload.py:637][INFO][Watching for file changes with StatReloader]
[2021-07-09 09:25:00,227][MainThread:32104][task_id:django.utils.autoreload][autoreload.py:251][INFO][D:\zhouzhi\gitlit_code\logistic_tracking_system\logistic_tracking_system\lts\views.py changed, reloading.]
[2021-07-09 09:25:01,475][MainThread:32960][task_id:django.utils.autoreload][autoreload.py:637][INFO][Watching for file changes with StatReloader]
[2021-07-09 09:26:07,657][MainThread:32960][task_id:django.utils.autoreload][autoreload.py:251][INFO][D:\zhouzhi\gitlit_code\logistic_tracking_system\logistic_tracking_system\lts\views.py changed, reloading.]
[2021-07-09 09:26:08,749][MainThread:33784][task_id:django.utils.autoreload][autoreload.py:637][INFO][Watching for file changes with StatReloader]
[2021-07-09 09:27:34,297][MainThread:33784][task_id:django.utils.autoreload][autoreload.py:251][INFO][D:\zhouzhi\gitlit_code\logistic_tracking_system\logistic_tracking_system\lts\views.py changed, reloading.]
[2021-07-09 09:27:35,310][MainThread:32344][task_id:django.utils.autoreload][autoreload.py:637][INFO][Watching for file changes with StatReloader]
[2021-07-09 09:28:07,176][MainThread:32344][task_id:django.utils.autoreload][autoreload.py:251][INFO][D:\zhouzhi\gitlit_code\logistic_tracking_system\logistic_tracking_system\lts\views.py changed, reloading.]
[2021-07-09 09:28:08,253][MainThread:9544][task_id:django.utils.autoreload][autoreload.py:637][INFO][Watching for file changes with StatReloader]
[2021-07-09 09:32:28,120][MainThread:9544][task_id:django.utils.autoreload][autoreload.py:251][INFO][D:\zhouzhi\gitlit_code\logistic_tracking_system\logistic_tracking_system\lts\views.py changed, reloading.]
[2021-07-09 09:32:29,162][MainThread:33608][task_id:django.utils.autoreload][autoreload.py:637][INFO][Watching for file changes with StatReloader]
[2021-07-09 09:36:55,523][MainThread:33608][task_id:django.utils.autoreload][autoreload.py:251][INFO][D:\zhouzhi\gitlit_code\logistic_tracking_system\logistic_tracking_system\lts\views.py changed, reloading.]
[2021-07-09 09:36:56,565][MainThread:31560][task_id:django.utils.autoreload][autoreload.py:637][INFO][Watching for file changes with StatReloader]
[2021-07-09 09:40:29,224][MainThread:31560][task_id:django.utils.autoreload][autoreload.py:251][INFO][D:\zhouzhi\gitlit_code\logistic_tracking_system\logistic_tracking_system\lts\views.py changed, reloading.]
[2021-07-09 09:40:30,257][MainThread:26556][task_id:django.utils.autoreload][autoreload.py:637][INFO][Watching for file changes with StatReloader]
[2021-07-09 09:43:26,333][MainThread:26556][task_id:django.utils.autoreload][autoreload.py:251][INFO][D:\zhouzhi\gitlit_code\logistic_tracking_system\logistic_tracking_system\lts\views.py changed, reloading.]
[2021-07-09 09:43:27,373][MainThread:33340][task_id:django.utils.autoreload][autoreload.py:637][INFO][Watching for file changes with StatReloader]
[2021-07-09 09:43:57,908][MainThread:33340][task_id:django.utils.autoreload][autoreload.py:251][INFO][D:\zhouzhi\gitlit_code\logistic_tracking_system\logistic_tracking_system\lts\views.py changed, reloading.]
[2021-07-09 09:43:58,961][MainThread:13724][task_id:django.utils.autoreload][autoreload.py:637][INFO][Watching for file changes with StatReloader]
[2021-07-09 09:44:14,721][MainThread:13724][task_id:django.utils.autoreload][autoreload.py:251][INFO][D:\zhouzhi\gitlit_code\logistic_tracking_system\logistic_tracking_system\lts\views.py changed, reloading.]
[2021-07-09 09:44:15,742][MainThread:31844][task_id:django.utils.autoreload][autoreload.py:637][INFO][Watching for file changes with StatReloader]
[2021-07-09 09:45:06,275][MainThread:31844][task_id:django.utils.autoreload][autoreload.py:251][INFO][D:\zhouzhi\gitlit_code\logistic_tracking_system\logistic_tracking_system\lts\views.py changed, reloading.]
[2021-07-09 09:45:07,402][MainThread:14768][task_id:django.utils.autoreload][autoreload.py:637][INFO][Watching for file changes with StatReloader]
[2021-07-09 09:45:31,658][MainThread:14768][task_id:django.utils.autoreload][autoreload.py:251][INFO][D:\zhouzhi\gitlit_code\logistic_tracking_system\logistic_tracking_system\lts\views.py changed, reloading.]
[2021-07-09 09:45:32,733][MainThread:33004][task_id:django.utils.autoreload][autoreload.py:637][INFO][Watching for file changes with StatReloader]
[2021-07-09 09:46:05,766][MainThread:33004][task_id:django.utils.autoreload][autoreload.py:251][INFO][D:\zhouzhi\gitlit_code\logistic_tracking_system\logistic_tracking_system\lts\views.py changed, reloading.]
[2021-07-09 09:46:06,844][MainThread:31608][task_id:django.utils.autoreload][autoreload.py:637][INFO][Watching for file changes with StatReloader]
[2021-07-09 09:48:46,820][MainThread:31608][task_id:django.utils.autoreload][autoreload.py:251][INFO][D:\zhouzhi\gitlit_code\logistic_tracking_system\logistic_tracking_system\lts\views.py changed, reloading.]
[2021-07-09 09:48:47,896][MainThread:6220][task_id:django.utils.autoreload][autoreload.py:637][INFO][Watching for file changes with StatReloader]
[2021-07-09 09:49:05,528][MainThread:6220][task_id:django.utils.autoreload][autoreload.py:251][INFO][D:\zhouzhi\gitlit_code\logistic_tracking_system\logistic_tracking_system\lts\views.py changed, reloading.]
[2021-07-09 09:49:06,568][MainThread:32096][task_id:django.utils.autoreload][autoreload.py:637][INFO][Watching for file changes with StatReloader]
[2021-07-09 09:50:05,153][MainThread:32096][task_id:django.utils.autoreload][autoreload.py:251][INFO][D:\zhouzhi\gitlit_code\logistic_tracking_system\logistic_tracking_system\lts\views.py changed, reloading.]
[2021-07-09 09:50:06,224][MainThread:31688][task_id:django.utils.autoreload][autoreload.py:637][INFO][Watching for file changes with StatReloader]
[2021-07-09 09:51:32,572][MainThread:31688][task_id:django.utils.autoreload][autoreload.py:251][INFO][D:\zhouzhi\gitlit_code\logistic_tracking_system\logistic_tracking_system\lts\views.py changed, reloading.]
[2021-07-09 09:51:33,813][MainThread:29808][task_id:django.utils.autoreload][autoreload.py:637][INFO][Watching for file changes with StatReloader]
[2021-07-09 10:40:32,403][MainThread:29808][task_id:django.utils.autoreload][autoreload.py:251][INFO][D:\zhouzhi\gitlit_code\logistic_tracking_system\logistic_tracking_system\lts\views.py changed, reloading.]
[2021-07-09 10:40:33,448][MainThread:32640][task_id:django.utils.autoreload][autoreload.py:637][INFO][Watching for file changes with StatReloader]
[2021-07-09 10:42:35,279][MainThread:32640][task_id:django.utils.autoreload][autoreload.py:251][INFO][D:\zhouzhi\gitlit_code\logistic_tracking_system\logistic_tracking_system\lts\views.py changed, reloading.]
[2021-07-09 10:42:36,340][MainThread:20624][task_id:django.utils.autoreload][autoreload.py:637][INFO][Watching for file changes with StatReloader]
[2021-07-09 10:43:49,863][MainThread:20624][task_id:django.utils.autoreload][autoreload.py:251][INFO][D:\zhouzhi\gitlit_code\logistic_tracking_system\logistic_tracking_system\lts\views.py changed, reloading.]
[2021-07-09 10:43:50,908][MainThread:29624][task_id:django.utils.autoreload][autoreload.py:637][INFO][Watching for file changes with StatReloader]
[2021-07-09 10:45:52,696][MainThread:29624][task_id:django.utils.autoreload][autoreload.py:251][INFO][D:\zhouzhi\gitlit_code\logistic_tracking_system\logistic_tracking_system\lts\views.py changed, reloading.]
[2021-07-09 10:45:53,767][MainThread:22840][task_id:django.utils.autoreload][autoreload.py:637][INFO][Watching for file changes with StatReloader]
[2021-07-09 10:45:59,675][MainThread:22840][task_id:django.utils.autoreload][autoreload.py:251][INFO][D:\zhouzhi\gitlit_code\logistic_tracking_system\logistic_tracking_system\lts\views.py changed, reloading.]
[2021-07-09 10:46:00,726][MainThread:32516][task_id:django.utils.autoreload][autoreload.py:637][INFO][Watching for file changes with StatReloader]
[2021-07-09 10:52:58,875][MainThread:32516][task_id:django.utils.autoreload][autoreload.py:251][INFO][D:\zhouzhi\gitlit_code\logistic_tracking_system\logistic_tracking_system\lts\views.py changed, reloading.]
[2021-07-09 10:52:59,945][MainThread:18792][task_id:django.utils.autoreload][autoreload.py:637][INFO][Watching for file changes with StatReloader]
[2021-07-09 10:54:52,961][MainThread:18792][task_id:django.utils.autoreload][autoreload.py:251][INFO][D:\zhouzhi\gitlit_code\logistic_tracking_system\logistic_tracking_system\lts\views.py changed, reloading.]
[2021-07-09 10:54:54,025][MainThread:13288][task_id:django.utils.autoreload][autoreload.py:637][INFO][Watching for file changes with StatReloader]
[2021-07-09 10:55:16,099][MainThread:13288][task_id:django.utils.autoreload][autoreload.py:251][INFO][D:\zhouzhi\gitlit_code\logistic_tracking_system\logistic_tracking_system\lts\views.py changed, reloading.]
[2021-07-09 10:55:17,119][MainThread:18892][task_id:django.utils.autoreload][autoreload.py:637][INFO][Watching for file changes with StatReloader]
[2021-07-09 10:56:06,952][MainThread:18892][task_id:django.utils.autoreload][autoreload.py:251][INFO][D:\zhouzhi\gitlit_code\logistic_tracking_system\logistic_tracking_system\lts\views.py changed, reloading.]
[2021-07-09 10:56:07,999][MainThread:16396][task_id:django.utils.autoreload][autoreload.py:637][INFO][Watching for file changes with StatReloader]
[2021-07-09 10:58:51,769][MainThread:16396][task_id:django.utils.autoreload][autoreload.py:251][INFO][D:\zhouzhi\gitlit_code\logistic_tracking_system\logistic_tracking_system\lts\views.py changed, reloading.]
[2021-07-09 10:58:52,800][MainThread:32400][task_id:django.utils.autoreload][autoreload.py:637][INFO][Watching for file changes with StatReloader]
[2021-07-09 11:01:42,443][MainThread:32400][task_id:django.utils.autoreload][autoreload.py:251][INFO][D:\zhouzhi\gitlit_code\logistic_tracking_system\logistic_tracking_system\lts\views.py changed, reloading.]
[2021-07-09 11:01:43,721][MainThread:5056][task_id:django.utils.autoreload][autoreload.py:637][INFO][Watching for file changes with StatReloader]
[2021-07-09 11:02:32,008][MainThread:5056][task_id:django.utils.autoreload][autoreload.py:251][INFO][D:\zhouzhi\gitlit_code\logistic_tracking_system\logistic_tracking_system\lts\views.py changed, reloading.]
[2021-07-09 11:02:33,081][MainThread:17224][task_id:django.utils.autoreload][autoreload.py:637][INFO][Watching for file changes with StatReloader]
[2021-07-09 11:05:28,797][MainThread:17224][task_id:django.utils.autoreload][autoreload.py:251][INFO][D:\zhouzhi\gitlit_code\logistic_tracking_system\logistic_tracking_system\lts\views.py changed, reloading.]
[2021-07-09 11:05:29,859][MainThread:8184][task_id:django.utils.autoreload][autoreload.py:637][INFO][Watching for file changes with StatReloader]
[2021-07-09 11:05:47,756][Thread-1:11364][task_id:lts.views][views.py:2097][INFO][修改产品列表或者物料表成功]
[2021-07-09 11:09:24,843][MainThread:8184][task_id:django.utils.autoreload][autoreload.py:251][INFO][D:\zhouzhi\gitlit_code\logistic_tracking_system\logistic_tracking_system\lts\views.py changed, reloading.]
[2021-07-09 11:09:25,900][MainThread:25892][task_id:django.utils.autoreload][autoreload.py:637][INFO][Watching for file changes with StatReloader]
[2021-07-09 11:09:29,080][Thread-1:32152][task_id:lts.views][views.py:2107][ERROR][修改产品列表失败,tuple indices must be integers or slices, not str]
[2021-07-09 11:11:33,448][MainThread:25892][task_id:django.utils.autoreload][autoreload.py:251][INFO][D:\zhouzhi\gitlit_code\logistic_tracking_system\logistic_tracking_system\lts\views.py changed, reloading.]
[2021-07-09 11:11:34,601][MainThread:17136][task_id:django.utils.autoreload][autoreload.py:637][INFO][Watching for file changes with StatReloader]
[2021-07-09 11:11:37,055][Thread-1:15156][task_id:lts.views][views.py:2098][INFO][修改产品列表或者物料表成功]
[2021-07-09 11:16:30,329][MainThread:17136][task_id:django.utils.autoreload][autoreload.py:251][INFO][D:\zhouzhi\gitlit_code\logistic_tracking_system\logistic_tracking_system\lts\views.py changed, reloading.]
[2021-07-09 11:16:31,383][MainThread:3768][task_id:django.utils.autoreload][autoreload.py:637][INFO][Watching for file changes with StatReloader]
[2021-07-09 11:19:45,267][Thread-1:13668][task_id:django.request][log.py:230][WARNING][Not Found: /logistic/BOMProductList]
[2021-07-09 11:19:48,335][Thread-1:13668][task_id:django.request][log.py:230][WARNING][Not Found: /logistic/BOMProductList]
[2021-07-09 11:20:10,856][Thread-1:13668][task_id:django.request][log.py:230][WARNING][Not Found: /logistic/BOMProductList]
[2021-07-09 11:20:13,349][Thread-1:13668][task_id:django.request][log.py:230][WARNING][Not Found: /logistic/BOMProductList]
[2021-07-09 11:22:11,077][Thread-2:30264][task_id:django.request][log.py:230][WARNING][Not Found: /logistic/BOMProductList]
[2021-07-09 11:23:41,942][Thread-2:30264][task_id:lts.views][views.py:1869][ERROR][新增产品列表成功]
[2021-07-09 11:24:10,488][Thread-2:30264][task_id:lts.views][views.py:1869][ERROR][新增产品列表成功]
[2021-07-09 11:24:37,101][MainThread:3768][task_id:django.utils.autoreload][autoreload.py:251][INFO][D:\zhouzhi\gitlit_code\logistic_tracking_system\logistic_tracking_system\lts\views.py changed, reloading.]
[2021-07-09 11:24:38,162][MainThread:28556][task_id:django.utils.autoreload][autoreload.py:637][INFO][Watching for file changes with StatReloader]
[2021-07-09 11:24:57,156][MainThread:28556][task_id:django.utils.autoreload][autoreload.py:251][INFO][D:\zhouzhi\gitlit_code\logistic_tracking_system\logistic_tracking_system\lts\views.py changed, reloading.]
[2021-07-09 11:24:58,182][MainThread:21360][task_id:django.utils.autoreload][autoreload.py:637][INFO][Watching for file changes with StatReloader]
[2021-07-09 11:25:26,107][Thread-1:18560][task_id:lts.views][views.py:1869][ERROR][新增产品列表成功]
[2021-07-09 11:26:10,547][Thread-1:18560][task_id:lts.views][views.py:1869][ERROR][新增产品列表成功]
[2021-07-09 11:26:13,163][Thread-1:18560][task_id:lts.views][views.py:1869][ERROR][新增产品列表成功]
[2021-07-09 11:26:15,006][Thread-1:18560][task_id:lts.views][views.py:1869][ERROR][新增产品列表成功]
[2021-07-09 11:26:33,333][Thread-1:18560][task_id:lts.views][views.py:1869][ERROR][新增产品列表成功]
[2021-07-09 11:29:13,447][MainThread:21360][task_id:django.utils.autoreload][autoreload.py:251][INFO][D:\zhouzhi\gitlit_code\logistic_tracking_system\logistic_tracking_system\lts\views.py changed, reloading.]
[2021-07-09 11:29:14,505][MainThread:32156][task_id:django.utils.autoreload][autoreload.py:637][INFO][Watching for file changes with StatReloader]
[2021-07-09 11:29:15,835][Thread-1:1284][task_id:lts.views][views.py:1871][ERROR][新增产品列表成功]
[2021-07-09 11:31:04,668][MainThread:32156][task_id:django.utils.autoreload][autoreload.py:251][INFO][D:\zhouzhi\gitlit_code\logistic_tracking_system\logistic_tracking_system\lts\views.py changed, reloading.]
[2021-07-09 11:31:05,696][MainThread:31276][task_id:django.utils.autoreload][autoreload.py:637][INFO][Watching for file changes with StatReloader]
[2021-07-09 11:31:27,102][Thread-1:9628][task_id:lts.views][views.py:1871][ERROR][查询产品列表失败]
[2021-07-09 11:32:35,078][MainThread:31276][task_id:django.utils.autoreload][autoreload.py:251][INFO][D:\zhouzhi\gitlit_code\logistic_tracking_system\logistic_tracking_system\lts\views.py changed, reloading.]
[2021-07-09 11:32:36,125][MainThread:24360][task_id:django.utils.autoreload][autoreload.py:637][INFO][Watching for file changes with StatReloader]
[2021-07-09 11:32:42,334][Thread-1:32356][task_id:lts.views][views.py:1873][ERROR][查询产品列表失败]
[2021-07-09 11:33:11,265][MainThread:24360][task_id:django.utils.autoreload][autoreload.py:251][INFO][D:\zhouzhi\gitlit_code\logistic_tracking_system\logistic_tracking_system\lts\views.py changed, reloading.]
[2021-07-09 11:33:12,307][MainThread:22860][task_id:django.utils.autoreload][autoreload.py:637][INFO][Watching for file changes with StatReloader]
[2021-07-09 11:33:17,141][Thread-1:29536][task_id:lts.views][views.py:1873][ERROR][查询产品列表失败]
[2021-07-09 11:36:47,575][MainThread:22860][task_id:django.utils.autoreload][autoreload.py:251][INFO][D:\zhouzhi\gitlit_code\logistic_tracking_system\logistic_tracking_system\lts\views.py changed, reloading.]
[2021-07-09 11:36:48,631][MainThread:30908][task_id:django.utils.autoreload][autoreload.py:637][INFO][Watching for file changes with StatReloader]
[2021-07-09 11:37:18,475][MainThread:30908][task_id:django.utils.autoreload][autoreload.py:251][INFO][D:\zhouzhi\gitlit_code\logistic_tracking_system\logistic_tracking_system\lts\views.py changed, reloading.]
[2021-07-09 11:37:19,501][MainThread:26704][task_id:django.utils.autoreload][autoreload.py:637][INFO][Watching for file changes with StatReloader]
[2021-07-09 11:42:03,926][MainThread:26704][task_id:django.utils.autoreload][autoreload.py:251][INFO][D:\zhouzhi\gitlit_code\logistic_tracking_system\logistic_tracking_system\lts\views.py changed, reloading.]
[2021-07-09 11:42:04,977][MainThread:16408][task_id:django.utils.autoreload][autoreload.py:637][INFO][Watching for file changes with StatReloader]
[2021-07-09 11:50:57,576][MainThread:16408][task_id:django.utils.autoreload][autoreload.py:251][INFO][D:\zhouzhi\gitlit_code\logistic_tracking_system\logistic_tracking_system\lts\views.py changed, reloading.]
[2021-07-09 11:50:58,607][MainThread:21728][task_id:django.utils.autoreload][autoreload.py:637][INFO][Watching for file changes with StatReloader]
[2021-07-09 11:52:43,830][MainThread:21728][task_id:django.utils.autoreload][autoreload.py:251][INFO][D:\zhouzhi\gitlit_code\logistic_tracking_system\logistic_tracking_system\lts\views.py changed, reloading.]
[2021-07-09 11:52:44,879][MainThread:16476][task_id:django.utils.autoreload][autoreload.py:637][INFO][Watching for file changes with StatReloader]
[2021-07-09 11:53:39,168][MainThread:16476][task_id:django.utils.autoreload][autoreload.py:251][INFO][D:\zhouzhi\gitlit_code\logistic_tracking_system\logistic_tracking_system\lts\urls.py changed, reloading.]
[2021-07-09 11:53:40,202][MainThread:16800][task_id:django.utils.autoreload][autoreload.py:637][INFO][Watching for file changes with StatReloader]
[2021-07-09 11:55:01,821][MainThread:16800][task_id:django.utils.autoreload][autoreload.py:251][INFO][D:\zhouzhi\gitlit_code\logistic_tracking_system\logistic_tracking_system\lts\views.py changed, reloading.]
[2021-07-09 11:55:02,849][MainThread:25124][task_id:django.utils.autoreload][autoreload.py:637][INFO][Watching for file changes with StatReloader]
[2021-07-09 11:55:25,223][Thread-1:30688][task_id:django.request][log.py:230][ERROR][Internal Server Error: /logistic/LogisticShowDatabase]
Traceback (most recent call last):
  File "C:\Users\zhi.zhou\Anaconda3\envs\lts\lib\site-packages\django\core\handlers\exception.py", line 47, in inner
    response = get_response(request)
  File "C:\Users\zhi.zhou\Anaconda3\envs\lts\lib\site-packages\django\core\handlers\base.py", line 188, in _get_response
    self.check_response(response, callback)
  File "C:\Users\zhi.zhou\Anaconda3\envs\lts\lib\site-packages\django\core\handlers\base.py", line 311, in check_response
    "instead." % name
ValueError: The view lts.views.ShowDatabase didn't return an HttpResponse object. It returned None instead.
[2021-07-09 11:55:42,226][MainThread:25124][task_id:django.utils.autoreload][autoreload.py:251][INFO][D:\zhouzhi\gitlit_code\logistic_tracking_system\logistic_tracking_system\lts\views.py changed, reloading.]
[2021-07-09 11:55:43,263][MainThread:23020][task_id:django.utils.autoreload][autoreload.py:637][INFO][Watching for file changes with StatReloader]
[2021-07-09 11:56:36,787][MainThread:23020][task_id:django.utils.autoreload][autoreload.py:251][INFO][D:\zhouzhi\gitlit_code\logistic_tracking_system\logistic_tracking_system\lts\views.py changed, reloading.]
[2021-07-09 11:56:37,842][MainThread:32696][task_id:django.utils.autoreload][autoreload.py:637][INFO][Watching for file changes with StatReloader]
[2021-07-09 11:57:03,205][MainThread:32696][task_id:django.utils.autoreload][autoreload.py:251][INFO][D:\zhouzhi\gitlit_code\logistic_tracking_system\logistic_tracking_system\lts\views.py changed, reloading.]
[2021-07-09 11:57:04,240][MainThread:31676][task_id:django.utils.autoreload][autoreload.py:637][INFO][Watching for file changes with StatReloader]
[2021-07-09 11:58:29,508][Thread-2:20532][task_id:lts.views][views.py:1989][ERROR][创建产品详情表失败]
[2021-07-09 11:58:33,009][MainThread:31676][task_id:django.utils.autoreload][autoreload.py:251][INFO][D:\zhouzhi\gitlit_code\logistic_tracking_system\logistic_tracking_system\lts\views.py changed, reloading.]
[2021-07-09 11:58:34,074][MainThread:19808][task_id:django.utils.autoreload][autoreload.py:637][INFO][Watching for file changes with StatReloader]
[2021-07-09 11:59:04,047][MainThread:19808][task_id:django.utils.autoreload][autoreload.py:251][INFO][D:\zhouzhi\gitlit_code\logistic_tracking_system\logistic_tracking_system\lts\views.py changed, reloading.]
[2021-07-09 11:59:05,067][MainThread:13164][task_id:django.utils.autoreload][autoreload.py:637][INFO][Watching for file changes with StatReloader]
[2021-07-09 11:59:18,365][MainThread:13164][task_id:django.utils.autoreload][autoreload.py:251][INFO][D:\zhouzhi\gitlit_code\logistic_tracking_system\logistic_tracking_system\lts\views.py changed, reloading.]
[2021-07-09 11:59:19,386][MainThread:18028][task_id:django.utils.autoreload][autoreload.py:637][INFO][Watching for file changes with StatReloader]
[2021-07-09 12:39:27,989][Thread-2:7032][task_id:lts.views][views.py:1993][ERROR][创建产品详情表失败]
[2021-07-09 12:39:59,511][Thread-2:7032][task_id:lts.views][views.py:1993][ERROR][创建产品详情表失败]
[2021-07-09 12:40:20,107][Thread-2:7032][task_id:lts.views][views.py:1993][ERROR][创建产品详情表失败]
[2021-07-09 12:43:52,546][Thread-1:24304][task_id:lts.views][views.py:1993][ERROR][创建产品详情表失败]
[2021-07-09 12:45:10,685][Thread-1:24304][task_id:lts.views][views.py:1993][ERROR][创建产品详情表失败]
[2021-07-09 12:48:55,929][Thread-1:24304][task_id:lts.views][views.py:1993][ERROR][创建产品详情表失败]
[2021-07-09 12:49:35,226][MainThread:18028][task_id:django.utils.autoreload][autoreload.py:251][INFO][D:\zhouzhi\gitlit_code\logistic_tracking_system\logistic_tracking_system\lts\views.py changed, reloading.]
[2021-07-09 12:49:36,271][MainThread:13720][task_id:django.utils.autoreload][autoreload.py:637][INFO][Watching for file changes with StatReloader]
[2021-07-09 12:52:02,766][MainThread:13720][task_id:django.utils.autoreload][autoreload.py:251][INFO][D:\zhouzhi\gitlit_code\logistic_tracking_system\logistic_tracking_system\lts\views.py changed, reloading.]
[2021-07-09 12:52:03,795][MainThread:20020][task_id:django.utils.autoreload][autoreload.py:637][INFO][Watching for file changes with StatReloader]
[2021-07-09 12:53:13,555][Thread-1:24736][task_id:lts.views][views.py:1999][ERROR][创建产品详情表失败]
[2021-07-09 12:53:29,815][Thread-1:24736][task_id:lts.views][views.py:1999][ERROR][创建产品详情表失败]
[2021-07-09 12:54:30,898][Thread-1:24736][task_id:lts.views][views.py:1999][ERROR][创建产品详情表失败]
[2021-07-09 12:55:10,114][Thread-1:24736][task_id:lts.views][views.py:1999][ERROR][创建产品详情表失败]
[2021-07-09 12:55:16,634][Thread-1:24736][task_id:lts.views][views.py:1999][ERROR][创建产品详情表失败]
[2021-07-09 12:57:03,474][Thread-2:26344][task_id:lts.views][views.py:541][INFO][创建人员成功]
[2021-07-09 12:58:24,388][MainThread:20020][task_id:django.utils.autoreload][autoreload.py:251][INFO][D:\zhouzhi\gitlit_code\logistic_tracking_system\logistic_tracking_system\lts\views.py changed, reloading.]
[2021-07-09 12:58:25,448][MainThread:2480][task_id:django.utils.autoreload][autoreload.py:637][INFO][Watching for file changes with StatReloader]
[2021-07-09 12:58:25,983][Thread-1:21872][task_id:lts.views][views.py:1998][ERROR][创建产品详情表失败]
[2021-07-09 12:58:40,597][Thread-2:32676][task_id:lts.views][views.py:1998][ERROR][创建产品详情表失败]
[2021-07-09 12:59:52,474][Thread-1:21872][task_id:lts.views][views.py:541][INFO][创建人员成功]
[2021-07-09 13:00:29,827][Thread-1:21872][task_id:lts.views][views.py:1998][ERROR][创建产品详情表失败]
[2021-07-09 13:01:29,492][Thread-2:32676][task_id:lts.views][views.py:1998][ERROR][创建产品详情表失败]
[2021-07-09 13:02:31,785][Thread-3:5992][task_id:lts.views][views.py:1998][ERROR][创建产品详情表失败]
[2021-07-09 13:03:31,342][Thread-1:21872][task_id:lts.views][views.py:1998][ERROR][创建产品详情表失败]
[2021-07-09 13:04:09,349][Thread-1:21872][task_id:lts.views][views.py:1998][ERROR][创建产品详情表失败]
[2021-07-09 13:04:14,046][Thread-2:32676][task_id:lts.views][views.py:1998][ERROR][创建产品详情表失败]
[2021-07-09 13:04:40,574][Thread-2:32676][task_id:lts.views][views.py:1998][ERROR][创建产品详情表失败]
[2021-07-09 13:04:45,339][Thread-2:32676][task_id:lts.views][views.py:1998][ERROR][创建产品详情表失败]
[2021-07-09 13:07:50,706][Thread-4:32044][task_id:lts.views][views.py:2082][ERROR][修改失败---->'NoneType' object is not iterable]
[2021-07-09 13:08:05,828][Thread-2:32676][task_id:lts.views][views.py:1998][ERROR][创建产品详情表失败]
[2021-07-09 13:10:56,498][Thread-2:32676][task_id:lts.views][views.py:1998][ERROR][创建产品详情表失败]
[2021-07-09 13:11:25,885][Thread-2:32676][task_id:lts.views][views.py:1998][ERROR][创建产品详情表失败]
[2021-07-09 13:15:11,461][MainThread:2480][task_id:django.utils.autoreload][autoreload.py:251][INFO][D:\zhouzhi\gitlit_code\logistic_tracking_system\logistic_tracking_system\lts\views.py changed, reloading.]
[2021-07-09 13:15:12,511][MainThread:31632][task_id:django.utils.autoreload][autoreload.py:637][INFO][Watching for file changes with StatReloader]
[2021-07-09 13:15:32,210][Thread-1:33436][task_id:lts.views][views.py:1999][ERROR][创建产品详情表失败]
[2021-07-09 13:19:34,268][Thread-1:33436][task_id:lts.views][views.py:1999][ERROR][创建产品详情表失败]
[2021-07-09 13:21:47,015][Thread-1:33436][task_id:lts.views][views.py:1999][ERROR][创建产品详情表失败]
[2021-07-09 13:23:24,619][Thread-1:33436][task_id:lts.views][views.py:1999][ERROR][创建产品详情表失败]
[2021-07-09 13:23:54,427][Thread-1:33436][task_id:lts.views][views.py:1999][ERROR][创建产品详情表失败]
[2021-07-09 13:25:33,618][MainThread:31632][task_id:django.utils.autoreload][autoreload.py:251][INFO][D:\zhouzhi\gitlit_code\logistic_tracking_system\logistic_tracking_system\lts\views.py changed, reloading.]
[2021-07-09 13:25:34,678][MainThread:31248][task_id:django.utils.autoreload][autoreload.py:637][INFO][Watching for file changes with StatReloader]
[2021-07-09 13:25:36,438][Thread-1:30572][task_id:lts.views][views.py:2001][ERROR][创建产品详情表失败]
[2021-07-09 13:26:11,864][MainThread:31248][task_id:django.utils.autoreload][autoreload.py:251][INFO][D:\zhouzhi\gitlit_code\logistic_tracking_system\logistic_tracking_system\lts\views.py changed, reloading.]
[2021-07-09 13:26:13,010][MainThread:17800][task_id:django.utils.autoreload][autoreload.py:637][INFO][Watching for file changes with StatReloader]
[2021-07-09 13:26:14,769][Thread-1:32912][task_id:lts.views][views.py:2002][ERROR][创建产品详情表失败]
[2021-07-09 13:28:07,432][MainThread:17800][task_id:django.utils.autoreload][autoreload.py:251][INFO][D:\zhouzhi\gitlit_code\logistic_tracking_system\logistic_tracking_system\lts\views.py changed, reloading.]
[2021-07-09 13:28:08,703][MainThread:33060][task_id:django.utils.autoreload][autoreload.py:637][INFO][Watching for file changes with StatReloader]
[2021-07-09 13:28:16,664][MainThread:33060][task_id:django.utils.autoreload][autoreload.py:251][INFO][D:\zhouzhi\gitlit_code\logistic_tracking_system\logistic_tracking_system\lts\views.py changed, reloading.]
[2021-07-09 13:28:17,690][MainThread:33228][task_id:django.utils.autoreload][autoreload.py:637][INFO][Watching for file changes with StatReloader]
[2021-07-09 13:28:21,630][Thread-1:21652][task_id:lts.views][views.py:2002][ERROR][创建产品详情表失败]
[2021-07-09 13:28:45,201][MainThread:33228][task_id:django.utils.autoreload][autoreload.py:251][INFO][D:\zhouzhi\gitlit_code\logistic_tracking_system\logistic_tracking_system\lts\views.py changed, reloading.]
[2021-07-09 13:28:46,235][MainThread:17636][task_id:django.utils.autoreload][autoreload.py:637][INFO][Watching for file changes with StatReloader]
[2021-07-09 13:28:48,183][Thread-1:29968][task_id:lts.views][views.py:2002][ERROR][创建产品详情表失败]
[2021-07-09 13:29:10,669][MainThread:17636][task_id:django.utils.autoreload][autoreload.py:251][INFO][D:\zhouzhi\gitlit_code\logistic_tracking_system\logistic_tracking_system\lts\views.py changed, reloading.]
[2021-07-09 13:29:11,706][MainThread:5988][task_id:django.utils.autoreload][autoreload.py:637][INFO][Watching for file changes with StatReloader]
[2021-07-09 13:29:13,408][Thread-1:11124][task_id:lts.views][views.py:2002][ERROR][创建产品详情表失败]
[2021-07-09 13:29:45,765][MainThread:5988][task_id:django.utils.autoreload][autoreload.py:251][INFO][D:\zhouzhi\gitlit_code\logistic_tracking_system\logistic_tracking_system\lts\views.py changed, reloading.]
[2021-07-09 13:29:46,814][MainThread:25232][task_id:django.utils.autoreload][autoreload.py:637][INFO][Watching for file changes with StatReloader]
[2021-07-09 13:29:48,327][Thread-1:13340][task_id:lts.views][views.py:2003][ERROR][创建产品详情表失败]
[2021-07-09 13:30:02,691][MainThread:25232][task_id:django.utils.autoreload][autoreload.py:251][INFO][D:\zhouzhi\gitlit_code\logistic_tracking_system\logistic_tracking_system\lts\views.py changed, reloading.]
[2021-07-09 13:30:03,742][MainThread:32912][task_id:django.utils.autoreload][autoreload.py:637][INFO][Watching for file changes with StatReloader]
[2021-07-09 13:30:04,905][Thread-1:9848][task_id:lts.views][views.py:2003][ERROR][创建产品详情表失败]
[2021-07-09 13:41:22,354][Thread-1:9848][task_id:lts.views][views.py:2003][ERROR][创建产品详情表失败]
[2021-07-09 13:41:53,765][MainThread:32912][task_id:django.utils.autoreload][autoreload.py:251][INFO][D:\zhouzhi\gitlit_code\logistic_tracking_system\logistic_tracking_system\lts\views.py changed, reloading.]
[2021-07-09 13:41:54,799][MainThread:33408][task_id:django.utils.autoreload][autoreload.py:637][INFO][Watching for file changes with StatReloader]
[2021-07-09 13:41:56,328][Thread-1:27768][task_id:lts.views][views.py:2003][ERROR][创建产品详情表失败]
[2021-07-09 13:42:18,965][Thread-1:27768][task_id:lts.views][views.py:2003][ERROR][创建产品详情表失败]
[2021-07-09 13:42:46,043][MainThread:33408][task_id:django.utils.autoreload][autoreload.py:251][INFO][D:\zhouzhi\gitlit_code\logistic_tracking_system\logistic_tracking_system\lts\views.py changed, reloading.]
[2021-07-09 13:42:47,097][MainThread:11748][task_id:django.utils.autoreload][autoreload.py:637][INFO][Watching for file changes with StatReloader]
[2021-07-09 13:42:49,455][Thread-1:25088][task_id:lts.views][views.py:2003][ERROR][创建产品详情表失败]
[2021-07-09 13:44:03,733][Thread-1:25088][task_id:lts.views][views.py:2003][ERROR][创建产品详情表失败]
[2021-07-09 13:48:32,985][Thread-1:25088][task_id:lts.views][views.py:2003][ERROR][创建产品详情表失败]
[2021-07-09 13:55:33,295][Thread-1:25088][task_id:lts.views][views.py:2003][ERROR][创建产品详情表失败]
[2021-07-09 13:56:36,860][MainThread:11748][task_id:django.utils.autoreload][autoreload.py:251][INFO][D:\zhouzhi\gitlit_code\logistic_tracking_system\logistic_tracking_system\lts\views.py changed, reloading.]
[2021-07-09 13:56:37,929][MainThread:27412][task_id:django.utils.autoreload][autoreload.py:637][INFO][Watching for file changes with StatReloader]
[2021-07-09 13:56:42,977][Thread-1:30456][task_id:lts.views][views.py:2004][ERROR][创建产品详情表失败]
[2021-07-09 13:56:57,036][MainThread:27412][task_id:django.utils.autoreload][autoreload.py:251][INFO][D:\zhouzhi\gitlit_code\logistic_tracking_system\logistic_tracking_system\lts\views.py changed, reloading.]
[2021-07-09 13:56:58,218][MainThread:31088][task_id:django.utils.autoreload][autoreload.py:637][INFO][Watching for file changes with StatReloader]
[2021-07-09 13:57:02,477][Thread-1:28440][task_id:lts.views][views.py:2004][ERROR][创建产品详情表失败]
[2021-07-09 13:59:43,182][MainThread:31088][task_id:django.utils.autoreload][autoreload.py:251][INFO][D:\zhouzhi\gitlit_code\logistic_tracking_system\logistic_tracking_system\lts\views.py changed, reloading.]
[2021-07-09 13:59:44,256][MainThread:7064][task_id:django.utils.autoreload][autoreload.py:637][INFO][Watching for file changes with StatReloader]
[2021-07-09 13:59:46,943][Thread-1:27624][task_id:lts.views][views.py:2004][ERROR][创建产品详情表失败]
[2021-07-09 14:00:06,732][MainThread:7064][task_id:django.utils.autoreload][autoreload.py:251][INFO][D:\zhouzhi\gitlit_code\logistic_tracking_system\logistic_tracking_system\lts\views.py changed, reloading.]
[2021-07-09 14:00:07,972][MainThread:3456][task_id:django.utils.autoreload][autoreload.py:637][INFO][Watching for file changes with StatReloader]
[2021-07-09 14:00:25,325][MainThread:3456][task_id:django.utils.autoreload][autoreload.py:251][INFO][D:\zhouzhi\gitlit_code\logistic_tracking_system\logistic_tracking_system\lts\views.py changed, reloading.]
[2021-07-09 14:00:26,389][MainThread:14740][task_id:django.utils.autoreload][autoreload.py:637][INFO][Watching for file changes with StatReloader]
[2021-07-09 14:00:28,364][Thread-1:11552][task_id:lts.views][views.py:2004][ERROR][创建产品详情表失败]
[2021-07-09 14:01:37,655][MainThread:14740][task_id:django.utils.autoreload][autoreload.py:251][INFO][D:\zhouzhi\gitlit_code\logistic_tracking_system\logistic_tracking_system\lts\views.py changed, reloading.]
[2021-07-09 14:01:38,702][MainThread:30960][task_id:django.utils.autoreload][autoreload.py:637][INFO][Watching for file changes with StatReloader]
[2021-07-09 14:01:39,892][Thread-1:6436][task_id:lts.views][views.py:2009][ERROR][创建产品详情表失败]
[2021-07-09 14:01:59,733][MainThread:30960][task_id:django.utils.autoreload][autoreload.py:251][INFO][D:\zhouzhi\gitlit_code\logistic_tracking_system\logistic_tracking_system\lts\views.py changed, reloading.]
[2021-07-09 14:02:00,774][MainThread:17176][task_id:django.utils.autoreload][autoreload.py:637][INFO][Watching for file changes with StatReloader]
[2021-07-09 14:02:01,968][Thread-1:17136][task_id:lts.views][views.py:2010][ERROR][创建产品详情表失败]
[2021-07-09 14:03:16,694][MainThread:17176][task_id:django.utils.autoreload][autoreload.py:251][INFO][D:\zhouzhi\gitlit_code\logistic_tracking_system\logistic_tracking_system\lts\views.py changed, reloading.]
[2021-07-09 14:03:17,785][MainThread:29764][task_id:django.utils.autoreload][autoreload.py:637][INFO][Watching for file changes with StatReloader]
[2021-07-09 14:03:19,877][Thread-1:19384][task_id:lts.views][views.py:2011][ERROR][创建产品详情表失败]
[2021-07-09 14:03:56,135][MainThread:29764][task_id:django.utils.autoreload][autoreload.py:251][INFO][D:\zhouzhi\gitlit_code\logistic_tracking_system\logistic_tracking_system\lts\views.py changed, reloading.]
[2021-07-09 14:03:57,216][MainThread:8452][task_id:django.utils.autoreload][autoreload.py:637][INFO][Watching for file changes with StatReloader]
[2021-07-09 14:03:58,644][Thread-1:29584][task_id:lts.views][views.py:2014][ERROR][创建产品详情表失败]
[2021-07-09 14:04:17,574][MainThread:8452][task_id:django.utils.autoreload][autoreload.py:251][INFO][D:\zhouzhi\gitlit_code\logistic_tracking_system\logistic_tracking_system\lts\views.py changed, reloading.]
[2021-07-09 14:04:18,847][MainThread:15608][task_id:django.utils.autoreload][autoreload.py:637][INFO][Watching for file changes with StatReloader]
[2021-07-09 14:04:20,367][Thread-1:13704][task_id:lts.views][views.py:2015][ERROR][创建产品详情表失败]
[2021-07-09 14:05:46,681][MainThread:15608][task_id:django.utils.autoreload][autoreload.py:251][INFO][D:\zhouzhi\gitlit_code\logistic_tracking_system\logistic_tracking_system\lts\views.py changed, reloading.]
[2021-07-09 14:05:47,738][MainThread:33632][task_id:django.utils.autoreload][autoreload.py:637][INFO][Watching for file changes with StatReloader]
[2021-07-09 14:06:00,465][Thread-1:32056][task_id:lts.views][views.py:2016][ERROR][创建产品详情表失败]
[2021-07-09 14:06:25,971][MainThread:33632][task_id:django.utils.autoreload][autoreload.py:251][INFO][D:\zhouzhi\gitlit_code\logistic_tracking_system\logistic_tracking_system\lts\views.py changed, reloading.]
[2021-07-09 14:06:27,035][MainThread:16184][task_id:django.utils.autoreload][autoreload.py:637][INFO][Watching for file changes with StatReloader]
[2021-07-09 14:06:27,307][Thread-1:32888][task_id:lts.views][views.py:2016][ERROR][创建产品详情表失败]
[2021-07-09 14:08:34,159][Thread-1:32888][task_id:lts.views][views.py:2016][ERROR][创建产品详情表失败]
[2021-07-09 14:09:38,403][MainThread:16184][task_id:django.utils.autoreload][autoreload.py:251][INFO][D:\zhouzhi\gitlit_code\logistic_tracking_system\logistic_tracking_system\lts\views.py changed, reloading.]
[2021-07-09 14:09:39,432][MainThread:24724][task_id:django.utils.autoreload][autoreload.py:637][INFO][Watching for file changes with StatReloader]
[2021-07-09 14:09:42,412][Thread-1:19248][task_id:lts.views][views.py:2006][INFO][创建产品详情表成功]
[2021-07-09 14:12:30,706][MainThread:24724][task_id:django.utils.autoreload][autoreload.py:251][INFO][D:\zhouzhi\gitlit_code\logistic_tracking_system\logistic_tracking_system\lts\views.py changed, reloading.]
[2021-07-09 14:12:31,773][MainThread:31396][task_id:django.utils.autoreload][autoreload.py:637][INFO][Watching for file changes with StatReloader]
[2021-07-09 14:13:28,203][MainThread:31396][task_id:django.utils.autoreload][autoreload.py:251][INFO][D:\zhouzhi\gitlit_code\logistic_tracking_system\logistic_tracking_system\lts\views.py changed, reloading.]
[2021-07-09 14:13:29,332][MainThread:33776][task_id:django.utils.autoreload][autoreload.py:637][INFO][Watching for file changes with StatReloader]
[2021-07-09 14:13:59,136][MainThread:33776][task_id:django.utils.autoreload][autoreload.py:251][INFO][D:\zhouzhi\gitlit_code\logistic_tracking_system\logistic_tracking_system\lts\views.py changed, reloading.]
[2021-07-09 14:14:00,185][MainThread:23048][task_id:django.utils.autoreload][autoreload.py:637][INFO][Watching for file changes with StatReloader]
[2021-07-09 14:19:32,626][MainThread:23048][task_id:django.utils.autoreload][autoreload.py:251][INFO][D:\zhouzhi\gitlit_code\logistic_tracking_system\logistic_tracking_system\lts\views.py changed, reloading.]
[2021-07-09 14:19:33,696][MainThread:13688][task_id:django.utils.autoreload][autoreload.py:637][INFO][Watching for file changes with StatReloader]
[2021-07-09 14:21:52,946][MainThread:13688][task_id:django.utils.autoreload][autoreload.py:251][INFO][D:\zhouzhi\gitlit_code\logistic_tracking_system\logistic_tracking_system\lts\views.py changed, reloading.]
[2021-07-09 14:21:53,996][MainThread:24148][task_id:django.utils.autoreload][autoreload.py:637][INFO][Watching for file changes with StatReloader]
[2021-07-09 14:22:01,795][Thread-1:29996][task_id:lts.views][views.py:1344][INFO][创建产品物料列表结构表成功]
[2021-07-09 14:27:24,642][MainThread:24148][task_id:django.utils.autoreload][autoreload.py:251][INFO][D:\zhouzhi\gitlit_code\logistic_tracking_system\logistic_tracking_system\lts\views.py changed, reloading.]
[2021-07-09 14:27:25,680][MainThread:27504][task_id:django.utils.autoreload][autoreload.py:637][INFO][Watching for file changes with StatReloader]
[2021-07-09 14:30:29,642][MainThread:27504][task_id:django.utils.autoreload][autoreload.py:251][INFO][D:\zhouzhi\gitlit_code\logistic_tracking_system\logistic_tracking_system\lts\views.py changed, reloading.]
[2021-07-09 14:30:30,698][MainThread:29692][task_id:django.utils.autoreload][autoreload.py:637][INFO][Watching for file changes with StatReloader]
[2021-07-09 14:31:15,189][MainThread:29692][task_id:django.utils.autoreload][autoreload.py:251][INFO][D:\zhouzhi\gitlit_code\logistic_tracking_system\logistic_tracking_system\lts\views.py changed, reloading.]
[2021-07-09 14:31:16,221][MainThread:33624][task_id:django.utils.autoreload][autoreload.py:637][INFO][Watching for file changes with StatReloader]
[2021-07-09 14:31:31,290][Thread-1:14960][task_id:lts.views][views.py:1991][INFO][创建产品详情表成功]
[2021-07-09 14:32:09,588][MainThread:33624][task_id:django.utils.autoreload][autoreload.py:251][INFO][D:\zhouzhi\gitlit_code\logistic_tracking_system\logistic_tracking_system\lts\views.py changed, reloading.]
[2021-07-09 14:32:10,633][MainThread:11124][task_id:django.utils.autoreload][autoreload.py:637][INFO][Watching for file changes with StatReloader]
[2021-07-09 14:35:07,940][MainThread:11124][task_id:django.utils.autoreload][autoreload.py:251][INFO][D:\zhouzhi\gitlit_code\logistic_tracking_system\logistic_tracking_system\lts\views.py changed, reloading.]
[2021-07-09 14:35:09,001][MainThread:30128][task_id:django.utils.autoreload][autoreload.py:637][INFO][Watching for file changes with StatReloader]
[2021-07-09 14:36:04,443][MainThread:30128][task_id:django.utils.autoreload][autoreload.py:251][INFO][D:\zhouzhi\gitlit_code\logistic_tracking_system\logistic_tracking_system\lts\views.py changed, reloading.]
[2021-07-09 14:36:05,497][MainThread:28824][task_id:django.utils.autoreload][autoreload.py:637][INFO][Watching for file changes with StatReloader]
[2021-07-09 14:36:38,252][MainThread:28824][task_id:django.utils.autoreload][autoreload.py:251][INFO][D:\zhouzhi\gitlit_code\logistic_tracking_system\logistic_tracking_system\lts\views.py changed, reloading.]
[2021-07-09 14:36:39,281][MainThread:15896][task_id:django.utils.autoreload][autoreload.py:637][INFO][Watching for file changes with StatReloader]
[2021-07-09 14:37:06,767][MainThread:15896][task_id:django.utils.autoreload][autoreload.py:251][INFO][D:\zhouzhi\gitlit_code\logistic_tracking_system\logistic_tracking_system\lts\views.py changed, reloading.]
[2021-07-09 14:37:07,813][MainThread:24536][task_id:django.utils.autoreload][autoreload.py:637][INFO][Watching for file changes with StatReloader]
[2021-07-09 14:37:26,740][MainThread:24536][task_id:django.utils.autoreload][autoreload.py:251][INFO][D:\zhouzhi\gitlit_code\logistic_tracking_system\logistic_tracking_system\lts\views.py changed, reloading.]
[2021-07-09 14:37:27,779][MainThread:33748][task_id:django.utils.autoreload][autoreload.py:637][INFO][Watching for file changes with StatReloader]
[2021-07-09 14:37:45,445][MainThread:33748][task_id:django.utils.autoreload][autoreload.py:251][INFO][D:\zhouzhi\gitlit_code\logistic_tracking_system\logistic_tracking_system\lts\views.py changed, reloading.]
[2021-07-09 14:37:46,473][MainThread:32892][task_id:django.utils.autoreload][autoreload.py:637][INFO][Watching for file changes with StatReloader]
[2021-07-09 14:38:07,467][MainThread:32892][task_id:django.utils.autoreload][autoreload.py:251][INFO][D:\zhouzhi\gitlit_code\logistic_tracking_system\logistic_tracking_system\lts\views.py changed, reloading.]
[2021-07-09 14:38:08,509][MainThread:31496][task_id:django.utils.autoreload][autoreload.py:637][INFO][Watching for file changes with StatReloader]
[2021-07-09 14:38:31,833][MainThread:31496][task_id:django.utils.autoreload][autoreload.py:251][INFO][D:\zhouzhi\gitlit_code\logistic_tracking_system\logistic_tracking_system\lts\views.py changed, reloading.]
[2021-07-09 14:38:32,845][MainThread:15716][task_id:django.utils.autoreload][autoreload.py:637][INFO][Watching for file changes with StatReloader]
[2021-07-09 14:38:51,604][MainThread:15716][task_id:django.utils.autoreload][autoreload.py:251][INFO][D:\zhouzhi\gitlit_code\logistic_tracking_system\logistic_tracking_system\lts\views.py changed, reloading.]
[2021-07-09 14:38:52,660][MainThread:31892][task_id:django.utils.autoreload][autoreload.py:637][INFO][Watching for file changes with StatReloader]
[2021-07-09 14:39:20,147][MainThread:31892][task_id:django.utils.autoreload][autoreload.py:251][INFO][D:\zhouzhi\gitlit_code\logistic_tracking_system\logistic_tracking_system\lts\views.py changed, reloading.]
[2021-07-09 14:39:21,181][MainThread:29528][task_id:django.utils.autoreload][autoreload.py:637][INFO][Watching for file changes with StatReloader]
[2021-07-09 14:40:00,515][MainThread:29528][task_id:django.utils.autoreload][autoreload.py:251][INFO][D:\zhouzhi\gitlit_code\logistic_tracking_system\logistic_tracking_system\lts\views.py changed, reloading.]
[2021-07-09 14:40:01,565][MainThread:32036][task_id:django.utils.autoreload][autoreload.py:637][INFO][Watching for file changes with StatReloader]
[2021-07-09 14:41:25,749][MainThread:32036][task_id:django.utils.autoreload][autoreload.py:251][INFO][D:\zhouzhi\gitlit_code\logistic_tracking_system\logistic_tracking_system\lts\views.py changed, reloading.]
[2021-07-09 14:41:26,795][MainThread:30344][task_id:django.utils.autoreload][autoreload.py:637][INFO][Watching for file changes with StatReloader]
[2021-07-09 14:42:13,093][MainThread:30344][task_id:django.utils.autoreload][autoreload.py:251][INFO][D:\zhouzhi\gitlit_code\logistic_tracking_system\logistic_tracking_system\lts\views.py changed, reloading.]
[2021-07-09 14:42:14,122][MainThread:24772][task_id:django.utils.autoreload][autoreload.py:637][INFO][Watching for file changes with StatReloader]
[2021-07-09 14:43:11,914][MainThread:24772][task_id:django.utils.autoreload][autoreload.py:251][INFO][D:\zhouzhi\gitlit_code\logistic_tracking_system\logistic_tracking_system\lts\views.py changed, reloading.]
[2021-07-09 14:43:12,964][MainThread:30916][task_id:django.utils.autoreload][autoreload.py:637][INFO][Watching for file changes with StatReloader]
[2021-07-09 14:47:27,395][Thread-2:9276][task_id:lts.views][views.py:2001][ERROR][创建产品详情表失败]
[2021-07-09 14:52:09,220][Thread-1:15608][task_id:lts.views][views.py:2001][ERROR][创建产品详情表失败]
[2021-07-09 14:53:21,662][Thread-1:15608][task_id:lts.views][views.py:2073][ERROR][修改失败---->eval() arg 1 must be a string, bytes or code object]
[2021-07-09 14:54:32,046][MainThread:30916][task_id:django.utils.autoreload][autoreload.py:251][INFO][D:\zhouzhi\gitlit_code\logistic_tracking_system\logistic_tracking_system\lts\views.py changed, reloading.]
[2021-07-09 14:54:33,084][MainThread:12328][task_id:django.utils.autoreload][autoreload.py:637][INFO][Watching for file changes with StatReloader]
[2021-07-09 14:54:41,239][Thread-1:12324][task_id:lts.views][views.py:2001][ERROR][创建产品详情表失败]
[2021-07-09 14:55:29,658][MainThread:12328][task_id:django.utils.autoreload][autoreload.py:251][INFO][D:\zhouzhi\gitlit_code\logistic_tracking_system\logistic_tracking_system\lts\views.py changed, reloading.]
[2021-07-09 14:55:30,728][MainThread:30272][task_id:django.utils.autoreload][autoreload.py:637][INFO][Watching for file changes with StatReloader]
[2021-07-09 14:59:14,637][Thread-1:14060][task_id:lts.views][views.py:2004][ERROR][创建产品详情表失败]
[2021-07-09 15:00:37,265][MainThread:30272][task_id:django.utils.autoreload][autoreload.py:251][INFO][D:\zhouzhi\gitlit_code\logistic_tracking_system\logistic_tracking_system\lts\views.py changed, reloading.]
[2021-07-09 15:00:38,326][MainThread:31544][task_id:django.utils.autoreload][autoreload.py:637][INFO][Watching for file changes with StatReloader]
[2021-07-09 15:00:58,781][Thread-1:11124][task_id:lts.views][views.py:2004][ERROR][创建产品详情表失败]
[2021-07-09 15:03:32,139][MainThread:31544][task_id:django.utils.autoreload][autoreload.py:251][INFO][D:\zhouzhi\gitlit_code\logistic_tracking_system\logistic_tracking_system\lts\views.py changed, reloading.]
[2021-07-09 15:03:33,498][MainThread:896][task_id:django.utils.autoreload][autoreload.py:637][INFO][Watching for file changes with StatReloader]
[2021-07-09 15:04:30,090][MainThread:896][task_id:django.utils.autoreload][autoreload.py:251][INFO][D:\zhouzhi\gitlit_code\logistic_tracking_system\logistic_tracking_system\lts\views.py changed, reloading.]
[2021-07-09 15:04:31,148][MainThread:31968][task_id:django.utils.autoreload][autoreload.py:637][INFO][Watching for file changes with StatReloader]
[2021-07-09 15:04:50,925][MainThread:31968][task_id:django.utils.autoreload][autoreload.py:251][INFO][D:\zhouzhi\gitlit_code\logistic_tracking_system\logistic_tracking_system\lts\views.py changed, reloading.]
[2021-07-09 15:04:51,977][MainThread:30876][task_id:django.utils.autoreload][autoreload.py:637][INFO][Watching for file changes with StatReloader]
[2021-07-09 15:05:08,752][MainThread:30876][task_id:django.utils.autoreload][autoreload.py:251][INFO][D:\zhouzhi\gitlit_code\logistic_tracking_system\logistic_tracking_system\lts\views.py changed, reloading.]
[2021-07-09 15:05:09,784][MainThread:30448][task_id:django.utils.autoreload][autoreload.py:637][INFO][Watching for file changes with StatReloader]
[2021-07-09 15:05:18,862][MainThread:30448][task_id:django.utils.autoreload][autoreload.py:251][INFO][D:\zhouzhi\gitlit_code\logistic_tracking_system\logistic_tracking_system\lts\views.py changed, reloading.]
[2021-07-09 15:05:19,912][MainThread:32312][task_id:django.utils.autoreload][autoreload.py:637][INFO][Watching for file changes with StatReloader]
[2021-07-09 15:05:28,980][MainThread:32312][task_id:django.utils.autoreload][autoreload.py:251][INFO][D:\zhouzhi\gitlit_code\logistic_tracking_system\logistic_tracking_system\lts\views.py changed, reloading.]
[2021-07-09 15:05:30,045][MainThread:30376][task_id:django.utils.autoreload][autoreload.py:637][INFO][Watching for file changes with StatReloader]
[2021-07-09 15:08:14,894][MainThread:30376][task_id:django.utils.autoreload][autoreload.py:251][INFO][D:\zhouzhi\gitlit_code\logistic_tracking_system\logistic_tracking_system\lts\views.py changed, reloading.]
[2021-07-09 15:08:15,985][MainThread:16320][task_id:django.utils.autoreload][autoreload.py:637][INFO][Watching for file changes with StatReloader]
[2021-07-09 15:10:31,149][MainThread:16320][task_id:django.utils.autoreload][autoreload.py:251][INFO][D:\zhouzhi\gitlit_code\logistic_tracking_system\logistic_tracking_system\lts\views.py changed, reloading.]
[2021-07-09 15:10:32,242][MainThread:14740][task_id:django.utils.autoreload][autoreload.py:637][INFO][Watching for file changes with StatReloader]
[2021-07-09 15:16:02,822][MainThread:14740][task_id:django.utils.autoreload][autoreload.py:251][INFO][D:\zhouzhi\gitlit_code\logistic_tracking_system\logistic_tracking_system\lts\views.py changed, reloading.]
[2021-07-09 15:16:03,882][MainThread:31680][task_id:django.utils.autoreload][autoreload.py:637][INFO][Watching for file changes with StatReloader]
[2021-07-09 15:20:51,921][MainThread:31680][task_id:django.utils.autoreload][autoreload.py:251][INFO][D:\zhouzhi\gitlit_code\logistic_tracking_system\logistic_tracking_system\lts\views.py changed, reloading.]
[2021-07-09 15:20:53,140][MainThread:33600][task_id:django.utils.autoreload][autoreload.py:637][INFO][Watching for file changes with StatReloader]
[2021-07-09 15:22:27,193][MainThread:33600][task_id:django.utils.autoreload][autoreload.py:251][INFO][D:\zhouzhi\gitlit_code\logistic_tracking_system\logistic_tracking_system\lts\views.py changed, reloading.]
[2021-07-09 15:22:28,290][MainThread:1408][task_id:django.utils.autoreload][autoreload.py:637][INFO][Watching for file changes with StatReloader]
[2021-07-09 15:22:34,051][Thread-1:22060][task_id:lts.views][views.py:2018][ERROR][创建产品详情表失败]
[2021-07-09 15:22:59,722][MainThread:1408][task_id:django.utils.autoreload][autoreload.py:251][INFO][D:\zhouzhi\gitlit_code\logistic_tracking_system\logistic_tracking_system\lts\views.py changed, reloading.]
[2021-07-09 15:23:00,816][MainThread:16132][task_id:django.utils.autoreload][autoreload.py:637][INFO][Watching for file changes with StatReloader]
[2021-07-09 15:23:02,982][Thread-1:17196][task_id:lts.views][views.py:2020][ERROR][创建产品详情表失败]
[2021-07-09 15:23:29,396][MainThread:16132][task_id:django.utils.autoreload][autoreload.py:251][INFO][D:\zhouzhi\gitlit_code\logistic_tracking_system\logistic_tracking_system\lts\views.py changed, reloading.]
[2021-07-09 15:23:30,460][MainThread:33172][task_id:django.utils.autoreload][autoreload.py:637][INFO][Watching for file changes with StatReloader]
[2021-07-09 15:23:31,416][Thread-1:21672][task_id:lts.views][views.py:2020][ERROR][创建产品详情表失败]
[2021-07-09 15:23:44,907][MainThread:33172][task_id:django.utils.autoreload][autoreload.py:251][INFO][D:\zhouzhi\gitlit_code\logistic_tracking_system\logistic_tracking_system\lts\views.py changed, reloading.]
[2021-07-09 15:23:45,987][MainThread:15768][task_id:django.utils.autoreload][autoreload.py:637][INFO][Watching for file changes with StatReloader]
[2021-07-09 15:23:46,311][Thread-1:16132][task_id:lts.views][views.py:2020][ERROR][创建产品详情表失败]
[2021-07-09 15:24:02,547][MainThread:15768][task_id:django.utils.autoreload][autoreload.py:251][INFO][D:\zhouzhi\gitlit_code\logistic_tracking_system\logistic_tracking_system\lts\views.py changed, reloading.]
[2021-07-09 15:24:03,607][MainThread:31048][task_id:django.utils.autoreload][autoreload.py:637][INFO][Watching for file changes with StatReloader]
[2021-07-09 15:24:09,811][Thread-1:30120][task_id:lts.views][views.py:2020][ERROR][创建产品详情表失败]
[2021-07-09 15:24:57,930][MainThread:31048][task_id:django.utils.autoreload][autoreload.py:251][INFO][D:\zhouzhi\gitlit_code\logistic_tracking_system\logistic_tracking_system\lts\views.py changed, reloading.]
[2021-07-09 15:24:58,992][MainThread:12464][task_id:django.utils.autoreload][autoreload.py:637][INFO][Watching for file changes with StatReloader]
[2021-07-09 15:30:44,199][Thread-1:17268][task_id:lts.views][views.py:2151][ERROR][修改产品列表失败,eval() arg 1 must be a string, bytes or code object]
[2021-07-09 15:30:51,596][Thread-1:17268][task_id:lts.views][views.py:2151][ERROR][修改产品列表失败,eval() arg 1 must be a string, bytes or code object]
[2021-07-09 15:31:53,324][Thread-1:17268][task_id:lts.views][views.py:2151][ERROR][修改产品列表失败,eval() arg 1 must be a string, bytes or code object]
[2021-07-09 15:32:15,917][Thread-1:17268][task_id:lts.views][views.py:2151][ERROR][修改产品列表失败,eval() arg 1 must be a string, bytes or code object]
[2021-07-09 15:33:39,474][Thread-1:17268][task_id:lts.views][views.py:2151][ERROR][修改产品列表失败,eval() arg 1 must be a string, bytes or code object]
[2021-07-09 15:34:04,201][MainThread:12464][task_id:django.utils.autoreload][autoreload.py:251][INFO][D:\zhouzhi\gitlit_code\logistic_tracking_system\logistic_tracking_system\lts\views.py changed, reloading.]
[2021-07-09 15:34:05,604][MainThread:27060][task_id:django.utils.autoreload][autoreload.py:637][INFO][Watching for file changes with StatReloader]
[2021-07-09 15:35:33,551][Thread-1:31968][task_id:lts.views][views.py:2021][ERROR][创建产品详情表失败]
[2021-07-09 15:42:09,192][Thread-2:13228][task_id:lts.views][views.py:1904][ERROR][查询产品列表失败]
[2021-07-09 15:43:43,200][Thread-2:13228][task_id:lts.views][views.py:1904][ERROR][查询产品列表失败]
[2021-07-09 15:44:23,754][Thread-2:13228][task_id:lts.views][views.py:1904][ERROR][查询产品列表失败]
[2021-07-09 15:45:15,333][MainThread:25804][task_id:django.utils.autoreload][autoreload.py:637][INFO][Watching for file changes with StatReloader]
[2021-07-09 15:45:22,864][Thread-1:18780][task_id:lts.views][views.py:1904][ERROR][查询产品列表失败]
[2021-07-09 15:47:53,242][Thread-1:18780][task_id:lts.views][views.py:1904][ERROR][查询产品列表失败]
[2021-07-09 15:48:30,557][Thread-1:18780][task_id:lts.views][views.py:2021][ERROR][创建产品详情表失败]
[2021-07-09 15:48:51,066][Thread-1:18780][task_id:lts.views][views.py:2021][ERROR][创建产品详情表失败]
[2021-07-09 15:49:58,507][Thread-1:18780][task_id:lts.views][views.py:2021][ERROR][创建产品详情表失败]
[2021-07-09 15:50:19,474][Thread-1:18780][task_id:lts.views][views.py:2021][ERROR][创建产品详情表失败]
[2021-07-09 15:50:37,152][Thread-1:18780][task_id:lts.views][views.py:2021][ERROR][创建产品详情表失败]
[2021-07-09 15:53:00,871][MainThread:25804][task_id:django.utils.autoreload][autoreload.py:251][INFO][D:\zhouzhi\gitlit_code\logistic_tracking_system\logistic_tracking_system\lts\views.py changed, reloading.]
[2021-07-09 15:53:01,973][MainThread:7104][task_id:django.utils.autoreload][autoreload.py:637][INFO][Watching for file changes with StatReloader]
[2021-07-09 15:53:03,322][Thread-1:33796][task_id:lts.views][views.py:2021][ERROR][创建产品详情表失败]
[2021-07-09 15:53:06,635][Thread-1:33796][task_id:lts.views][views.py:2021][ERROR][创建产品详情表失败]
[2021-07-09 15:54:10,554][MainThread:7104][task_id:django.utils.autoreload][autoreload.py:251][INFO][D:\zhouzhi\gitlit_code\logistic_tracking_system\logistic_tracking_system\lts\views.py changed, reloading.]
[2021-07-09 15:54:11,618][MainThread:34220][task_id:django.utils.autoreload][autoreload.py:637][INFO][Watching for file changes with StatReloader]
[2021-07-09 15:54:31,404][MainThread:34220][task_id:django.utils.autoreload][autoreload.py:251][INFO][D:\zhouzhi\gitlit_code\logistic_tracking_system\logistic_tracking_system\lts\views.py changed, reloading.]
[2021-07-09 15:54:32,466][MainThread:20536][task_id:django.utils.autoreload][autoreload.py:637][INFO][Watching for file changes with StatReloader]
[2021-07-09 15:54:41,883][Thread-1:9640][task_id:lts.views][views.py:2025][ERROR][创建产品详情表失败]
[2021-07-09 15:55:12,823][MainThread:20536][task_id:django.utils.autoreload][autoreload.py:251][INFO][D:\zhouzhi\gitlit_code\logistic_tracking_system\logistic_tracking_system\lts\views.py changed, reloading.]
[2021-07-09 15:55:14,147][MainThread:31448][task_id:django.utils.autoreload][autoreload.py:637][INFO][Watching for file changes with StatReloader]
[2021-07-09 15:55:16,802][Thread-1:23800][task_id:lts.views][views.py:2027][ERROR][创建产品详情表失败]
[2021-07-09 15:56:40,037][Thread-1:23800][task_id:lts.views][views.py:541][INFO][创建人员成功]
[2021-07-09 15:59:04,257][MainThread:31448][task_id:django.utils.autoreload][autoreload.py:251][INFO][D:\zhouzhi\gitlit_code\logistic_tracking_system\logistic_tracking_system\lts\views.py changed, reloading.]
[2021-07-09 15:59:05,331][MainThread:34476][task_id:django.utils.autoreload][autoreload.py:637][INFO][Watching for file changes with StatReloader]
[2021-07-09 16:01:00,923][MainThread:34476][task_id:django.utils.autoreload][autoreload.py:251][INFO][D:\zhouzhi\gitlit_code\logistic_tracking_system\logistic_tracking_system\lts\views.py changed, reloading.]
[2021-07-09 16:01:01,979][MainThread:34088][task_id:django.utils.autoreload][autoreload.py:637][INFO][Watching for file changes with StatReloader]
[2021-07-09 16:02:15,327][Thread-1:32664][task_id:lts.views][views.py:2006][ERROR][创建产品详情表失败]
[2021-07-09 16:03:32,025][MainThread:34088][task_id:django.utils.autoreload][autoreload.py:251][INFO][D:\zhouzhi\gitlit_code\logistic_tracking_system\logistic_tracking_system\lts\views.py changed, reloading.]
[2021-07-09 16:03:33,092][MainThread:33088][task_id:django.utils.autoreload][autoreload.py:637][INFO][Watching for file changes with StatReloader]
[2021-07-09 16:05:50,633][Thread-1:34784][task_id:lts.views][views.py:2006][ERROR][创建产品详情表失败]
[2021-07-09 16:07:50,654][Thread-1:34784][task_id:lts.views][views.py:2006][ERROR][创建产品详情表失败]
[2021-07-09 16:09:24,570][Thread-1:34784][task_id:lts.views][views.py:1995][INFO][创建产品详情表成功]
[2021-07-09 16:19:50,196][MainThread:33088][task_id:django.utils.autoreload][autoreload.py:251][INFO][D:\zhouzhi\gitlit_code\logistic_tracking_system\logistic_tracking_system\lts\views.py changed, reloading.]
[2021-07-09 16:19:51,257][MainThread:27440][task_id:django.utils.autoreload][autoreload.py:637][INFO][Watching for file changes with StatReloader]
[2021-07-09 16:21:42,410][MainThread:27440][task_id:django.utils.autoreload][autoreload.py:251][INFO][D:\zhouzhi\gitlit_code\logistic_tracking_system\logistic_tracking_system\lts\views.py changed, reloading.]
[2021-07-09 16:21:43,450][MainThread:6268][task_id:django.utils.autoreload][autoreload.py:637][INFO][Watching for file changes with StatReloader]
[2021-07-09 16:22:17,510][MainThread:6268][task_id:django.utils.autoreload][autoreload.py:251][INFO][D:\zhouzhi\gitlit_code\logistic_tracking_system\logistic_tracking_system\lts\views.py changed, reloading.]
[2021-07-09 16:22:18,626][MainThread:33972][task_id:django.utils.autoreload][autoreload.py:637][INFO][Watching for file changes with StatReloader]
[2021-07-09 16:23:22,542][MainThread:33972][task_id:django.utils.autoreload][autoreload.py:251][INFO][D:\zhouzhi\gitlit_code\logistic_tracking_system\logistic_tracking_system\lts\views.py changed, reloading.]
[2021-07-09 16:23:23,579][MainThread:22072][task_id:django.utils.autoreload][autoreload.py:637][INFO][Watching for file changes with StatReloader]
[2021-07-09 16:24:30,796][MainThread:22072][task_id:django.utils.autoreload][autoreload.py:251][INFO][D:\zhouzhi\gitlit_code\logistic_tracking_system\logistic_tracking_system\lts\views.py changed, reloading.]
[2021-07-09 16:24:31,861][MainThread:6820][task_id:django.utils.autoreload][autoreload.py:637][INFO][Watching for file changes with StatReloader]
[2021-07-09 16:24:33,875][Thread-1:1404][task_id:lts.views][views.py:1138][INFO][创建物料详情表成功]
[2021-07-09 16:25:04,148][Thread-2:12304][task_id:django.request][base.py:103][WARNING][Method Not Allowed (POST): /logistic/LogisticPersonMatter]
[2021-07-09 16:25:04,148][Thread-2:12304][task_id:django.request][log.py:230][WARNING][Method Not Allowed: /logistic/LogisticPersonMatter]
[2021-07-09 16:25:06,032][Thread-2:12304][task_id:lts.views][views.py:1138][INFO][创建物料详情表成功]
[2021-07-09 16:25:08,528][Thread-2:12304][task_id:lts.views][views.py:1138][INFO][创建物料详情表成功]
[2021-07-09 16:25:13,293][Thread-2:12304][task_id:lts.views][views.py:1138][INFO][创建物料详情表成功]
[2021-07-09 16:25:32,558][MainThread:6820][task_id:django.utils.autoreload][autoreload.py:251][INFO][D:\zhouzhi\gitlit_code\logistic_tracking_system\logistic_tracking_system\lts\views.py changed, reloading.]
[2021-07-09 16:25:33,616][MainThread:21200][task_id:django.utils.autoreload][autoreload.py:637][INFO][Watching for file changes with StatReloader]
[2021-07-09 16:26:41,482][MainThread:21200][task_id:django.utils.autoreload][autoreload.py:251][INFO][D:\zhouzhi\gitlit_code\logistic_tracking_system\logistic_tracking_system\lts\views.py changed, reloading.]
[2021-07-09 16:26:42,568][MainThread:27660][task_id:django.utils.autoreload][autoreload.py:637][INFO][Watching for file changes with StatReloader]
[2021-07-09 16:28:58,422][MainThread:27660][task_id:django.utils.autoreload][autoreload.py:251][INFO][D:\zhouzhi\gitlit_code\logistic_tracking_system\logistic_tracking_system\lts\views.py changed, reloading.]
[2021-07-09 16:28:59,486][MainThread:34752][task_id:django.utils.autoreload][autoreload.py:637][INFO][Watching for file changes with StatReloader]
[2021-07-09 16:29:08,660][Thread-1:18780][task_id:lts.views][views.py:1147][INFO][创建物料详情表成功]
[2021-07-09 16:29:22,583][Thread-1:18780][task_id:lts.views][views.py:2150][ERROR][修改产品列表失败,eval() arg 1 must be a string, bytes or code object]
[2021-07-09 16:29:57,268][Thread-1:18780][task_id:lts.views][views.py:1917][ERROR][查询产品列表失败]
[2021-07-09 16:29:57,344][Thread-1:18780][task_id:lts.views][views.py:1917][ERROR][查询产品列表失败]
[2021-07-09 16:29:59,011][Thread-1:18780][task_id:lts.views][views.py:1917][ERROR][查询产品列表失败]
[2021-07-09 16:30:22,813][MainThread:34752][task_id:django.utils.autoreload][autoreload.py:251][INFO][D:\zhouzhi\gitlit_code\logistic_tracking_system\logistic_tracking_system\lts\views.py changed, reloading.]
[2021-07-09 16:30:23,909][MainThread:6820][task_id:django.utils.autoreload][autoreload.py:637][INFO][Watching for file changes with StatReloader]
[2021-07-09 16:31:28,935][MainThread:6820][task_id:django.utils.autoreload][autoreload.py:251][INFO][D:\zhouzhi\gitlit_code\logistic_tracking_system\logistic_tracking_system\lts\views.py changed, reloading.]
[2021-07-09 16:31:29,986][MainThread:6268][task_id:django.utils.autoreload][autoreload.py:637][INFO][Watching for file changes with StatReloader]
[2021-07-09 16:31:46,094][Thread-1:21580][task_id:lts.views][views.py:1915][ERROR][查询产品列表失败]
[2021-07-09 16:31:46,141][Thread-1:21580][task_id:lts.views][views.py:1915][ERROR][查询产品列表失败]
[2021-07-09 16:31:46,966][Thread-1:21580][task_id:lts.views][views.py:1915][ERROR][查询产品列表失败]
[2021-07-09 16:32:08,890][Thread-1:21580][task_id:lts.views][views.py:2148][ERROR][修改产品列表失败,eval() arg 1 must be a string, bytes or code object]
[2021-07-09 16:33:58,653][Thread-1:21580][task_id:lts.views][views.py:2148][ERROR][修改产品列表失败,eval() arg 1 must be a string, bytes or code object]
[2021-07-09 16:34:11,874][MainThread:6268][task_id:django.utils.autoreload][autoreload.py:251][INFO][D:\zhouzhi\gitlit_code\logistic_tracking_system\logistic_tracking_system\lts\views.py changed, reloading.]
[2021-07-09 16:34:12,946][MainThread:32228][task_id:django.utils.autoreload][autoreload.py:637][INFO][Watching for file changes with StatReloader]
[2021-07-09 16:38:02,204][Thread-1:34284][task_id:lts.views][views.py:2149][ERROR][修改产品列表失败,eval() arg 1 must be a string, bytes or code object]
[2021-07-09 16:38:41,081][Thread-1:34284][task_id:lts.views][views.py:2149][ERROR][修改产品列表失败,eval() arg 1 must be a string, bytes or code object]
[2021-07-09 16:39:16,399][Thread-1:34284][task_id:lts.views][views.py:2149][ERROR][修改产品列表失败,eval() arg 1 must be a string, bytes or code object]
[2021-07-09 16:39:56,815][MainThread:32228][task_id:django.utils.autoreload][autoreload.py:251][INFO][D:\zhouzhi\gitlit_code\logistic_tracking_system\logistic_tracking_system\lts\views.py changed, reloading.]
[2021-07-09 16:39:58,012][MainThread:35556][task_id:django.utils.autoreload][autoreload.py:637][INFO][Watching for file changes with StatReloader]
[2021-07-09 16:41:39,194][Thread-1:21580][task_id:lts.views][views.py:1915][ERROR][查询产品列表失败]
[2021-07-09 16:41:39,271][Thread-1:21580][task_id:lts.views][views.py:1915][ERROR][查询产品列表失败]
[2021-07-09 16:41:56,720][MainThread:35556][task_id:django.utils.autoreload][autoreload.py:251][INFO][D:\zhouzhi\gitlit_code\logistic_tracking_system\logistic_tracking_system\lts\urls.py changed, reloading.]
[2021-07-09 16:41:57,770][MainThread:24176][task_id:django.utils.autoreload][autoreload.py:637][INFO][Watching for file changes with StatReloader]
[2021-07-09 16:42:01,640][Thread-1:288][task_id:lts.views][views.py:1915][ERROR][查询产品列表失败]
[2021-07-09 16:42:01,716][Thread-1:288][task_id:lts.views][views.py:1915][ERROR][查询产品列表失败]
[2021-07-09 16:43:12,919][MainThread:24176][task_id:django.utils.autoreload][autoreload.py:251][INFO][D:\zhouzhi\gitlit_code\logistic_tracking_system\logistic_tracking_system\lts\views.py changed, reloading.]
[2021-07-09 16:43:14,089][MainThread:33988][task_id:django.utils.autoreload][autoreload.py:637][INFO][Watching for file changes with StatReloader]
[2021-07-09 16:44:29,083][Thread-1:34688][task_id:lts.views][views.py:1915][ERROR][查询产品列表失败]
[2021-07-09 16:44:37,796][Thread-1:34688][task_id:lts.views][views.py:2149][ERROR][修改产品列表失败,eval() arg 1 must be a string, bytes or code object]
[2021-07-09 16:45:24,023][Thread-1:34688][task_id:lts.views][views.py:2149][ERROR][修改产品列表失败,unexpected EOF while parsing (<string>, line 0)]
[2021-07-09 16:45:37,627][Thread-1:34688][task_id:lts.views][views.py:2149][ERROR][修改产品列表失败,unexpected EOF while parsing (<string>, line 0)]
[2021-07-09 16:47:45,715][MainThread:33988][task_id:django.utils.autoreload][autoreload.py:251][INFO][D:\zhouzhi\gitlit_code\logistic_tracking_system\logistic_tracking_system\lts\views.py changed, reloading.]
[2021-07-09 16:47:46,820][MainThread:35112][task_id:django.utils.autoreload][autoreload.py:637][INFO][Watching for file changes with StatReloader]
[2021-07-09 16:48:33,726][Thread-1:21524][task_id:lts.views][views.py:2154][ERROR][修改产品列表失败,unexpected EOF while parsing (<string>, line 0)]
[2021-07-09 16:49:34,796][MainThread:35112][task_id:django.utils.autoreload][autoreload.py:251][INFO][D:\zhouzhi\gitlit_code\logistic_tracking_system\logistic_tracking_system\lts\views.py changed, reloading.]
[2021-07-09 16:49:35,849][MainThread:33816][task_id:django.utils.autoreload][autoreload.py:637][INFO][Watching for file changes with StatReloader]
[2021-07-09 16:51:17,332][MainThread:33816][task_id:django.utils.autoreload][autoreload.py:251][INFO][D:\zhouzhi\gitlit_code\logistic_tracking_system\logistic_tracking_system\lts\views.py changed, reloading.]
[2021-07-09 16:51:18,412][MainThread:35680][task_id:django.utils.autoreload][autoreload.py:637][INFO][Watching for file changes with StatReloader]
[2021-07-09 16:51:38,746][Thread-1:35148][task_id:lts.views][views.py:2145][INFO][修改产品列表或者物料表成功]
[2021-07-09 16:52:20,687][Thread-1:35148][task_id:lts.views][views.py:2089][ERROR][修改失败---->eval() arg 1 must be a string, bytes or code object]
[2021-07-09 16:52:38,820][MainThread:35680][task_id:django.utils.autoreload][autoreload.py:251][INFO][D:\zhouzhi\gitlit_code\logistic_tracking_system\logistic_tracking_system\lts\views.py changed, reloading.]
[2021-07-09 16:52:39,892][MainThread:14872][task_id:django.utils.autoreload][autoreload.py:637][INFO][Watching for file changes with StatReloader]
[2021-07-09 16:53:04,334][Thread-1:35244][task_id:lts.views][views.py:2148][INFO][修改产品列表或者物料表成功]
[2021-07-09 16:54:26,591][Thread-1:35244][task_id:lts.views][views.py:2092][ERROR][修改失败---->'NoneType' object is not iterable]
[2021-07-09 16:55:02,402][MainThread:14872][task_id:django.utils.autoreload][autoreload.py:251][INFO][D:\zhouzhi\gitlit_code\logistic_tracking_system\logistic_tracking_system\lts\views.py changed, reloading.]
[2021-07-09 16:55:03,743][MainThread:12032][task_id:django.utils.autoreload][autoreload.py:637][INFO][Watching for file changes with StatReloader]
[2021-07-09 16:55:26,973][Thread-1:35684][task_id:lts.views][views.py:2152][INFO][修改产品列表或者物料表成功]
[2021-07-09 16:55:34,221][Thread-1:35684][task_id:lts.views][views.py:2152][INFO][修改产品列表或者物料表成功]
[2021-07-09 16:59:15,268][MainThread:12032][task_id:django.utils.autoreload][autoreload.py:251][INFO][D:\zhouzhi\gitlit_code\logistic_tracking_system\logistic_tracking_system\lts\views.py changed, reloading.]
[2021-07-09 16:59:16,295][MainThread:14420][task_id:django.utils.autoreload][autoreload.py:637][INFO][Watching for file changes with StatReloader]
[2021-07-09 16:59:21,084][MainThread:14420][task_id:django.utils.autoreload][autoreload.py:251][INFO][D:\zhouzhi\gitlit_code\logistic_tracking_system\logistic_tracking_system\lts\views.py changed, reloading.]
[2021-07-09 16:59:22,129][MainThread:1660][task_id:django.utils.autoreload][autoreload.py:637][INFO][Watching for file changes with StatReloader]
[2021-07-09 16:59:35,484][MainThread:1660][task_id:django.utils.autoreload][autoreload.py:251][INFO][D:\zhouzhi\gitlit_code\logistic_tracking_system\logistic_tracking_system\lts\views.py changed, reloading.]
[2021-07-09 16:59:36,528][MainThread:14988][task_id:django.utils.autoreload][autoreload.py:637][INFO][Watching for file changes with StatReloader]
[2021-07-09 16:59:52,152][MainThread:14988][task_id:django.utils.autoreload][autoreload.py:251][INFO][D:\zhouzhi\gitlit_code\logistic_tracking_system\logistic_tracking_system\lts\views.py changed, reloading.]
[2021-07-09 16:59:53,206][MainThread:35808][task_id:django.utils.autoreload][autoreload.py:637][INFO][Watching for file changes with StatReloader]
[2021-07-09 17:03:53,798][MainThread:35808][task_id:django.utils.autoreload][autoreload.py:251][INFO][D:\zhouzhi\gitlit_code\logistic_tracking_system\logistic_tracking_system\lts\views.py changed, reloading.]
[2021-07-09 17:03:54,849][MainThread:30744][task_id:django.utils.autoreload][autoreload.py:637][INFO][Watching for file changes with StatReloader]
[2021-07-09 17:04:08,262][MainThread:30744][task_id:django.utils.autoreload][autoreload.py:251][INFO][D:\zhouzhi\gitlit_code\logistic_tracking_system\logistic_tracking_system\lts\views.py changed, reloading.]
[2021-07-09 17:04:09,318][MainThread:35436][task_id:django.utils.autoreload][autoreload.py:637][INFO][Watching for file changes with StatReloader]
[2021-07-09 17:05:06,847][MainThread:35436][task_id:django.utils.autoreload][autoreload.py:251][INFO][D:\zhouzhi\gitlit_code\logistic_tracking_system\logistic_tracking_system\lts\views.py changed, reloading.]
[2021-07-09 17:05:07,898][MainThread:21588][task_id:django.utils.autoreload][autoreload.py:637][INFO][Watching for file changes with StatReloader]
[2021-07-09 17:06:00,233][MainThread:21588][task_id:django.utils.autoreload][autoreload.py:251][INFO][D:\zhouzhi\gitlit_code\logistic_tracking_system\logistic_tracking_system\lts\views.py changed, reloading.]
[2021-07-09 17:06:01,297][MainThread:31180][task_id:django.utils.autoreload][autoreload.py:637][INFO][Watching for file changes with StatReloader]
[2021-07-09 17:09:51,713][MainThread:31180][task_id:django.utils.autoreload][autoreload.py:251][INFO][D:\zhouzhi\gitlit_code\logistic_tracking_system\logistic_tracking_system\lts\views.py changed, reloading.]
[2021-07-09 17:09:52,985][MainThread:30572][task_id:django.utils.autoreload][autoreload.py:637][INFO][Watching for file changes with StatReloader]
[2021-07-09 17:12:52,804][MainThread:30572][task_id:django.utils.autoreload][autoreload.py:251][INFO][D:\zhouzhi\gitlit_code\logistic_tracking_system\logistic_tracking_system\lts\views.py changed, reloading.]
[2021-07-09 17:12:53,849][MainThread:34896][task_id:django.utils.autoreload][autoreload.py:637][INFO][Watching for file changes with StatReloader]
[2021-07-09 17:14:27,824][MainThread:34896][task_id:django.utils.autoreload][autoreload.py:251][INFO][D:\zhouzhi\gitlit_code\logistic_tracking_system\logistic_tracking_system\lts\views.py changed, reloading.]
[2021-07-09 17:14:28,855][MainThread:24364][task_id:django.utils.autoreload][autoreload.py:637][INFO][Watching for file changes with StatReloader]
[2021-07-09 17:15:47,911][MainThread:24364][task_id:django.utils.autoreload][autoreload.py:251][INFO][D:\zhouzhi\gitlit_code\logistic_tracking_system\logistic_tracking_system\lts\views.py changed, reloading.]
[2021-07-09 17:15:48,965][MainThread:35464][task_id:django.utils.autoreload][autoreload.py:637][INFO][Watching for file changes with StatReloader]
[2021-07-09 17:16:15,769][MainThread:35464][task_id:django.utils.autoreload][autoreload.py:251][INFO][D:\zhouzhi\gitlit_code\logistic_tracking_system\logistic_tracking_system\lts\views.py changed, reloading.]
[2021-07-09 17:16:16,832][MainThread:10476][task_id:django.utils.autoreload][autoreload.py:637][INFO][Watching for file changes with StatReloader]
[2021-07-09 17:16:21,861][MainThread:10476][task_id:django.utils.autoreload][autoreload.py:251][INFO][D:\zhouzhi\gitlit_code\logistic_tracking_system\logistic_tracking_system\lts\views.py changed, reloading.]
[2021-07-09 17:16:22,918][MainThread:15152][task_id:django.utils.autoreload][autoreload.py:637][INFO][Watching for file changes with StatReloader]
[2021-07-09 17:20:50,601][MainThread:15152][task_id:django.utils.autoreload][autoreload.py:251][INFO][D:\zhouzhi\gitlit_code\logistic_tracking_system\logistic_tracking_system\lts\views.py changed, reloading.]
[2021-07-09 17:20:51,917][MainThread:35724][task_id:django.utils.autoreload][autoreload.py:637][INFO][Watching for file changes with StatReloader]
[2021-07-09 17:21:58,966][MainThread:35724][task_id:django.utils.autoreload][autoreload.py:251][INFO][D:\zhouzhi\gitlit_code\logistic_tracking_system\logistic_tracking_system\lts\views.py changed, reloading.]
[2021-07-09 17:22:00,050][MainThread:25276][task_id:django.utils.autoreload][autoreload.py:637][INFO][Watching for file changes with StatReloader]
[2021-07-09 17:22:38,311][MainThread:25276][task_id:django.utils.autoreload][autoreload.py:251][INFO][D:\zhouzhi\gitlit_code\logistic_tracking_system\logistic_tracking_system\lts\views.py changed, reloading.]
[2021-07-09 17:22:39,369][MainThread:26056][task_id:django.utils.autoreload][autoreload.py:637][INFO][Watching for file changes with StatReloader]
[2021-07-09 17:23:22,408][MainThread:26056][task_id:django.utils.autoreload][autoreload.py:251][INFO][D:\zhouzhi\gitlit_code\logistic_tracking_system\logistic_tracking_system\lts\views.py changed, reloading.]
[2021-07-09 17:23:23,672][MainThread:33308][task_id:django.utils.autoreload][autoreload.py:637][INFO][Watching for file changes with StatReloader]
[2021-07-09 17:23:32,737][MainThread:33308][task_id:django.utils.autoreload][autoreload.py:251][INFO][D:\zhouzhi\gitlit_code\logistic_tracking_system\logistic_tracking_system\lts\views.py changed, reloading.]
[2021-07-09 17:23:33,834][MainThread:13668][task_id:django.utils.autoreload][autoreload.py:637][INFO][Watching for file changes with StatReloader]
[2021-07-09 17:24:22,619][MainThread:13668][task_id:django.utils.autoreload][autoreload.py:251][INFO][D:\zhouzhi\gitlit_code\logistic_tracking_system\logistic_tracking_system\lts\views.py changed, reloading.]
[2021-07-09 17:24:23,680][MainThread:34116][task_id:django.utils.autoreload][autoreload.py:637][INFO][Watching for file changes with StatReloader]
[2021-07-09 17:25:15,989][MainThread:34116][task_id:django.utils.autoreload][autoreload.py:251][INFO][D:\zhouzhi\gitlit_code\logistic_tracking_system\logistic_tracking_system\lts\views.py changed, reloading.]
[2021-07-09 17:25:17,058][MainThread:18032][task_id:django.utils.autoreload][autoreload.py:637][INFO][Watching for file changes with StatReloader]
[2021-07-09 17:25:34,890][MainThread:18032][task_id:django.utils.autoreload][autoreload.py:251][INFO][D:\zhouzhi\gitlit_code\logistic_tracking_system\logistic_tracking_system\lts\views.py changed, reloading.]
[2021-07-09 17:25:35,963][MainThread:13668][task_id:django.utils.autoreload][autoreload.py:637][INFO][Watching for file changes with StatReloader]
