[2021-07-19 08:55:37,344][MainThread:14224][task_id:django.utils.autoreload][autoreload.py:637][INFO][Watching for file changes with StatReloader]
[2021-07-19 09:22:09,096][MainThread:14224][task_id:django.utils.autoreload][autoreload.py:251][INFO][D:\zhouzhi\gitlit_code\logistic_tracking_system\logistic_tracking_system\lts\views.py changed, reloading.]
[2021-07-19 09:22:10,107][MainThread:7032][task_id:django.utils.autoreload][autoreload.py:637][INFO][Watching for file changes with StatReloader]
[2021-07-19 09:29:26,596][Thread-4:11992][task_id:lts.views][views.py:2079][INFO][创建产品详情表成功]
[2021-07-19 09:45:55,740][Thread-11:15780][task_id:lts.views][views.py:2079][INFO][创建产品详情表成功]
[2021-07-19 09:48:11,220][Thread-13:20360][task_id:lts.views][views.py:2254][INFO][修改产品列表或者物料表成功]
[2021-07-19 09:51:32,039][Thread-15:20424][task_id:lts.views][views.py:2079][INFO][创建产品详情表成功]
[2021-07-19 09:55:25,396][Thread-17:20180][task_id:lts.views][views.py:1217][INFO][创建物料详情表成功]
[2021-07-19 09:55:59,325][Thread-17:20180][task_id:lts.views][views.py:1217][INFO][创建物料详情表成功]
[2021-07-19 09:56:28,754][Thread-17:20180][task_id:lts.views][views.py:3437][INFO][创建产品详情表成功]
[2021-07-19 10:30:20,681][MainThread:7032][task_id:django.utils.autoreload][autoreload.py:251][INFO][D:\zhouzhi\gitlit_code\logistic_tracking_system\logistic_tracking_system\lts\views.py changed, reloading.]
[2021-07-19 10:30:21,738][MainThread:4932][task_id:django.utils.autoreload][autoreload.py:637][INFO][Watching for file changes with StatReloader]
[2021-07-19 10:33:12,287][MainThread:4932][task_id:django.utils.autoreload][autoreload.py:251][INFO][D:\zhouzhi\gitlit_code\logistic_tracking_system\logistic_tracking_system\lts\views.py changed, reloading.]
[2021-07-19 10:33:13,568][MainThread:4344][task_id:django.utils.autoreload][autoreload.py:637][INFO][Watching for file changes with StatReloader]
[2021-07-19 10:33:57,864][MainThread:4344][task_id:django.utils.autoreload][autoreload.py:251][INFO][D:\zhouzhi\gitlit_code\logistic_tracking_system\logistic_tracking_system\lts\views.py changed, reloading.]
[2021-07-19 10:33:58,909][MainThread:14616][task_id:django.utils.autoreload][autoreload.py:637][INFO][Watching for file changes with StatReloader]
[2021-07-19 10:34:18,827][Thread-1:19836][task_id:django.request][log.py:230][WARNING][Not Found: /logistic/LogisticLogin/]
[2021-07-19 10:34:42,934][Thread-1:19836][task_id:django.request][log.py:230][WARNING][Not Found: /logistic/LogisticLogin/]
[2021-07-19 10:36:10,040][MainThread:14616][task_id:django.utils.autoreload][autoreload.py:251][INFO][D:\zhouzhi\gitlit_code\logistic_tracking_system\logistic_tracking_system\lts\views.py changed, reloading.]
[2021-07-19 10:36:11,066][MainThread:20788][task_id:django.utils.autoreload][autoreload.py:637][INFO][Watching for file changes with StatReloader]
[2021-07-19 10:36:25,553][MainThread:20788][task_id:django.utils.autoreload][autoreload.py:251][INFO][D:\zhouzhi\gitlit_code\logistic_tracking_system\logistic_tracking_system\lts\views.py changed, reloading.]
[2021-07-19 10:36:26,604][MainThread:20556][task_id:django.utils.autoreload][autoreload.py:637][INFO][Watching for file changes with StatReloader]
[2021-07-19 10:38:12,393][MainThread:20556][task_id:django.utils.autoreload][autoreload.py:251][INFO][D:\zhouzhi\gitlit_code\logistic_tracking_system\logistic_tracking_system\lts\views.py changed, reloading.]
[2021-07-19 10:38:13,430][MainThread:12780][task_id:django.utils.autoreload][autoreload.py:637][INFO][Watching for file changes with StatReloader]
[2021-07-19 10:38:41,260][MainThread:12780][task_id:django.utils.autoreload][autoreload.py:251][INFO][D:\zhouzhi\gitlit_code\logistic_tracking_system\logistic_tracking_system\lts\views.py changed, reloading.]
[2021-07-19 10:38:42,297][MainThread:3024][task_id:django.utils.autoreload][autoreload.py:637][INFO][Watching for file changes with StatReloader]
[2021-07-19 10:39:57,169][MainThread:3024][task_id:django.utils.autoreload][autoreload.py:251][INFO][D:\zhouzhi\gitlit_code\logistic_tracking_system\logistic_tracking_system\lts\views.py changed, reloading.]
[2021-07-19 10:39:58,182][MainThread:14224][task_id:django.utils.autoreload][autoreload.py:637][INFO][Watching for file changes with StatReloader]
[2021-07-19 10:43:19,736][MainThread:14224][task_id:django.utils.autoreload][autoreload.py:251][INFO][D:\zhouzhi\gitlit_code\logistic_tracking_system\logistic_tracking_system\lts\views.py changed, reloading.]
[2021-07-19 10:43:20,830][MainThread:20088][task_id:django.utils.autoreload][autoreload.py:637][INFO][Watching for file changes with StatReloader]
[2021-07-19 10:43:26,836][MainThread:20088][task_id:django.utils.autoreload][autoreload.py:251][INFO][D:\zhouzhi\gitlit_code\logistic_tracking_system\logistic_tracking_system\lts\views.py changed, reloading.]
[2021-07-19 10:43:28,162][MainThread:11220][task_id:django.utils.autoreload][autoreload.py:637][INFO][Watching for file changes with StatReloader]
[2021-07-19 10:44:40,774][Thread-1:5780][task_id:django.request][log.py:230][WARNING][Not Found: /logistic/LogisticLogin/]
[2021-07-19 10:44:47,904][MainThread:11220][task_id:django.utils.autoreload][autoreload.py:251][INFO][D:\zhouzhi\gitlit_code\logistic_tracking_system\logistic_tracking_system\lts\views.py changed, reloading.]
[2021-07-19 10:44:48,922][MainThread:17056][task_id:django.utils.autoreload][autoreload.py:637][INFO][Watching for file changes with StatReloader]
[2021-07-19 10:45:59,409][Thread-1:21148][task_id:django.request][log.py:230][WARNING][Not Found: /logistic/LogisticLogin/]
[2021-07-19 10:46:04,734][MainThread:17056][task_id:django.utils.autoreload][autoreload.py:251][INFO][D:\zhouzhi\gitlit_code\logistic_tracking_system\logistic_tracking_system\lts\views.py changed, reloading.]
[2021-07-19 10:46:05,741][MainThread:12964][task_id:django.utils.autoreload][autoreload.py:637][INFO][Watching for file changes with StatReloader]
[2021-07-19 10:46:08,364][MainThread:12964][task_id:django.utils.autoreload][autoreload.py:251][INFO][D:\zhouzhi\gitlit_code\logistic_tracking_system\logistic_tracking_system\lts\views.py changed, reloading.]
[2021-07-19 10:46:09,384][MainThread:18284][task_id:django.utils.autoreload][autoreload.py:637][INFO][Watching for file changes with StatReloader]
[2021-07-19 10:46:48,583][MainThread:18284][task_id:django.utils.autoreload][autoreload.py:251][INFO][D:\zhouzhi\gitlit_code\logistic_tracking_system\logistic_tracking_system\lts\views.py changed, reloading.]
[2021-07-19 10:46:49,620][MainThread:10716][task_id:django.utils.autoreload][autoreload.py:637][INFO][Watching for file changes with StatReloader]
[2021-07-19 10:47:06,169][MainThread:10716][task_id:django.utils.autoreload][autoreload.py:251][INFO][D:\zhouzhi\gitlit_code\logistic_tracking_system\logistic_tracking_system\lts\views.py changed, reloading.]
[2021-07-19 10:47:07,327][MainThread:19356][task_id:django.utils.autoreload][autoreload.py:637][INFO][Watching for file changes with StatReloader]
[2021-07-19 10:48:44,380][MainThread:19356][task_id:django.utils.autoreload][autoreload.py:251][INFO][D:\zhouzhi\gitlit_code\logistic_tracking_system\logistic_tracking_system\lts\views.py changed, reloading.]
[2021-07-19 10:48:45,384][MainThread:20184][task_id:django.utils.autoreload][autoreload.py:637][INFO][Watching for file changes with StatReloader]
[2021-07-19 10:49:15,997][MainThread:20184][task_id:django.utils.autoreload][autoreload.py:251][INFO][D:\zhouzhi\gitlit_code\logistic_tracking_system\logistic_tracking_system\lts\views.py changed, reloading.]
[2021-07-19 10:49:17,005][MainThread:20752][task_id:django.utils.autoreload][autoreload.py:637][INFO][Watching for file changes with StatReloader]
[2021-07-19 10:49:36,924][Thread-1:20824][task_id:lts.views][views.py:44][INFO][登录成功]
[2021-07-19 10:50:01,833][MainThread:20752][task_id:django.utils.autoreload][autoreload.py:251][INFO][D:\zhouzhi\gitlit_code\logistic_tracking_system\logistic_tracking_system\lts\views.py changed, reloading.]
[2021-07-19 10:50:02,962][MainThread:18844][task_id:django.utils.autoreload][autoreload.py:637][INFO][Watching for file changes with StatReloader]
[2021-07-19 10:50:23,375][Thread-1:21472][task_id:django.request][log.py:230][WARNING][Not Found: /logistic/LogisticLogin/]
[2021-07-19 10:50:24,125][MainThread:18844][task_id:django.utils.autoreload][autoreload.py:251][INFO][D:\zhouzhi\gitlit_code\logistic_tracking_system\logistic_tracking_system\lts\views.py changed, reloading.]
[2021-07-19 10:50:25,142][MainThread:20384][task_id:django.utils.autoreload][autoreload.py:637][INFO][Watching for file changes with StatReloader]
[2021-07-19 10:50:27,949][Thread-1:4260][task_id:django.request][log.py:230][WARNING][Not Found: /logistic/LogisticLogin/]
[2021-07-19 10:50:34,998][Thread-1:4260][task_id:django.request][log.py:230][WARNING][Not Found: /logistic/LogisticLogin/]
[2021-07-19 10:52:44,087][MainThread:20384][task_id:django.utils.autoreload][autoreload.py:251][INFO][D:\zhouzhi\gitlit_code\logistic_tracking_system\logistic_tracking_system\lts\views.py changed, reloading.]
[2021-07-19 10:52:45,128][MainThread:21340][task_id:django.utils.autoreload][autoreload.py:637][INFO][Watching for file changes with StatReloader]
[2021-07-19 10:52:46,238][Thread-1:10644][task_id:lts.views][views.py:47][INFO][登录成功]
[2021-07-19 10:53:04,956][MainThread:21340][task_id:django.utils.autoreload][autoreload.py:251][INFO][D:\zhouzhi\gitlit_code\logistic_tracking_system\logistic_tracking_system\lts\views.py changed, reloading.]
[2021-07-19 10:53:05,961][MainThread:20660][task_id:django.utils.autoreload][autoreload.py:637][INFO][Watching for file changes with StatReloader]
[2021-07-19 10:53:56,201][Thread-1:21368][task_id:lts.views][views.py:47][INFO][登录成功]
[2021-07-19 10:54:11,613][Thread-2:12748][task_id:lts.views][views.py:47][INFO][登录成功]
[2021-07-19 10:54:13,164][Thread-2:12748][task_id:django.request][log.py:230][WARNING][Not Found: /favicon.ico]
[2021-07-19 10:54:19,399][Thread-2:12748][task_id:django.request][log.py:230][WARNING][Not Found: /logistic/LogisticLogin/]
[2021-07-19 10:54:25,279][Thread-4:19648][task_id:lts.views][views.py:47][INFO][登录成功]
[2021-07-19 10:54:43,743][Thread-2:12748][task_id:lts.views][views.py:47][INFO][登录成功]
[2021-07-19 10:55:53,347][Thread-2:12748][task_id:lts.views][views.py:47][INFO][登录成功]
[2021-07-19 11:39:33,354][MainThread:20660][task_id:django.utils.autoreload][autoreload.py:251][INFO][D:\zhouzhi\gitlit_code\logistic_tracking_system\logistic_tracking_system\lts\urls.py changed, reloading.]
[2021-07-19 11:39:34,376][MainThread:20404][task_id:django.utils.autoreload][autoreload.py:637][INFO][Watching for file changes with StatReloader]
[2021-07-19 12:49:22,132][Thread-7:24532][task_id:lts.views][views.py:47][INFO][登录成功]
[2021-07-19 12:51:22,393][Thread-7:24532][task_id:lts.views][views.py:47][INFO][登录成功]
[2021-07-19 13:49:40,710][MainThread:20404][task_id:django.utils.autoreload][autoreload.py:251][INFO][D:\zhouzhi\gitlit_code\logistic_tracking_system\logistic_tracking_system\lts\views.py changed, reloading.]
[2021-07-19 13:49:42,117][MainThread:15868][task_id:django.utils.autoreload][autoreload.py:637][INFO][Watching for file changes with StatReloader]
[2021-07-19 13:51:19,327][MainThread:15868][task_id:django.utils.autoreload][autoreload.py:251][INFO][D:\zhouzhi\gitlit_code\logistic_tracking_system\logistic_tracking_system\lts\views.py changed, reloading.]
[2021-07-19 13:51:20,701][MainThread:20780][task_id:django.utils.autoreload][autoreload.py:637][INFO][Watching for file changes with StatReloader]
[2021-07-19 13:52:55,030][MainThread:20780][task_id:django.utils.autoreload][autoreload.py:251][INFO][D:\zhouzhi\gitlit_code\logistic_tracking_system\logistic_tracking_system\lts\views.py changed, reloading.]
[2021-07-19 13:52:56,371][MainThread:10880][task_id:django.utils.autoreload][autoreload.py:637][INFO][Watching for file changes with StatReloader]
[2021-07-19 14:02:54,292][MainThread:10880][task_id:django.utils.autoreload][autoreload.py:251][INFO][D:\zhouzhi\gitlit_code\logistic_tracking_system\logistic_tracking_system\lts\views.py changed, reloading.]
[2021-07-19 14:02:55,341][MainThread:20064][task_id:django.utils.autoreload][autoreload.py:637][INFO][Watching for file changes with StatReloader]
[2021-07-19 14:11:36,199][MainThread:20064][task_id:django.utils.autoreload][autoreload.py:251][INFO][D:\zhouzhi\gitlit_code\logistic_tracking_system\logistic_tracking_system\lts\views.py changed, reloading.]
[2021-07-19 14:11:37,221][MainThread:18256][task_id:django.utils.autoreload][autoreload.py:637][INFO][Watching for file changes with StatReloader]
[2021-07-19 14:12:27,248][MainThread:18256][task_id:django.utils.autoreload][autoreload.py:251][INFO][D:\zhouzhi\gitlit_code\logistic_tracking_system\logistic_tracking_system\lts\views.py changed, reloading.]
[2021-07-19 14:12:28,307][MainThread:24676][task_id:django.utils.autoreload][autoreload.py:637][INFO][Watching for file changes with StatReloader]
[2021-07-19 14:15:21,638][MainThread:24676][task_id:django.utils.autoreload][autoreload.py:251][INFO][D:\zhouzhi\gitlit_code\logistic_tracking_system\logistic_tracking_system\lts\views.py changed, reloading.]
[2021-07-19 14:15:22,782][MainThread:24156][task_id:django.utils.autoreload][autoreload.py:637][INFO][Watching for file changes with StatReloader]
[2021-07-19 14:16:45,278][MainThread:24156][task_id:django.utils.autoreload][autoreload.py:251][INFO][D:\zhouzhi\gitlit_code\logistic_tracking_system\logistic_tracking_system\lts\views.py changed, reloading.]
[2021-07-19 14:16:46,339][MainThread:3376][task_id:django.utils.autoreload][autoreload.py:637][INFO][Watching for file changes with StatReloader]
[2021-07-19 14:18:22,551][MainThread:3376][task_id:django.utils.autoreload][autoreload.py:251][INFO][D:\zhouzhi\gitlit_code\logistic_tracking_system\logistic_tracking_system\lts\views.py changed, reloading.]
[2021-07-19 14:18:23,652][MainThread:21700][task_id:django.utils.autoreload][autoreload.py:637][INFO][Watching for file changes with StatReloader]
[2021-07-19 14:28:09,523][MainThread:21700][task_id:django.utils.autoreload][autoreload.py:251][INFO][D:\zhouzhi\gitlit_code\logistic_tracking_system\logistic_tracking_system\lts\views.py changed, reloading.]
[2021-07-19 14:28:10,567][MainThread:19648][task_id:django.utils.autoreload][autoreload.py:637][INFO][Watching for file changes with StatReloader]
[2021-07-19 14:30:30,094][MainThread:19648][task_id:django.utils.autoreload][autoreload.py:251][INFO][D:\zhouzhi\gitlit_code\logistic_tracking_system\logistic_tracking_system\lts\views.py changed, reloading.]
[2021-07-19 14:30:31,141][MainThread:13184][task_id:django.utils.autoreload][autoreload.py:637][INFO][Watching for file changes with StatReloader]
[2021-07-19 14:31:50,127][MainThread:13184][task_id:django.utils.autoreload][autoreload.py:251][INFO][D:\zhouzhi\gitlit_code\logistic_tracking_system\logistic_tracking_system\lts\views.py changed, reloading.]
[2021-07-19 14:31:51,144][MainThread:13640][task_id:django.utils.autoreload][autoreload.py:637][INFO][Watching for file changes with StatReloader]
[2021-07-19 14:32:17,379][MainThread:13640][task_id:django.utils.autoreload][autoreload.py:251][INFO][D:\zhouzhi\gitlit_code\logistic_tracking_system\logistic_tracking_system\lts\views.py changed, reloading.]
[2021-07-19 14:32:18,395][MainThread:20996][task_id:django.utils.autoreload][autoreload.py:637][INFO][Watching for file changes with StatReloader]
[2021-07-19 14:35:00,721][MainThread:20996][task_id:django.utils.autoreload][autoreload.py:251][INFO][D:\zhouzhi\gitlit_code\logistic_tracking_system\logistic_tracking_system\lts\views.py changed, reloading.]
[2021-07-19 14:35:01,846][MainThread:2348][task_id:django.utils.autoreload][autoreload.py:637][INFO][Watching for file changes with StatReloader]
[2021-07-19 14:36:18,590][MainThread:2348][task_id:django.utils.autoreload][autoreload.py:251][INFO][D:\zhouzhi\gitlit_code\logistic_tracking_system\logistic_tracking_system\lts\views.py changed, reloading.]
[2021-07-19 14:36:19,607][MainThread:19724][task_id:django.utils.autoreload][autoreload.py:637][INFO][Watching for file changes with StatReloader]
[2021-07-19 15:08:42,318][MainThread:19724][task_id:django.utils.autoreload][autoreload.py:251][INFO][D:\zhouzhi\gitlit_code\logistic_tracking_system\logistic_tracking_system\lts\views.py changed, reloading.]
[2021-07-19 15:08:43,380][MainThread:25768][task_id:django.utils.autoreload][autoreload.py:637][INFO][Watching for file changes with StatReloader]
[2021-07-19 15:10:35,444][Thread-2:25728][task_id:lts.views][views.py:2179][ERROR][创建产品详情表失败]
[2021-07-19 15:11:35,078][Thread-2:25728][task_id:lts.views][views.py:2179][ERROR][创建产品详情表失败]
[2021-07-19 15:11:36,039][MainThread:25768][task_id:django.utils.autoreload][autoreload.py:251][INFO][D:\zhouzhi\gitlit_code\logistic_tracking_system\logistic_tracking_system\lts\views.py changed, reloading.]
[2021-07-19 15:11:37,071][MainThread:26136][task_id:django.utils.autoreload][autoreload.py:637][INFO][Watching for file changes with StatReloader]
[2021-07-19 15:11:39,256][Thread-1:15052][task_id:lts.views][views.py:2168][INFO][创建产品详情表成功]
[2021-07-19 15:33:57,667][MainThread:26136][task_id:django.utils.autoreload][autoreload.py:251][INFO][D:\zhouzhi\gitlit_code\logistic_tracking_system\logistic_tracking_system\lts\views.py changed, reloading.]
[2021-07-19 15:33:58,737][MainThread:25956][task_id:django.utils.autoreload][autoreload.py:637][INFO][Watching for file changes with StatReloader]
[2021-07-19 15:34:25,024][Thread-1:25940][task_id:lts.views][views.py:48][INFO][登录成功]
[2021-07-19 15:35:42,874][MainThread:25956][task_id:django.utils.autoreload][autoreload.py:251][INFO][D:\zhouzhi\gitlit_code\logistic_tracking_system\logistic_tracking_system\lts\views.py changed, reloading.]
[2021-07-19 15:35:43,911][MainThread:26168][task_id:django.utils.autoreload][autoreload.py:637][INFO][Watching for file changes with StatReloader]
[2021-07-19 15:36:03,179][MainThread:26168][task_id:django.utils.autoreload][autoreload.py:251][INFO][D:\zhouzhi\gitlit_code\logistic_tracking_system\logistic_tracking_system\lts\views.py changed, reloading.]
[2021-07-19 15:36:04,369][MainThread:21976][task_id:django.utils.autoreload][autoreload.py:637][INFO][Watching for file changes with StatReloader]
[2021-07-19 15:36:27,336][MainThread:21976][task_id:django.utils.autoreload][autoreload.py:251][INFO][D:\zhouzhi\gitlit_code\logistic_tracking_system\logistic_tracking_system\lts\views.py changed, reloading.]
[2021-07-19 15:36:28,376][MainThread:20984][task_id:django.utils.autoreload][autoreload.py:637][INFO][Watching for file changes with StatReloader]
[2021-07-19 15:36:37,763][MainThread:20984][task_id:django.utils.autoreload][autoreload.py:251][INFO][D:\zhouzhi\gitlit_code\logistic_tracking_system\logistic_tracking_system\lts\views.py changed, reloading.]
[2021-07-19 15:36:38,805][MainThread:18036][task_id:django.utils.autoreload][autoreload.py:637][INFO][Watching for file changes with StatReloader]
[2021-07-19 15:36:46,833][MainThread:18036][task_id:django.utils.autoreload][autoreload.py:251][INFO][D:\zhouzhi\gitlit_code\logistic_tracking_system\logistic_tracking_system\lts\views.py changed, reloading.]
[2021-07-19 15:36:47,879][MainThread:1668][task_id:django.utils.autoreload][autoreload.py:637][INFO][Watching for file changes with StatReloader]
[2021-07-19 15:40:53,749][MainThread:1668][task_id:django.utils.autoreload][autoreload.py:251][INFO][D:\zhouzhi\gitlit_code\logistic_tracking_system\logistic_tracking_system\lts\views.py changed, reloading.]
[2021-07-19 15:40:54,819][MainThread:21952][task_id:django.utils.autoreload][autoreload.py:637][INFO][Watching for file changes with StatReloader]
[2021-07-19 15:41:03,402][Thread-1:24604][task_id:lts.views][views.py:48][INFO][登录成功]
[2021-07-19 15:46:25,082][MainThread:21952][task_id:django.utils.autoreload][autoreload.py:251][INFO][D:\zhouzhi\gitlit_code\logistic_tracking_system\logistic_tracking_system\lts\views.py changed, reloading.]
[2021-07-19 15:46:26,114][MainThread:21784][task_id:django.utils.autoreload][autoreload.py:637][INFO][Watching for file changes with StatReloader]
[2021-07-19 15:46:37,617][Thread-1:20796][task_id:lts.views][views.py:49][INFO][登录成功]
[2021-07-19 15:50:24,598][MainThread:21784][task_id:django.utils.autoreload][autoreload.py:251][INFO][D:\zhouzhi\gitlit_code\logistic_tracking_system\logistic_tracking_system\lts\views.py changed, reloading.]
[2021-07-19 15:50:25,617][MainThread:22448][task_id:django.utils.autoreload][autoreload.py:637][INFO][Watching for file changes with StatReloader]
[2021-07-19 15:50:30,224][MainThread:22448][task_id:django.utils.autoreload][autoreload.py:251][INFO][D:\zhouzhi\gitlit_code\logistic_tracking_system\logistic_tracking_system\lts\views.py changed, reloading.]
[2021-07-19 15:50:31,390][MainThread:23600][task_id:django.utils.autoreload][autoreload.py:637][INFO][Watching for file changes with StatReloader]
[2021-07-19 15:51:46,888][MainThread:23600][task_id:django.utils.autoreload][autoreload.py:251][INFO][D:\zhouzhi\gitlit_code\logistic_tracking_system\logistic_tracking_system\lts\views.py changed, reloading.]
[2021-07-19 15:51:48,014][MainThread:22764][task_id:django.utils.autoreload][autoreload.py:637][INFO][Watching for file changes with StatReloader]
[2021-07-19 15:54:18,153][MainThread:22764][task_id:django.utils.autoreload][autoreload.py:251][INFO][D:\zhouzhi\gitlit_code\logistic_tracking_system\logistic_tracking_system\lts\views.py changed, reloading.]
[2021-07-19 15:54:19,216][MainThread:15956][task_id:django.utils.autoreload][autoreload.py:637][INFO][Watching for file changes with StatReloader]
[2021-07-19 15:57:10,638][MainThread:15956][task_id:django.utils.autoreload][autoreload.py:251][INFO][D:\zhouzhi\gitlit_code\logistic_tracking_system\logistic_tracking_system\lts\views.py changed, reloading.]
[2021-07-19 15:57:11,646][MainThread:15604][task_id:django.utils.autoreload][autoreload.py:637][INFO][Watching for file changes with StatReloader]
[2021-07-19 16:02:20,343][MainThread:15604][task_id:django.utils.autoreload][autoreload.py:251][INFO][D:\zhouzhi\gitlit_code\logistic_tracking_system\logistic_tracking_system\lts\views.py changed, reloading.]
[2021-07-19 16:02:21,414][MainThread:16996][task_id:django.utils.autoreload][autoreload.py:637][INFO][Watching for file changes with StatReloader]
[2021-07-19 16:03:50,775][MainThread:16996][task_id:django.utils.autoreload][autoreload.py:251][INFO][D:\zhouzhi\gitlit_code\logistic_tracking_system\logistic_tracking_system\lts\views.py changed, reloading.]
[2021-07-19 16:03:51,808][MainThread:24760][task_id:django.utils.autoreload][autoreload.py:637][INFO][Watching for file changes with StatReloader]
[2021-07-19 16:04:15,740][MainThread:24760][task_id:django.utils.autoreload][autoreload.py:251][INFO][D:\zhouzhi\gitlit_code\logistic_tracking_system\logistic_tracking_system\lts\views.py changed, reloading.]
[2021-07-19 16:04:16,780][MainThread:22452][task_id:django.utils.autoreload][autoreload.py:637][INFO][Watching for file changes with StatReloader]
[2021-07-19 16:05:42,319][MainThread:22452][task_id:django.utils.autoreload][autoreload.py:251][INFO][D:\zhouzhi\gitlit_code\logistic_tracking_system\logistic_tracking_system\lts\views.py changed, reloading.]
[2021-07-19 16:05:43,802][MainThread:25860][task_id:django.utils.autoreload][autoreload.py:637][INFO][Watching for file changes with StatReloader]
[2021-07-19 16:06:47,353][MainThread:25860][task_id:django.utils.autoreload][autoreload.py:251][INFO][D:\zhouzhi\gitlit_code\logistic_tracking_system\logistic_tracking_system\lts\views.py changed, reloading.]
[2021-07-19 16:06:48,366][MainThread:23364][task_id:django.utils.autoreload][autoreload.py:637][INFO][Watching for file changes with StatReloader]
[2021-07-19 16:09:55,182][MainThread:23364][task_id:django.utils.autoreload][autoreload.py:251][INFO][D:\zhouzhi\gitlit_code\logistic_tracking_system\logistic_tracking_system\lts\views.py changed, reloading.]
[2021-07-19 16:09:56,230][MainThread:16072][task_id:django.utils.autoreload][autoreload.py:637][INFO][Watching for file changes with StatReloader]
[2021-07-19 16:10:00,490][Thread-1:17628][task_id:lts.views][views.py:53][INFO][登录成功]
[2021-07-19 16:46:23,694][MainThread:16072][task_id:django.utils.autoreload][autoreload.py:251][INFO][D:\zhouzhi\gitlit_code\logistic_tracking_system\logistic_tracking_system\lts\views.py changed, reloading.]
[2021-07-19 16:46:24,791][MainThread:17212][task_id:django.utils.autoreload][autoreload.py:637][INFO][Watching for file changes with StatReloader]
[2021-07-19 16:46:42,953][Thread-1:26816][task_id:lts.views][views.py:53][INFO][登录成功]
[2021-07-19 16:48:07,099][Thread-1:26816][task_id:lts.views][views.py:53][INFO][登录成功]
[2021-07-19 16:50:13,247][MainThread:17212][task_id:django.utils.autoreload][autoreload.py:251][INFO][D:\zhouzhi\gitlit_code\logistic_tracking_system\logistic_tracking_system\lts\views.py changed, reloading.]
[2021-07-19 16:50:14,692][MainThread:29268][task_id:django.utils.autoreload][autoreload.py:637][INFO][Watching for file changes with StatReloader]
[2021-07-19 16:51:31,897][MainThread:29268][task_id:django.utils.autoreload][autoreload.py:251][INFO][D:\zhouzhi\gitlit_code\logistic_tracking_system\logistic_tracking_system\lts\views.py changed, reloading.]
[2021-07-19 16:51:33,062][MainThread:21596][task_id:django.utils.autoreload][autoreload.py:637][INFO][Watching for file changes with StatReloader]
[2021-07-19 16:51:54,217][MainThread:21596][task_id:django.utils.autoreload][autoreload.py:251][INFO][D:\zhouzhi\gitlit_code\logistic_tracking_system\logistic_tracking_system\lts\views.py changed, reloading.]
[2021-07-19 16:51:55,267][MainThread:6508][task_id:django.utils.autoreload][autoreload.py:637][INFO][Watching for file changes with StatReloader]
[2021-07-19 16:52:06,222][MainThread:6508][task_id:django.utils.autoreload][autoreload.py:251][INFO][D:\zhouzhi\gitlit_code\logistic_tracking_system\logistic_tracking_system\lts\views.py changed, reloading.]
[2021-07-19 16:52:07,779][MainThread:28468][task_id:django.utils.autoreload][autoreload.py:637][INFO][Watching for file changes with StatReloader]
[2021-07-19 16:52:57,493][MainThread:28468][task_id:django.utils.autoreload][autoreload.py:251][INFO][D:\zhouzhi\gitlit_code\logistic_tracking_system\logistic_tracking_system\lts\views.py changed, reloading.]
[2021-07-19 16:52:58,707][MainThread:29168][task_id:django.utils.autoreload][autoreload.py:637][INFO][Watching for file changes with StatReloader]
[2021-07-19 16:53:23,174][MainThread:29168][task_id:django.utils.autoreload][autoreload.py:251][INFO][D:\zhouzhi\gitlit_code\logistic_tracking_system\logistic_tracking_system\lts\views.py changed, reloading.]
[2021-07-19 16:53:24,224][MainThread:29088][task_id:django.utils.autoreload][autoreload.py:637][INFO][Watching for file changes with StatReloader]
[2021-07-19 16:57:35,217][Thread-1:29656][task_id:lts.views][views.py:54][INFO][登录成功]
[2021-07-19 17:04:06,205][MainThread:29088][task_id:django.utils.autoreload][autoreload.py:251][INFO][D:\zhouzhi\gitlit_code\logistic_tracking_system\logistic_tracking_system\lts\views.py changed, reloading.]
[2021-07-19 17:04:07,263][MainThread:17572][task_id:django.utils.autoreload][autoreload.py:637][INFO][Watching for file changes with StatReloader]
[2021-07-19 17:11:58,746][Thread-6:28988][task_id:lts.views][views.py:54][INFO][登录成功]
[2021-07-19 17:13:31,245][MainThread:17572][task_id:django.utils.autoreload][autoreload.py:251][INFO][D:\zhouzhi\gitlit_code\logistic_tracking_system\logistic_tracking_system\logistic_tracking_system\settings.py changed, reloading.]
[2021-07-19 17:13:32,290][MainThread:23956][task_id:django.utils.autoreload][autoreload.py:637][INFO][Watching for file changes with StatReloader]
[2021-07-19 17:13:52,253][MainThread:23956][task_id:django.utils.autoreload][autoreload.py:251][INFO][D:\zhouzhi\gitlit_code\logistic_tracking_system\logistic_tracking_system\logistic_tracking_system\settings.py changed, reloading.]
[2021-07-19 17:13:53,276][MainThread:29556][task_id:django.utils.autoreload][autoreload.py:637][INFO][Watching for file changes with StatReloader]
[2021-07-19 17:14:04,495][MainThread:29556][task_id:django.utils.autoreload][autoreload.py:251][INFO][D:\zhouzhi\gitlit_code\logistic_tracking_system\logistic_tracking_system\logistic_tracking_system\settings.py changed, reloading.]
[2021-07-19 17:14:05,515][MainThread:2920][task_id:django.utils.autoreload][autoreload.py:637][INFO][Watching for file changes with StatReloader]
[2021-07-19 17:27:35,271][MainThread:2920][task_id:django.utils.autoreload][autoreload.py:251][INFO][D:\zhouzhi\gitlit_code\logistic_tracking_system\logistic_tracking_system\logistic_tracking_system\settings.py changed, reloading.]
[2021-07-19 17:27:36,312][MainThread:29464][task_id:django.utils.autoreload][autoreload.py:637][INFO][Watching for file changes with StatReloader]
[2021-07-19 17:27:50,756][Thread-1:29556][task_id:lts.views][views.py:54][INFO][登录成功]
[2021-07-19 17:32:13,386][Thread-1:29556][task_id:lts.views][views.py:54][INFO][登录成功]
[2021-07-19 17:35:14,146][Thread-1:29556][task_id:lts.views][views.py:54][INFO][登录成功]
[2021-07-19 17:37:06,350][Thread-6:17616][task_id:lts.views][views.py:54][INFO][登录成功]
[2021-07-19 17:38:28,226][Thread-10:27764][task_id:lts.views][views.py:54][INFO][登录成功]
[2021-07-19 17:40:12,739][Thread-10:27764][task_id:lts.views][views.py:54][INFO][登录成功]
[2021-07-19 17:46:22,229][MainThread:29464][task_id:django.utils.autoreload][autoreload.py:251][INFO][D:\zhouzhi\gitlit_code\logistic_tracking_system\logistic_tracking_system\lts\views.py changed, reloading.]
[2021-07-19 17:46:23,286][MainThread:27828][task_id:django.utils.autoreload][autoreload.py:637][INFO][Watching for file changes with StatReloader]
[2021-07-19 17:47:15,757][MainThread:27828][task_id:django.utils.autoreload][autoreload.py:251][INFO][D:\zhouzhi\gitlit_code\logistic_tracking_system\logistic_tracking_system\lts\views.py changed, reloading.]
[2021-07-19 17:47:16,929][MainThread:24732][task_id:django.utils.autoreload][autoreload.py:637][INFO][Watching for file changes with StatReloader]
[2021-07-19 17:56:57,422][Thread-3:29312][task_id:lts.views][views.py:54][INFO][登录成功]
[2021-07-19 17:58:52,581][Thread-5:12956][task_id:lts.views][views.py:54][INFO][登录成功]
[2021-07-19 18:02:51,982][Thread-6:24528][task_id:django.request][log.py:230][WARNING][Not Found: /favicon.ico]
[2021-07-19 18:07:30,739][Thread-6:24528][task_id:lts.views][views.py:54][INFO][登录成功]
[2021-07-19 18:07:53,261][Thread-8:29896][task_id:lts.views][views.py:54][INFO][登录成功]
[2021-07-19 18:10:02,455][MainThread:24732][task_id:django.utils.autoreload][autoreload.py:251][INFO][D:\zhouzhi\gitlit_code\logistic_tracking_system\logistic_tracking_system\lts\views.py changed, reloading.]
[2021-07-19 18:10:03,527][MainThread:2052][task_id:django.utils.autoreload][autoreload.py:637][INFO][Watching for file changes with StatReloader]
[2021-07-19 18:10:43,056][MainThread:2052][task_id:django.utils.autoreload][autoreload.py:251][INFO][D:\zhouzhi\gitlit_code\logistic_tracking_system\logistic_tracking_system\lts\views.py changed, reloading.]
[2021-07-19 18:10:44,097][MainThread:22212][task_id:django.utils.autoreload][autoreload.py:637][INFO][Watching for file changes with StatReloader]
[2021-07-19 18:11:31,408][Thread-1:28848][task_id:lts.views][views.py:54][INFO][登录成功]
[2021-07-19 18:14:17,938][MainThread:22212][task_id:django.utils.autoreload][autoreload.py:251][INFO][D:\zhouzhi\gitlit_code\logistic_tracking_system\logistic_tracking_system\lts\views.py changed, reloading.]
[2021-07-19 18:14:19,004][MainThread:29804][task_id:django.utils.autoreload][autoreload.py:637][INFO][Watching for file changes with StatReloader]
[2021-07-19 18:14:48,752][MainThread:29804][task_id:django.utils.autoreload][autoreload.py:251][INFO][D:\zhouzhi\gitlit_code\logistic_tracking_system\logistic_tracking_system\lts\views.py changed, reloading.]
[2021-07-19 18:14:49,884][MainThread:30364][task_id:django.utils.autoreload][autoreload.py:637][INFO][Watching for file changes with StatReloader]
[2021-07-19 18:14:59,671][Thread-2:26836][task_id:lts.views][views.py:55][INFO][登录成功]
[2021-07-19 18:17:17,722][MainThread:30364][task_id:django.utils.autoreload][autoreload.py:251][INFO][D:\zhouzhi\gitlit_code\logistic_tracking_system\logistic_tracking_system\lts\views.py changed, reloading.]
[2021-07-19 18:17:18,800][MainThread:29888][task_id:django.utils.autoreload][autoreload.py:637][INFO][Watching for file changes with StatReloader]
[2021-07-19 18:17:44,091][MainThread:29888][task_id:django.utils.autoreload][autoreload.py:251][INFO][D:\zhouzhi\gitlit_code\logistic_tracking_system\logistic_tracking_system\lts\views.py changed, reloading.]
[2021-07-19 18:17:45,180][MainThread:28228][task_id:django.utils.autoreload][autoreload.py:637][INFO][Watching for file changes with StatReloader]
[2021-07-19 18:17:49,970][MainThread:28228][task_id:django.utils.autoreload][autoreload.py:251][INFO][D:\zhouzhi\gitlit_code\logistic_tracking_system\logistic_tracking_system\lts\views.py changed, reloading.]
[2021-07-19 18:17:51,071][MainThread:16712][task_id:django.utils.autoreload][autoreload.py:637][INFO][Watching for file changes with StatReloader]
[2021-07-19 18:17:58,797][Thread-1:28720][task_id:lts.views][views.py:58][INFO][登录成功]
[2021-07-19 18:19:08,159][MainThread:16712][task_id:django.utils.autoreload][autoreload.py:251][INFO][D:\zhouzhi\gitlit_code\logistic_tracking_system\logistic_tracking_system\lts\views.py changed, reloading.]
[2021-07-19 18:19:09,625][MainThread:28832][task_id:django.utils.autoreload][autoreload.py:637][INFO][Watching for file changes with StatReloader]
[2021-07-19 18:19:15,533][Thread-1:30676][task_id:lts.views][views.py:57][INFO][登录成功]
[2021-07-19 18:19:40,215][Thread-2:11244][task_id:lts.views][views.py:57][INFO][登录成功]
[2021-07-19 18:19:57,548][MainThread:28832][task_id:django.utils.autoreload][autoreload.py:251][INFO][D:\zhouzhi\gitlit_code\logistic_tracking_system\logistic_tracking_system\lts\views.py changed, reloading.]
[2021-07-19 18:19:58,655][MainThread:18004][task_id:django.utils.autoreload][autoreload.py:637][INFO][Watching for file changes with StatReloader]
[2021-07-19 18:20:03,748][Thread-1:18304][task_id:lts.views][views.py:57][INFO][登录成功]
[2021-07-19 18:27:32,366][MainThread:18004][task_id:django.utils.autoreload][autoreload.py:251][INFO][D:\zhouzhi\gitlit_code\logistic_tracking_system\logistic_tracking_system\lts\views.py changed, reloading.]
[2021-07-19 18:27:33,437][MainThread:30824][task_id:django.utils.autoreload][autoreload.py:637][INFO][Watching for file changes with StatReloader]
[2021-07-19 18:27:42,295][Thread-1:31544][task_id:lts.views][views.py:57][INFO][登录成功]
[2021-07-19 18:28:23,867][MainThread:30824][task_id:django.utils.autoreload][autoreload.py:251][INFO][D:\zhouzhi\gitlit_code\logistic_tracking_system\logistic_tracking_system\lts\views.py changed, reloading.]
[2021-07-19 18:28:24,915][MainThread:29524][task_id:django.utils.autoreload][autoreload.py:637][INFO][Watching for file changes with StatReloader]
[2021-07-19 18:28:30,991][Thread-1:30068][task_id:lts.views][views.py:57][INFO][登录成功]
[2021-07-19 18:31:05,600][MainThread:29524][task_id:django.utils.autoreload][autoreload.py:251][INFO][D:\zhouzhi\gitlit_code\logistic_tracking_system\logistic_tracking_system\logistic_tracking_system\settings.py changed, reloading.]
[2021-07-19 18:31:06,733][MainThread:30300][task_id:django.utils.autoreload][autoreload.py:637][INFO][Watching for file changes with StatReloader]
[2021-07-19 18:31:16,738][Thread-1:25648][task_id:lts.views][views.py:57][INFO][登录成功]
[2021-07-19 18:31:27,751][MainThread:30300][task_id:django.utils.autoreload][autoreload.py:251][INFO][D:\zhouzhi\gitlit_code\logistic_tracking_system\logistic_tracking_system\logistic_tracking_system\settings.py changed, reloading.]
[2021-07-19 18:31:28,820][MainThread:31544][task_id:django.utils.autoreload][autoreload.py:637][INFO][Watching for file changes with StatReloader]
[2021-07-19 18:31:35,738][Thread-1:30448][task_id:lts.views][views.py:57][INFO][登录成功]
[2021-07-19 18:31:42,351][MainThread:31544][task_id:django.utils.autoreload][autoreload.py:251][INFO][D:\zhouzhi\gitlit_code\logistic_tracking_system\logistic_tracking_system\logistic_tracking_system\settings.py changed, reloading.]
[2021-07-19 18:31:43,418][MainThread:2584][task_id:django.utils.autoreload][autoreload.py:637][INFO][Watching for file changes with StatReloader]
[2021-07-19 18:31:46,193][Thread-1:24384][task_id:lts.views][views.py:57][INFO][登录成功]
[2021-07-19 18:31:55,847][MainThread:2584][task_id:django.utils.autoreload][autoreload.py:251][INFO][D:\zhouzhi\gitlit_code\logistic_tracking_system\logistic_tracking_system\logistic_tracking_system\settings.py changed, reloading.]
[2021-07-19 18:31:56,902][MainThread:31320][task_id:django.utils.autoreload][autoreload.py:637][INFO][Watching for file changes with StatReloader]
[2021-07-19 18:31:57,930][Thread-1:29792][task_id:lts.views][views.py:57][INFO][登录成功]
[2021-07-19 18:32:03,861][MainThread:31320][task_id:django.utils.autoreload][autoreload.py:251][INFO][D:\zhouzhi\gitlit_code\logistic_tracking_system\logistic_tracking_system\logistic_tracking_system\settings.py changed, reloading.]
[2021-07-19 18:32:04,899][MainThread:18004][task_id:django.utils.autoreload][autoreload.py:637][INFO][Watching for file changes with StatReloader]
[2021-07-19 18:32:10,743][MainThread:18004][task_id:django.utils.autoreload][autoreload.py:251][INFO][D:\zhouzhi\gitlit_code\logistic_tracking_system\logistic_tracking_system\logistic_tracking_system\settings.py changed, reloading.]
[2021-07-19 18:32:11,809][MainThread:29648][task_id:django.utils.autoreload][autoreload.py:637][INFO][Watching for file changes with StatReloader]
[2021-07-19 18:32:15,225][Thread-1:23272][task_id:lts.views][views.py:57][INFO][登录成功]
[2021-07-19 18:32:27,497][MainThread:29648][task_id:django.utils.autoreload][autoreload.py:251][INFO][D:\zhouzhi\gitlit_code\logistic_tracking_system\logistic_tracking_system\logistic_tracking_system\settings.py changed, reloading.]
[2021-07-19 18:32:28,571][MainThread:30580][task_id:django.utils.autoreload][autoreload.py:637][INFO][Watching for file changes with StatReloader]
[2021-07-19 18:34:46,690][MainThread:30580][task_id:django.utils.autoreload][autoreload.py:251][INFO][D:\zhouzhi\gitlit_code\logistic_tracking_system\logistic_tracking_system\lts\views.py changed, reloading.]
[2021-07-19 18:34:47,814][MainThread:22868][task_id:django.utils.autoreload][autoreload.py:637][INFO][Watching for file changes with StatReloader]
[2021-07-19 18:43:33,740][Thread-2:29708][task_id:lts.views][views.py:57][INFO][登录成功]
[2021-07-19 18:44:25,002][Thread-2:29708][task_id:lts.views][views.py:57][INFO][登录成功]
[2021-07-19 18:45:51,125][Thread-2:29708][task_id:lts.views][views.py:57][INFO][登录成功]
[2021-07-19 18:48:04,198][Thread-6:24072][task_id:lts.views][views.py:57][INFO][登录成功]
[2021-07-19 19:05:22,889][MainThread:22868][task_id:django.utils.autoreload][autoreload.py:251][INFO][D:\zhouzhi\gitlit_code\logistic_tracking_system\logistic_tracking_system\logistic_tracking_system\settings.py changed, reloading.]
[2021-07-19 19:05:23,983][MainThread:28248][task_id:django.utils.autoreload][autoreload.py:637][INFO][Watching for file changes with StatReloader]
[2021-07-19 19:05:31,949][MainThread:28248][task_id:django.utils.autoreload][autoreload.py:251][INFO][D:\zhouzhi\gitlit_code\logistic_tracking_system\logistic_tracking_system\logistic_tracking_system\settings.py changed, reloading.]
[2021-07-19 19:05:32,977][MainThread:24756][task_id:django.utils.autoreload][autoreload.py:637][INFO][Watching for file changes with StatReloader]
[2021-07-19 19:05:38,826][MainThread:24756][task_id:django.utils.autoreload][autoreload.py:251][INFO][D:\zhouzhi\gitlit_code\logistic_tracking_system\logistic_tracking_system\logistic_tracking_system\settings.py changed, reloading.]
[2021-07-19 19:05:39,861][MainThread:20176][task_id:django.utils.autoreload][autoreload.py:637][INFO][Watching for file changes with StatReloader]
[2021-07-19 19:06:01,768][Thread-5:29088][task_id:lts.views][views.py:57][INFO][登录成功]
[2021-07-19 19:06:16,871][MainThread:20176][task_id:django.utils.autoreload][autoreload.py:251][INFO][D:\zhouzhi\gitlit_code\logistic_tracking_system\logistic_tracking_system\logistic_tracking_system\settings.py changed, reloading.]
[2021-07-19 19:06:17,911][MainThread:31452][task_id:django.utils.autoreload][autoreload.py:637][INFO][Watching for file changes with StatReloader]
[2021-07-19 19:07:14,143][MainThread:31452][task_id:django.utils.autoreload][autoreload.py:251][INFO][D:\zhouzhi\gitlit_code\logistic_tracking_system\logistic_tracking_system\logistic_tracking_system\settings.py changed, reloading.]
[2021-07-19 19:07:15,203][MainThread:28460][task_id:django.utils.autoreload][autoreload.py:637][INFO][Watching for file changes with StatReloader]
[2021-07-19 19:09:55,572][MainThread:28460][task_id:django.utils.autoreload][autoreload.py:251][INFO][D:\zhouzhi\gitlit_code\logistic_tracking_system\logistic_tracking_system\logistic_tracking_system\settings.py changed, reloading.]
[2021-07-19 19:09:56,632][MainThread:30632][task_id:django.utils.autoreload][autoreload.py:637][INFO][Watching for file changes with StatReloader]
[2021-07-19 19:10:02,470][Thread-1:31160][task_id:lts.views][views.py:57][INFO][登录成功]
[2021-07-19 19:10:24,118][MainThread:30632][task_id:django.utils.autoreload][autoreload.py:251][INFO][D:\zhouzhi\gitlit_code\logistic_tracking_system\logistic_tracking_system\logistic_tracking_system\settings.py changed, reloading.]
[2021-07-19 19:10:25,167][MainThread:3376][task_id:django.utils.autoreload][autoreload.py:637][INFO][Watching for file changes with StatReloader]
[2021-07-19 19:10:30,595][Thread-1:22600][task_id:lts.views][views.py:57][INFO][登录成功]
[2021-07-19 19:11:02,687][Thread-1:22600][task_id:lts.views][views.py:57][INFO][登录成功]
[2021-07-19 19:12:51,780][MainThread:3376][task_id:django.utils.autoreload][autoreload.py:251][INFO][D:\zhouzhi\gitlit_code\logistic_tracking_system\logistic_tracking_system\logistic_tracking_system\settings.py changed, reloading.]
[2021-07-19 19:12:52,900][MainThread:30928][task_id:django.utils.autoreload][autoreload.py:637][INFO][Watching for file changes with StatReloader]
[2021-07-19 19:12:58,212][Thread-1:31140][task_id:lts.views][views.py:57][INFO][登录成功]
[2021-07-19 19:14:03,399][Thread-1:31140][task_id:lts.views][views.py:57][INFO][登录成功]
[2021-07-19 19:14:50,048][Thread-1:31140][task_id:lts.views][views.py:57][INFO][登录成功]
[2021-07-19 19:15:24,684][Thread-1:31140][task_id:lts.views][views.py:57][INFO][登录成功]
[2021-07-19 19:16:44,632][Thread-1:31140][task_id:lts.views][views.py:57][INFO][登录成功]
[2021-07-19 19:17:08,020][MainThread:30928][task_id:django.utils.autoreload][autoreload.py:251][INFO][D:\zhouzhi\gitlit_code\logistic_tracking_system\logistic_tracking_system\logistic_tracking_system\settings.py changed, reloading.]
[2021-07-19 19:17:09,050][MainThread:31416][task_id:django.utils.autoreload][autoreload.py:637][INFO][Watching for file changes with StatReloader]
[2021-07-19 19:17:23,292][Thread-1:25248][task_id:lts.views][views.py:57][INFO][登录成功]
[2021-07-19 19:23:00,577][Thread-3:22316][task_id:lts.views][views.py:57][INFO][登录成功]
[2021-07-19 19:32:30,193][Thread-7:26464][task_id:lts.views][views.py:57][INFO][登录成功]
