[2021-07-14 08:52:39,910][MainThread:14124][task_id:django.utils.autoreload][autoreload.py:637][INFO][Watching for file changes with StatReloader]
[2021-07-14 08:52:50,510][MainThread:15516][task_id:django.utils.autoreload][autoreload.py:637][INFO][Watching for file changes with StatReloader]
[2021-07-14 09:35:11,799][MainThread:15516][task_id:django.utils.autoreload][autoreload.py:251][INFO][D:\zhouzhi\gitlit_code\logistic_tracking_system\logistic_tracking_system\lts\views.py changed, reloading.]
[2021-07-14 09:35:12,854][MainThread:15232][task_id:django.utils.autoreload][autoreload.py:637][INFO][Watching for file changes with StatReloader]
[2021-07-14 09:45:42,350][MainThread:15232][task_id:django.utils.autoreload][autoreload.py:251][INFO][D:\zhouzhi\gitlit_code\logistic_tracking_system\logistic_tracking_system\lts\views.py changed, reloading.]
[2021-07-14 09:45:43,351][MainThread:5348][task_id:django.utils.autoreload][autoreload.py:637][INFO][Watching for file changes with StatReloader]
[2021-07-14 09:51:47,987][Thread-1:11580][task_id:lts.views][views.py:1191][INFO][创建物料详情表成功]
[2021-07-14 10:39:24,489][MainThread:5672][task_id:django.utils.autoreload][autoreload.py:637][INFO][Watching for file changes with StatReloader]
[2021-07-14 11:13:41,607][Thread-9:3860][task_id:lts.views][views.py:3346][ERROR][创建产品详情表失败]
[2021-07-14 11:14:45,866][Thread-9:3860][task_id:lts.views][views.py:3346][ERROR][创建产品详情表失败]
[2021-07-14 11:15:47,931][Thread-10:13540][task_id:lts.views][views.py:3346][ERROR][创建产品详情表失败]
[2021-07-14 11:33:53,366][MainThread:5672][task_id:django.utils.autoreload][autoreload.py:251][INFO][D:\zhouzhi\gitlit_code\logistic_tracking_system\logistic_tracking_system\lts\views.py changed, reloading.]
[2021-07-14 11:33:54,432][MainThread:18528][task_id:django.utils.autoreload][autoreload.py:637][INFO][Watching for file changes with StatReloader]
[2021-07-14 11:34:13,224][MainThread:18528][task_id:django.utils.autoreload][autoreload.py:251][INFO][D:\zhouzhi\gitlit_code\logistic_tracking_system\logistic_tracking_system\lts\views.py changed, reloading.]
[2021-07-14 11:34:14,233][MainThread:2340][task_id:django.utils.autoreload][autoreload.py:637][INFO][Watching for file changes with StatReloader]
[2021-07-14 11:36:34,416][MainThread:2340][task_id:django.utils.autoreload][autoreload.py:251][INFO][D:\zhouzhi\gitlit_code\logistic_tracking_system\logistic_tracking_system\lts\views.py changed, reloading.]
[2021-07-14 11:36:35,460][MainThread:13268][task_id:django.utils.autoreload][autoreload.py:637][INFO][Watching for file changes with StatReloader]
[2021-07-14 11:37:12,830][MainThread:13268][task_id:django.utils.autoreload][autoreload.py:251][INFO][D:\zhouzhi\gitlit_code\logistic_tracking_system\logistic_tracking_system\lts\views.py changed, reloading.]
[2021-07-14 11:37:13,861][MainThread:16308][task_id:django.utils.autoreload][autoreload.py:637][INFO][Watching for file changes with StatReloader]
[2021-07-14 11:38:40,249][MainThread:16308][task_id:django.utils.autoreload][autoreload.py:251][INFO][D:\zhouzhi\gitlit_code\logistic_tracking_system\logistic_tracking_system\lts\views.py changed, reloading.]
[2021-07-14 11:38:41,281][MainThread:2004][task_id:django.utils.autoreload][autoreload.py:637][INFO][Watching for file changes with StatReloader]
[2021-07-14 11:39:56,696][MainThread:2004][task_id:django.utils.autoreload][autoreload.py:251][INFO][D:\zhouzhi\gitlit_code\logistic_tracking_system\logistic_tracking_system\lts\views.py changed, reloading.]
[2021-07-14 11:39:57,691][MainThread:19652][task_id:django.utils.autoreload][autoreload.py:637][INFO][Watching for file changes with StatReloader]
[2021-07-14 11:41:22,742][Thread-1:20332][task_id:lts.views][views.py:3477][INFO][删除产品列表或者物料表成功]
[2021-07-14 11:43:29,076][Thread-1:20332][task_id:django.request][log.py:230][ERROR][Internal Server Error: /logistic/LogisticPersonMatter]
Traceback (most recent call last):
  File "C:\Users\zhi.zhou\Anaconda3\envs\lts\lib\site-packages\django\core\handlers\exception.py", line 47, in inner
    response = get_response(request)
  File "C:\Users\zhi.zhou\Anaconda3\envs\lts\lib\site-packages\django\core\handlers\base.py", line 188, in _get_response
    self.check_response(response, callback)
  File "C:\Users\zhi.zhou\Anaconda3\envs\lts\lib\site-packages\django\core\handlers\base.py", line 311, in check_response
    "instead." % name
ValueError: The view lts.views.PersonMatter didn't return an HttpResponse object. It returned None instead.
[2021-07-14 11:43:34,915][Thread-1:20332][task_id:django.request][log.py:230][ERROR][Internal Server Error: /logistic/LogisticPersonMatter]
Traceback (most recent call last):
  File "C:\Users\zhi.zhou\Anaconda3\envs\lts\lib\site-packages\django\core\handlers\exception.py", line 47, in inner
    response = get_response(request)
  File "C:\Users\zhi.zhou\Anaconda3\envs\lts\lib\site-packages\django\core\handlers\base.py", line 188, in _get_response
    self.check_response(response, callback)
  File "C:\Users\zhi.zhou\Anaconda3\envs\lts\lib\site-packages\django\core\handlers\base.py", line 311, in check_response
    "instead." % name
ValueError: The view lts.views.PersonMatter didn't return an HttpResponse object. It returned None instead.
[2021-07-14 11:43:41,255][Thread-1:20332][task_id:django.request][log.py:230][ERROR][Internal Server Error: /logistic/LogisticPersonMatter]
Traceback (most recent call last):
  File "C:\Users\zhi.zhou\Anaconda3\envs\lts\lib\site-packages\django\core\handlers\exception.py", line 47, in inner
    response = get_response(request)
  File "C:\Users\zhi.zhou\Anaconda3\envs\lts\lib\site-packages\django\core\handlers\base.py", line 188, in _get_response
    self.check_response(response, callback)
  File "C:\Users\zhi.zhou\Anaconda3\envs\lts\lib\site-packages\django\core\handlers\base.py", line 311, in check_response
    "instead." % name
ValueError: The view lts.views.PersonMatter didn't return an HttpResponse object. It returned None instead.
[2021-07-14 11:43:42,341][Thread-1:20332][task_id:django.request][log.py:230][ERROR][Internal Server Error: /logistic/LogisticPersonMatter]
Traceback (most recent call last):
  File "C:\Users\zhi.zhou\Anaconda3\envs\lts\lib\site-packages\django\core\handlers\exception.py", line 47, in inner
    response = get_response(request)
  File "C:\Users\zhi.zhou\Anaconda3\envs\lts\lib\site-packages\django\core\handlers\base.py", line 188, in _get_response
    self.check_response(response, callback)
  File "C:\Users\zhi.zhou\Anaconda3\envs\lts\lib\site-packages\django\core\handlers\base.py", line 311, in check_response
    "instead." % name
ValueError: The view lts.views.PersonMatter didn't return an HttpResponse object. It returned None instead.
[2021-07-14 11:43:43,194][Thread-1:20332][task_id:django.request][log.py:230][ERROR][Internal Server Error: /logistic/LogisticPersonMatter]
Traceback (most recent call last):
  File "C:\Users\zhi.zhou\Anaconda3\envs\lts\lib\site-packages\django\core\handlers\exception.py", line 47, in inner
    response = get_response(request)
  File "C:\Users\zhi.zhou\Anaconda3\envs\lts\lib\site-packages\django\core\handlers\base.py", line 188, in _get_response
    self.check_response(response, callback)
  File "C:\Users\zhi.zhou\Anaconda3\envs\lts\lib\site-packages\django\core\handlers\base.py", line 311, in check_response
    "instead." % name
ValueError: The view lts.views.PersonMatter didn't return an HttpResponse object. It returned None instead.
[2021-07-14 11:43:50,845][Thread-1:20332][task_id:django.request][log.py:230][ERROR][Internal Server Error: /logistic/LogisticPersonMatter]
Traceback (most recent call last):
  File "C:\Users\zhi.zhou\Anaconda3\envs\lts\lib\site-packages\django\core\handlers\exception.py", line 47, in inner
    response = get_response(request)
  File "C:\Users\zhi.zhou\Anaconda3\envs\lts\lib\site-packages\django\core\handlers\base.py", line 188, in _get_response
    self.check_response(response, callback)
  File "C:\Users\zhi.zhou\Anaconda3\envs\lts\lib\site-packages\django\core\handlers\base.py", line 311, in check_response
    "instead." % name
ValueError: The view lts.views.PersonMatter didn't return an HttpResponse object. It returned None instead.
[2021-07-14 11:44:54,742][MainThread:19652][task_id:django.utils.autoreload][autoreload.py:251][INFO][D:\zhouzhi\gitlit_code\logistic_tracking_system\logistic_tracking_system\lts\views.py changed, reloading.]
[2021-07-14 11:44:55,759][MainThread:16668][task_id:django.utils.autoreload][autoreload.py:637][INFO][Watching for file changes with StatReloader]
[2021-07-14 11:46:41,723][MainThread:16668][task_id:django.utils.autoreload][autoreload.py:251][INFO][D:\zhouzhi\gitlit_code\logistic_tracking_system\logistic_tracking_system\lts\views.py changed, reloading.]
[2021-07-14 11:46:42,743][MainThread:13536][task_id:django.utils.autoreload][autoreload.py:637][INFO][Watching for file changes with StatReloader]
[2021-07-14 11:46:47,227][MainThread:13536][task_id:django.utils.autoreload][autoreload.py:251][INFO][D:\zhouzhi\gitlit_code\logistic_tracking_system\logistic_tracking_system\lts\views.py changed, reloading.]
[2021-07-14 11:46:48,212][MainThread:6148][task_id:django.utils.autoreload][autoreload.py:637][INFO][Watching for file changes with StatReloader]
[2021-07-14 11:47:06,054][MainThread:6148][task_id:django.utils.autoreload][autoreload.py:251][INFO][D:\zhouzhi\gitlit_code\logistic_tracking_system\logistic_tracking_system\lts\views.py changed, reloading.]
[2021-07-14 11:47:07,060][MainThread:5996][task_id:django.utils.autoreload][autoreload.py:637][INFO][Watching for file changes with StatReloader]
[2021-07-14 11:48:08,508][MainThread:5996][task_id:django.utils.autoreload][autoreload.py:251][INFO][D:\zhouzhi\gitlit_code\logistic_tracking_system\logistic_tracking_system\lts\views.py changed, reloading.]
[2021-07-14 11:48:09,599][MainThread:16952][task_id:django.utils.autoreload][autoreload.py:637][INFO][Watching for file changes with StatReloader]
[2021-07-14 11:48:48,080][MainThread:16952][task_id:django.utils.autoreload][autoreload.py:251][INFO][D:\zhouzhi\gitlit_code\logistic_tracking_system\logistic_tracking_system\lts\views.py changed, reloading.]
[2021-07-14 11:48:49,167][MainThread:11080][task_id:django.utils.autoreload][autoreload.py:637][INFO][Watching for file changes with StatReloader]
[2021-07-14 11:49:14,402][MainThread:11080][task_id:django.utils.autoreload][autoreload.py:251][INFO][D:\zhouzhi\gitlit_code\logistic_tracking_system\logistic_tracking_system\lts\views.py changed, reloading.]
[2021-07-14 11:49:15,396][MainThread:6352][task_id:django.utils.autoreload][autoreload.py:637][INFO][Watching for file changes with StatReloader]
[2021-07-14 11:50:10,719][MainThread:6352][task_id:django.utils.autoreload][autoreload.py:251][INFO][D:\zhouzhi\gitlit_code\logistic_tracking_system\logistic_tracking_system\lts\views.py changed, reloading.]
[2021-07-14 11:50:11,758][MainThread:18144][task_id:django.utils.autoreload][autoreload.py:637][INFO][Watching for file changes with StatReloader]
[2021-07-14 11:51:36,003][MainThread:18144][task_id:django.utils.autoreload][autoreload.py:251][INFO][D:\zhouzhi\gitlit_code\logistic_tracking_system\logistic_tracking_system\lts\views.py changed, reloading.]
[2021-07-14 11:51:37,016][MainThread:19040][task_id:django.utils.autoreload][autoreload.py:637][INFO][Watching for file changes with StatReloader]
[2021-07-14 11:52:48,121][MainThread:19040][task_id:django.utils.autoreload][autoreload.py:251][INFO][D:\zhouzhi\gitlit_code\logistic_tracking_system\logistic_tracking_system\lts\views.py changed, reloading.]
[2021-07-14 11:52:49,128][MainThread:12860][task_id:django.utils.autoreload][autoreload.py:637][INFO][Watching for file changes with StatReloader]
[2021-07-14 11:54:32,491][MainThread:12860][task_id:django.utils.autoreload][autoreload.py:251][INFO][D:\zhouzhi\gitlit_code\logistic_tracking_system\logistic_tracking_system\lts\views.py changed, reloading.]
[2021-07-14 11:54:33,538][MainThread:4580][task_id:django.utils.autoreload][autoreload.py:637][INFO][Watching for file changes with StatReloader]
[2021-07-14 11:57:02,960][MainThread:4580][task_id:django.utils.autoreload][autoreload.py:251][INFO][D:\zhouzhi\gitlit_code\logistic_tracking_system\logistic_tracking_system\lts\views.py changed, reloading.]
[2021-07-14 11:57:03,949][MainThread:20296][task_id:django.utils.autoreload][autoreload.py:637][INFO][Watching for file changes with StatReloader]
[2021-07-14 11:58:04,602][MainThread:20296][task_id:django.utils.autoreload][autoreload.py:251][INFO][D:\zhouzhi\gitlit_code\logistic_tracking_system\logistic_tracking_system\lts\views.py changed, reloading.]
[2021-07-14 11:58:05,576][MainThread:15284][task_id:django.utils.autoreload][autoreload.py:637][INFO][Watching for file changes with StatReloader]
[2021-07-14 12:35:20,098][MainThread:15284][task_id:django.utils.autoreload][autoreload.py:251][INFO][D:\zhouzhi\gitlit_code\logistic_tracking_system\logistic_tracking_system\lts\views.py changed, reloading.]
[2021-07-14 12:35:21,129][MainThread:20536][task_id:django.utils.autoreload][autoreload.py:637][INFO][Watching for file changes with StatReloader]
[2021-07-14 12:37:09,001][MainThread:20536][task_id:django.utils.autoreload][autoreload.py:251][INFO][D:\zhouzhi\gitlit_code\logistic_tracking_system\logistic_tracking_system\lts\views.py changed, reloading.]
[2021-07-14 12:37:09,989][MainThread:19780][task_id:django.utils.autoreload][autoreload.py:637][INFO][Watching for file changes with StatReloader]
[2021-07-14 12:38:45,959][MainThread:19780][task_id:django.utils.autoreload][autoreload.py:251][INFO][D:\zhouzhi\gitlit_code\logistic_tracking_system\logistic_tracking_system\lts\views.py changed, reloading.]
[2021-07-14 12:38:46,971][MainThread:10552][task_id:django.utils.autoreload][autoreload.py:637][INFO][Watching for file changes with StatReloader]
[2021-07-14 12:38:48,177][Thread-1:2840][task_id:django.request][log.py:230][ERROR][Internal Server Error: /logistic/LogisticPersonMatter]
Traceback (most recent call last):
  File "C:\Users\zhi.zhou\Anaconda3\envs\lts\lib\site-packages\django\core\handlers\exception.py", line 47, in inner
    response = get_response(request)
  File "C:\Users\zhi.zhou\Anaconda3\envs\lts\lib\site-packages\django\core\handlers\base.py", line 188, in _get_response
    self.check_response(response, callback)
  File "C:\Users\zhi.zhou\Anaconda3\envs\lts\lib\site-packages\django\core\handlers\base.py", line 311, in check_response
    "instead." % name
ValueError: The view lts.views.PersonMatter didn't return an HttpResponse object. It returned None instead.
[2021-07-14 12:41:09,304][MainThread:10552][task_id:django.utils.autoreload][autoreload.py:251][INFO][D:\zhouzhi\gitlit_code\logistic_tracking_system\logistic_tracking_system\lts\views.py changed, reloading.]
[2021-07-14 12:41:10,310][MainThread:6084][task_id:django.utils.autoreload][autoreload.py:637][INFO][Watching for file changes with StatReloader]
[2021-07-14 12:42:01,120][MainThread:6084][task_id:django.utils.autoreload][autoreload.py:251][INFO][D:\zhouzhi\gitlit_code\logistic_tracking_system\logistic_tracking_system\lts\views.py changed, reloading.]
[2021-07-14 12:42:02,138][MainThread:20188][task_id:django.utils.autoreload][autoreload.py:637][INFO][Watching for file changes with StatReloader]
[2021-07-14 12:43:09,273][MainThread:20188][task_id:django.utils.autoreload][autoreload.py:251][INFO][D:\zhouzhi\gitlit_code\logistic_tracking_system\logistic_tracking_system\lts\views.py changed, reloading.]
[2021-07-14 12:43:10,279][MainThread:13936][task_id:django.utils.autoreload][autoreload.py:637][INFO][Watching for file changes with StatReloader]
[2021-07-14 12:45:15,024][MainThread:13936][task_id:django.utils.autoreload][autoreload.py:251][INFO][D:\zhouzhi\gitlit_code\logistic_tracking_system\logistic_tracking_system\lts\views.py changed, reloading.]
[2021-07-14 12:45:16,033][MainThread:6432][task_id:django.utils.autoreload][autoreload.py:637][INFO][Watching for file changes with StatReloader]
[2021-07-14 12:51:02,661][MainThread:6432][task_id:django.utils.autoreload][autoreload.py:251][INFO][D:\zhouzhi\gitlit_code\logistic_tracking_system\logistic_tracking_system\lts\views.py changed, reloading.]
[2021-07-14 12:51:03,658][MainThread:18176][task_id:django.utils.autoreload][autoreload.py:637][INFO][Watching for file changes with StatReloader]
[2021-07-14 12:52:49,429][MainThread:18176][task_id:django.utils.autoreload][autoreload.py:251][INFO][D:\zhouzhi\gitlit_code\logistic_tracking_system\logistic_tracking_system\lts\views.py changed, reloading.]
[2021-07-14 12:52:50,403][MainThread:20408][task_id:django.utils.autoreload][autoreload.py:637][INFO][Watching for file changes with StatReloader]
[2021-07-14 12:52:56,411][MainThread:20408][task_id:django.utils.autoreload][autoreload.py:251][INFO][D:\zhouzhi\gitlit_code\logistic_tracking_system\logistic_tracking_system\lts\views.py changed, reloading.]
[2021-07-14 12:52:57,398][MainThread:14024][task_id:django.utils.autoreload][autoreload.py:637][INFO][Watching for file changes with StatReloader]
[2021-07-14 12:54:40,777][MainThread:14024][task_id:django.utils.autoreload][autoreload.py:251][INFO][D:\zhouzhi\gitlit_code\logistic_tracking_system\logistic_tracking_system\lts\views.py changed, reloading.]
[2021-07-14 12:54:41,767][MainThread:18020][task_id:django.utils.autoreload][autoreload.py:637][INFO][Watching for file changes with StatReloader]
[2021-07-14 12:56:38,299][MainThread:18020][task_id:django.utils.autoreload][autoreload.py:251][INFO][D:\zhouzhi\gitlit_code\logistic_tracking_system\logistic_tracking_system\lts\views.py changed, reloading.]
[2021-07-14 12:56:39,319][MainThread:13420][task_id:django.utils.autoreload][autoreload.py:637][INFO][Watching for file changes with StatReloader]
[2021-07-14 14:12:33,141][MainThread:13420][task_id:django.utils.autoreload][autoreload.py:251][INFO][D:\zhouzhi\gitlit_code\logistic_tracking_system\logistic_tracking_system\lts\views.py changed, reloading.]
[2021-07-14 14:12:34,160][MainThread:19576][task_id:django.utils.autoreload][autoreload.py:637][INFO][Watching for file changes with StatReloader]
[2021-07-14 14:13:22,765][MainThread:19576][task_id:django.utils.autoreload][autoreload.py:251][INFO][D:\zhouzhi\gitlit_code\logistic_tracking_system\logistic_tracking_system\lts\views.py changed, reloading.]
[2021-07-14 14:13:23,767][MainThread:11948][task_id:django.utils.autoreload][autoreload.py:637][INFO][Watching for file changes with StatReloader]
[2021-07-14 14:13:38,136][MainThread:11948][task_id:django.utils.autoreload][autoreload.py:251][INFO][D:\zhouzhi\gitlit_code\logistic_tracking_system\logistic_tracking_system\lts\views.py changed, reloading.]
[2021-07-14 14:13:39,145][MainThread:19984][task_id:django.utils.autoreload][autoreload.py:637][INFO][Watching for file changes with StatReloader]
[2021-07-14 14:14:00,014][MainThread:19984][task_id:django.utils.autoreload][autoreload.py:251][INFO][D:\zhouzhi\gitlit_code\logistic_tracking_system\logistic_tracking_system\lts\views.py changed, reloading.]
[2021-07-14 14:14:01,027][MainThread:20692][task_id:django.utils.autoreload][autoreload.py:637][INFO][Watching for file changes with StatReloader]
[2021-07-14 14:15:36,951][MainThread:20692][task_id:django.utils.autoreload][autoreload.py:251][INFO][D:\zhouzhi\gitlit_code\logistic_tracking_system\logistic_tracking_system\lts\views.py changed, reloading.]
[2021-07-14 14:15:37,956][MainThread:6888][task_id:django.utils.autoreload][autoreload.py:637][INFO][Watching for file changes with StatReloader]
[2021-07-14 14:15:44,818][MainThread:6888][task_id:django.utils.autoreload][autoreload.py:251][INFO][D:\zhouzhi\gitlit_code\logistic_tracking_system\logistic_tracking_system\lts\views.py changed, reloading.]
[2021-07-14 14:15:45,815][MainThread:12148][task_id:django.utils.autoreload][autoreload.py:637][INFO][Watching for file changes with StatReloader]
[2021-07-14 14:16:15,722][MainThread:12148][task_id:django.utils.autoreload][autoreload.py:251][INFO][D:\zhouzhi\gitlit_code\logistic_tracking_system\logistic_tracking_system\lts\views.py changed, reloading.]
[2021-07-14 14:16:16,737][MainThread:5600][task_id:django.utils.autoreload][autoreload.py:637][INFO][Watching for file changes with StatReloader]
[2021-07-14 14:19:46,878][MainThread:5600][task_id:django.utils.autoreload][autoreload.py:251][INFO][D:\zhouzhi\gitlit_code\logistic_tracking_system\logistic_tracking_system\lts\views.py changed, reloading.]
[2021-07-14 14:19:47,896][MainThread:18256][task_id:django.utils.autoreload][autoreload.py:637][INFO][Watching for file changes with StatReloader]
[2021-07-14 14:20:13,134][MainThread:18256][task_id:django.utils.autoreload][autoreload.py:251][INFO][D:\zhouzhi\gitlit_code\logistic_tracking_system\logistic_tracking_system\lts\views.py changed, reloading.]
[2021-07-14 14:20:14,175][MainThread:18144][task_id:django.utils.autoreload][autoreload.py:637][INFO][Watching for file changes with StatReloader]
[2021-07-14 14:27:15,033][Thread-1:19572][task_id:lts.views][views.py:3411][INFO][创建产品详情表成功]
[2021-07-14 14:27:32,169][Thread-1:19572][task_id:lts.views][views.py:3533][INFO][删除产品列表或者物料表成功]
[2021-07-14 14:27:34,304][Thread-1:19572][task_id:lts.views][views.py:3485][ERROR][修改失败---->'NoneType' object is not iterable]
[2021-07-14 14:33:39,776][MainThread:18144][task_id:django.utils.autoreload][autoreload.py:251][INFO][D:\zhouzhi\gitlit_code\logistic_tracking_system\logistic_tracking_system\lts\views.py changed, reloading.]
[2021-07-14 14:33:40,803][MainThread:22220][task_id:django.utils.autoreload][autoreload.py:637][INFO][Watching for file changes with StatReloader]
[2021-07-14 14:33:49,916][Thread-1:17632][task_id:lts.views][views.py:3485][ERROR][修改失败---->'NoneType' object is not iterable]
[2021-07-14 14:34:11,756][Thread-1:17632][task_id:lts.views][views.py:3485][ERROR][修改失败---->'NoneType' object is not iterable]
[2021-07-14 14:46:44,292][Thread-1:17632][task_id:django.request][log.py:230][WARNING][Not Found: /favicon.ico]
[2021-07-14 14:47:45,099][MainThread:22220][task_id:django.utils.autoreload][autoreload.py:251][INFO][D:\zhouzhi\gitlit_code\logistic_tracking_system\logistic_tracking_system\lts\views.py changed, reloading.]
[2021-07-14 14:47:46,158][MainThread:15736][task_id:django.utils.autoreload][autoreload.py:637][INFO][Watching for file changes with StatReloader]
[2021-07-14 14:48:51,848][MainThread:15736][task_id:django.utils.autoreload][autoreload.py:251][INFO][D:\zhouzhi\gitlit_code\logistic_tracking_system\logistic_tracking_system\lts\views.py changed, reloading.]
[2021-07-14 14:48:52,894][MainThread:20112][task_id:django.utils.autoreload][autoreload.py:637][INFO][Watching for file changes with StatReloader]
[2021-07-14 14:54:55,703][MainThread:20112][task_id:django.utils.autoreload][autoreload.py:251][INFO][D:\zhouzhi\gitlit_code\logistic_tracking_system\logistic_tracking_system\lts\views.py changed, reloading.]
[2021-07-14 14:54:56,719][MainThread:22200][task_id:django.utils.autoreload][autoreload.py:637][INFO][Watching for file changes with StatReloader]
[2021-07-14 15:00:02,806][MainThread:22200][task_id:django.utils.autoreload][autoreload.py:251][INFO][D:\zhouzhi\gitlit_code\logistic_tracking_system\logistic_tracking_system\lts\views.py changed, reloading.]
[2021-07-14 15:00:03,824][MainThread:21800][task_id:django.utils.autoreload][autoreload.py:637][INFO][Watching for file changes with StatReloader]
[2021-07-14 15:01:53,042][MainThread:21800][task_id:django.utils.autoreload][autoreload.py:251][INFO][D:\zhouzhi\gitlit_code\logistic_tracking_system\logistic_tracking_system\lts\views.py changed, reloading.]
[2021-07-14 15:01:54,093][MainThread:20728][task_id:django.utils.autoreload][autoreload.py:637][INFO][Watching for file changes with StatReloader]
[2021-07-14 15:02:18,517][MainThread:20728][task_id:django.utils.autoreload][autoreload.py:251][INFO][D:\zhouzhi\gitlit_code\logistic_tracking_system\logistic_tracking_system\lts\views.py changed, reloading.]
[2021-07-14 15:02:19,634][MainThread:22096][task_id:django.utils.autoreload][autoreload.py:637][INFO][Watching for file changes with StatReloader]
[2021-07-14 15:10:24,810][MainThread:22096][task_id:django.utils.autoreload][autoreload.py:251][INFO][D:\zhouzhi\gitlit_code\logistic_tracking_system\logistic_tracking_system\lts\views.py changed, reloading.]
[2021-07-14 15:10:25,828][MainThread:18324][task_id:django.utils.autoreload][autoreload.py:637][INFO][Watching for file changes with StatReloader]
[2021-07-14 15:10:52,485][MainThread:18324][task_id:django.utils.autoreload][autoreload.py:251][INFO][D:\zhouzhi\gitlit_code\logistic_tracking_system\logistic_tracking_system\lts\views.py changed, reloading.]
[2021-07-14 15:10:53,491][MainThread:11056][task_id:django.utils.autoreload][autoreload.py:637][INFO][Watching for file changes with StatReloader]
[2021-07-14 15:11:55,818][MainThread:11056][task_id:django.utils.autoreload][autoreload.py:251][INFO][D:\zhouzhi\gitlit_code\logistic_tracking_system\logistic_tracking_system\lts\views.py changed, reloading.]
[2021-07-14 15:11:56,824][MainThread:11004][task_id:django.utils.autoreload][autoreload.py:637][INFO][Watching for file changes with StatReloader]
[2021-07-14 15:13:56,218][MainThread:11004][task_id:django.utils.autoreload][autoreload.py:251][INFO][D:\zhouzhi\gitlit_code\logistic_tracking_system\logistic_tracking_system\lts\views.py changed, reloading.]
[2021-07-14 15:13:57,242][MainThread:19820][task_id:django.utils.autoreload][autoreload.py:637][INFO][Watching for file changes with StatReloader]
[2021-07-14 15:15:27,612][Thread-3:15332][task_id:lts.views][views.py:3502][ERROR][修改失败---->(1064, "You have an error in your SQL syntax; check the manual that corresponds to your MySQL server version for the right syntax to use near ')  = 'Im_Matter_2', matter_count = '5' \n                                      wh' at line 1")]
[2021-07-14 15:15:48,834][MainThread:19820][task_id:django.utils.autoreload][autoreload.py:251][INFO][D:\zhouzhi\gitlit_code\logistic_tracking_system\logistic_tracking_system\lts\views.py changed, reloading.]
[2021-07-14 15:15:49,853][MainThread:21708][task_id:django.utils.autoreload][autoreload.py:637][INFO][Watching for file changes with StatReloader]
[2021-07-14 15:15:55,861][MainThread:21708][task_id:django.utils.autoreload][autoreload.py:251][INFO][D:\zhouzhi\gitlit_code\logistic_tracking_system\logistic_tracking_system\lts\views.py changed, reloading.]
[2021-07-14 15:15:56,863][MainThread:21844][task_id:django.utils.autoreload][autoreload.py:637][INFO][Watching for file changes with StatReloader]
[2021-07-14 15:16:02,726][MainThread:21844][task_id:django.utils.autoreload][autoreload.py:251][INFO][D:\zhouzhi\gitlit_code\logistic_tracking_system\logistic_tracking_system\lts\views.py changed, reloading.]
[2021-07-14 15:16:03,731][MainThread:6224][task_id:django.utils.autoreload][autoreload.py:637][INFO][Watching for file changes with StatReloader]
[2021-07-14 15:16:12,154][MainThread:6224][task_id:django.utils.autoreload][autoreload.py:251][INFO][D:\zhouzhi\gitlit_code\logistic_tracking_system\logistic_tracking_system\lts\views.py changed, reloading.]
[2021-07-14 15:16:13,151][MainThread:20460][task_id:django.utils.autoreload][autoreload.py:637][INFO][Watching for file changes with StatReloader]
[2021-07-14 15:18:03,714][MainThread:20460][task_id:django.utils.autoreload][autoreload.py:251][INFO][D:\zhouzhi\gitlit_code\logistic_tracking_system\logistic_tracking_system\lts\views.py changed, reloading.]
[2021-07-14 15:18:04,727][MainThread:13340][task_id:django.utils.autoreload][autoreload.py:637][INFO][Watching for file changes with StatReloader]
[2021-07-14 15:18:12,911][Thread-3:22524][task_id:lts.views][views.py:3500][ERROR][修改失败---->must be str, not int]
[2021-07-14 15:19:09,590][MainThread:13340][task_id:django.utils.autoreload][autoreload.py:251][INFO][D:\zhouzhi\gitlit_code\logistic_tracking_system\logistic_tracking_system\lts\views.py changed, reloading.]
[2021-07-14 15:19:10,634][MainThread:22340][task_id:django.utils.autoreload][autoreload.py:637][INFO][Watching for file changes with StatReloader]
[2021-07-14 15:19:53,454][Thread-1:15184][task_id:lts.views][views.py:3501][ERROR][修改失败---->must be str, not int]
[2021-07-14 15:20:20,021][MainThread:22340][task_id:django.utils.autoreload][autoreload.py:251][INFO][D:\zhouzhi\gitlit_code\logistic_tracking_system\logistic_tracking_system\lts\views.py changed, reloading.]
[2021-07-14 15:20:21,005][MainThread:22220][task_id:django.utils.autoreload][autoreload.py:637][INFO][Watching for file changes with StatReloader]
[2021-07-14 15:20:32,661][Thread-1:21400][task_id:lts.views][views.py:3501][ERROR][修改失败---->unsupported operand type(s) for +: 'NoneType' and 'int']
[2021-07-14 15:21:30,428][MainThread:22220][task_id:django.utils.autoreload][autoreload.py:251][INFO][D:\zhouzhi\gitlit_code\logistic_tracking_system\logistic_tracking_system\lts\views.py changed, reloading.]
[2021-07-14 15:21:31,432][MainThread:21796][task_id:django.utils.autoreload][autoreload.py:637][INFO][Watching for file changes with StatReloader]
[2021-07-14 15:22:52,321][Thread-2:10648][task_id:lts.views][views.py:3501][ERROR][修改失败---->unsupported operand type(s) for +: 'NoneType' and 'int']
[2021-07-14 15:23:33,095][Thread-2:10648][task_id:lts.views][views.py:2165][ERROR][修改失败---->'bom_matter_code']
[2021-07-14 15:24:07,804][Thread-2:10648][task_id:lts.views][views.py:2165][ERROR][修改失败---->'bom_matter_code']
[2021-07-14 15:24:56,987][MainThread:21796][task_id:django.utils.autoreload][autoreload.py:251][INFO][D:\zhouzhi\gitlit_code\logistic_tracking_system\logistic_tracking_system\lts\views.py changed, reloading.]
[2021-07-14 15:24:57,981][MainThread:15332][task_id:django.utils.autoreload][autoreload.py:637][INFO][Watching for file changes with StatReloader]
[2021-07-14 15:25:12,175][Thread-1:18756][task_id:lts.views][views.py:3502][ERROR][修改失败---->unsupported operand type(s) for +: 'NoneType' and 'int']
[2021-07-14 15:25:43,169][MainThread:15332][task_id:django.utils.autoreload][autoreload.py:251][INFO][D:\zhouzhi\gitlit_code\logistic_tracking_system\logistic_tracking_system\lts\views.py changed, reloading.]
[2021-07-14 15:25:44,179][MainThread:22468][task_id:django.utils.autoreload][autoreload.py:637][INFO][Watching for file changes with StatReloader]
[2021-07-14 15:25:50,672][Thread-1:3460][task_id:lts.views][views.py:3502][ERROR][修改失败---->unsupported operand type(s) for +: 'NoneType' and 'int']
[2021-07-14 15:26:00,590][Thread-2:19512][task_id:lts.views][views.py:2227][INFO][修改产品列表或者物料表成功]
[2021-07-14 15:26:08,020][Thread-2:19512][task_id:lts.views][views.py:2165][ERROR][修改失败---->'bom_matter_code']
[2021-07-14 15:26:12,051][Thread-1:3460][task_id:lts.views][views.py:3502][ERROR][修改失败---->unsupported operand type(s) for +: 'NoneType' and 'int']
[2021-07-14 15:26:31,620][Thread-1:3460][task_id:lts.views][views.py:3502][ERROR][修改失败---->unsupported operand type(s) for +: 'NoneType' and 'int']
[2021-07-14 15:27:19,952][MainThread:22468][task_id:django.utils.autoreload][autoreload.py:251][INFO][D:\zhouzhi\gitlit_code\logistic_tracking_system\logistic_tracking_system\lts\views.py changed, reloading.]
[2021-07-14 15:27:21,021][MainThread:15344][task_id:django.utils.autoreload][autoreload.py:637][INFO][Watching for file changes with StatReloader]
[2021-07-14 15:27:22,514][Thread-1:1380][task_id:lts.views][views.py:3503][ERROR][修改失败---->unsupported operand type(s) for +: 'NoneType' and 'int']
[2021-07-14 15:28:09,289][MainThread:15344][task_id:django.utils.autoreload][autoreload.py:251][INFO][D:\zhouzhi\gitlit_code\logistic_tracking_system\logistic_tracking_system\lts\views.py changed, reloading.]
[2021-07-14 15:28:10,308][MainThread:21700][task_id:django.utils.autoreload][autoreload.py:637][INFO][Watching for file changes with StatReloader]
[2021-07-14 15:28:11,456][Thread-1:18352][task_id:lts.views][views.py:3503][ERROR][修改失败---->'str' object has no attribute 'get']
[2021-07-14 15:28:45,847][Thread-1:18352][task_id:lts.views][views.py:3503][ERROR][修改失败---->(1054, "Unknown column 'sql_num' in 'field list'")]
[2021-07-14 15:30:33,831][MainThread:21700][task_id:django.utils.autoreload][autoreload.py:251][INFO][D:\zhouzhi\gitlit_code\logistic_tracking_system\logistic_tracking_system\lts\views.py changed, reloading.]
[2021-07-14 15:30:34,858][MainThread:21116][task_id:django.utils.autoreload][autoreload.py:637][INFO][Watching for file changes with StatReloader]
[2021-07-14 15:32:30,912][MainThread:21116][task_id:django.utils.autoreload][autoreload.py:251][INFO][D:\zhouzhi\gitlit_code\logistic_tracking_system\logistic_tracking_system\lts\views.py changed, reloading.]
[2021-07-14 15:32:31,916][MainThread:22200][task_id:django.utils.autoreload][autoreload.py:637][INFO][Watching for file changes with StatReloader]
[2021-07-14 15:33:24,698][Thread-1:1428][task_id:lts.views][views.py:3551][INFO][删除产品列表或者物料表成功]
[2021-07-14 15:34:46,471][MainThread:22200][task_id:django.utils.autoreload][autoreload.py:251][INFO][D:\zhouzhi\gitlit_code\logistic_tracking_system\logistic_tracking_system\lts\views.py changed, reloading.]
[2021-07-14 15:34:47,514][MainThread:9096][task_id:django.utils.autoreload][autoreload.py:637][INFO][Watching for file changes with StatReloader]
[2021-07-14 15:35:04,294][Thread-1:22484][task_id:lts.views][views.py:2165][ERROR][修改失败---->'bom_matter_code']
[2021-07-14 15:36:55,539][Thread-2:3472][task_id:lts.views][views.py:2227][INFO][修改产品列表或者物料表成功]
[2021-07-14 15:39:32,223][Thread-3:9068][task_id:lts.views][views.py:3551][INFO][删除产品列表或者物料表成功]
[2021-07-14 15:39:33,661][Thread-3:9068][task_id:lts.views][views.py:3551][INFO][删除产品列表或者物料表成功]
[2021-07-14 15:46:23,466][Thread-4:22464][task_id:lts.views][views.py:2165][ERROR][修改失败---->'bom_matter_code']
[2021-07-14 15:48:28,562][MainThread:9096][task_id:django.utils.autoreload][autoreload.py:251][INFO][D:\zhouzhi\gitlit_code\logistic_tracking_system\logistic_tracking_system\lts\views.py changed, reloading.]
[2021-07-14 15:48:29,622][MainThread:21628][task_id:django.utils.autoreload][autoreload.py:637][INFO][Watching for file changes with StatReloader]
[2021-07-14 15:50:14,401][MainThread:21628][task_id:django.utils.autoreload][autoreload.py:251][INFO][D:\zhouzhi\gitlit_code\logistic_tracking_system\logistic_tracking_system\lts\views.py changed, reloading.]
[2021-07-14 15:50:15,403][MainThread:10536][task_id:django.utils.autoreload][autoreload.py:637][INFO][Watching for file changes with StatReloader]
[2021-07-14 15:54:04,508][MainThread:10536][task_id:django.utils.autoreload][autoreload.py:251][INFO][D:\zhouzhi\gitlit_code\logistic_tracking_system\logistic_tracking_system\lts\views.py changed, reloading.]
[2021-07-14 15:54:05,530][MainThread:21780][task_id:django.utils.autoreload][autoreload.py:637][INFO][Watching for file changes with StatReloader]
[2021-07-14 15:54:11,309][MainThread:21780][task_id:django.utils.autoreload][autoreload.py:251][INFO][D:\zhouzhi\gitlit_code\logistic_tracking_system\logistic_tracking_system\lts\views.py changed, reloading.]
[2021-07-14 15:54:12,320][MainThread:21112][task_id:django.utils.autoreload][autoreload.py:637][INFO][Watching for file changes with StatReloader]
[2021-07-14 15:54:20,632][MainThread:21112][task_id:django.utils.autoreload][autoreload.py:251][INFO][D:\zhouzhi\gitlit_code\logistic_tracking_system\logistic_tracking_system\lts\views.py changed, reloading.]
[2021-07-14 15:54:21,655][MainThread:14988][task_id:django.utils.autoreload][autoreload.py:637][INFO][Watching for file changes with StatReloader]
[2021-07-14 15:54:29,609][MainThread:14988][task_id:django.utils.autoreload][autoreload.py:251][INFO][D:\zhouzhi\gitlit_code\logistic_tracking_system\logistic_tracking_system\lts\views.py changed, reloading.]
[2021-07-14 15:54:30,623][MainThread:11776][task_id:django.utils.autoreload][autoreload.py:637][INFO][Watching for file changes with StatReloader]
[2021-07-14 15:56:46,131][MainThread:11776][task_id:django.utils.autoreload][autoreload.py:251][INFO][D:\zhouzhi\gitlit_code\logistic_tracking_system\logistic_tracking_system\lts\views.py changed, reloading.]
[2021-07-14 15:56:47,139][MainThread:15276][task_id:django.utils.autoreload][autoreload.py:637][INFO][Watching for file changes with StatReloader]
[2021-07-14 16:16:09,806][MainThread:15276][task_id:django.utils.autoreload][autoreload.py:251][INFO][D:\zhouzhi\gitlit_code\logistic_tracking_system\logistic_tracking_system\lts\views.py changed, reloading.]
[2021-07-14 16:16:10,895][MainThread:21048][task_id:django.utils.autoreload][autoreload.py:637][INFO][Watching for file changes with StatReloader]
[2021-07-14 16:17:29,702][MainThread:21048][task_id:django.utils.autoreload][autoreload.py:251][INFO][D:\zhouzhi\gitlit_code\logistic_tracking_system\logistic_tracking_system\lts\views.py changed, reloading.]
[2021-07-14 16:17:30,760][MainThread:17308][task_id:django.utils.autoreload][autoreload.py:637][INFO][Watching for file changes with StatReloader]
[2021-07-14 16:19:00,138][Thread-1:20172][task_id:lts.views][views.py:2196][ERROR][修改失败---->'bom_matter_code']
[2021-07-14 16:21:35,555][MainThread:17308][task_id:django.utils.autoreload][autoreload.py:251][INFO][D:\zhouzhi\gitlit_code\logistic_tracking_system\logistic_tracking_system\lts\views.py changed, reloading.]
[2021-07-14 16:21:36,598][MainThread:21672][task_id:django.utils.autoreload][autoreload.py:637][INFO][Watching for file changes with StatReloader]
[2021-07-14 16:23:47,023][MainThread:21672][task_id:django.utils.autoreload][autoreload.py:251][INFO][D:\zhouzhi\gitlit_code\logistic_tracking_system\logistic_tracking_system\lts\views.py changed, reloading.]
[2021-07-14 16:23:48,028][MainThread:20176][task_id:django.utils.autoreload][autoreload.py:637][INFO][Watching for file changes with StatReloader]
[2021-07-14 16:27:33,124][MainThread:20176][task_id:django.utils.autoreload][autoreload.py:251][INFO][D:\zhouzhi\gitlit_code\logistic_tracking_system\logistic_tracking_system\lts\views.py changed, reloading.]
[2021-07-14 16:27:34,154][MainThread:15172][task_id:django.utils.autoreload][autoreload.py:637][INFO][Watching for file changes with StatReloader]
[2021-07-14 16:27:45,451][Thread-1:20108][task_id:lts.views][views.py:2271][INFO][修改产品列表或者物料表成功]
[2021-07-14 16:28:02,591][Thread-1:20108][task_id:lts.views][views.py:2209][ERROR][修改失败---->execute_sql() missing 1 required positional argument: 'sql']
[2021-07-14 16:28:57,565][MainThread:15172][task_id:django.utils.autoreload][autoreload.py:251][INFO][D:\zhouzhi\gitlit_code\logistic_tracking_system\logistic_tracking_system\lts\views.py changed, reloading.]
[2021-07-14 16:28:58,702][MainThread:15184][task_id:django.utils.autoreload][autoreload.py:637][INFO][Watching for file changes with StatReloader]
[2021-07-14 16:31:18,270][Thread-2:20408][task_id:lts.views][views.py:2079][INFO][创建产品详情表成功]
[2021-07-14 16:35:56,264][Thread-3:4744][task_id:lts.views][views.py:2271][INFO][修改产品列表或者物料表成功]
[2021-07-15 08:35:40,745][MainThread:15184][task_id:django.utils.autoreload][autoreload.py:251][INFO][D:\zhouzhi\gitlit_code\logistic_tracking_system\logistic_tracking_system\lts\views.py changed, reloading.]
